

<!DOCTYPE html>
<html>
<head>
<meta charset="UTF-8">
<meta name="viewport" content="width=device-width, initial-scale=1, shrink-to-fit=no">
<title>Extent Report</title>
<link rel="apple-touch-icon" href="https://cdn.jsdelivr.net/gh/extent-framework/extent-github-cdn@b00a2d0486596e73dd7326beacf352c639623a0e/commons/img/logo.png">
<link rel="shortcut icon" href="https://cdn.jsdelivr.net/gh/extent-framework/extent-github-cdn@b00a2d0486596e73dd7326beacf352c639623a0e/commons/img/logo.png">
<link href="https://cdn.jsdelivr.net/gh/extent-framework/extent-github-cdn@d6562a79075e061305ccfdb82f01e5e195e2d307/spark/css/spark-style.css" rel="stylesheet" />
<link href="https://stackpath.bootstrapcdn.com/font-awesome/4.7.0/css/font-awesome.min.css" rel="stylesheet">
<script src="https://cdn.jsdelivr.net/gh/extent-framework/extent-github-cdn@7cc78ce/spark/js/jsontree.js"></script>
<style type="text/css"></style></head><body class="spa bdd-report dark">
  <div class="app">
    <div class="layout">
<div class="header navbar">
<div class="vheader">
<div class="nav-logo">
<a href="#">
<div class="logo" style="background-image: url('https://cdn.jsdelivr.net/gh/extent-framework/extent-github-cdn@b00a2d0486596e73dd7326beacf352c639623a0e/commons/img/logo.png')"></div>
</a>
</div>
<ul class="nav-left">
<li class="search-box">
<a class="search-toggle" href="#">
<i class="search-icon fa fa-search"></i>
<i class="search-icon-close fa fa-close"></i>
</a>
</li>
<li class="search-input"><input id="search-tests" class="form-control" type="text" placeholder="Search..."></li>
</ul>
<ul class="nav-right">
<li class="m-r-10">
<a href="#"><span class="badge badge-primary">Tutorial Ninja Demo Report</span></a>
</li>
<li class="m-r-10">
<a href="#"><span class="badge badge-primary">Dec 18, 2023 12:59:33 pm</span></a>
</li>
</ul>
</div>
</div><div class="side-nav">
<div class="side-nav-inner">
<ul class="side-nav-menu">
<li class="nav-item dropdown" onclick="toggleView('dashboard-view')">
<a id="nav-dashboard" class="dropdown-toggle" href="#">
<span class="ico"><i class="fa fa-bar-chart"></i></span>
</a>
</li>
<li class="nav-item dropdown" onclick="toggleView('test-view')">
<a id="nav-test" class="dropdown-toggle" href="#">
<span class="ico"><i class="fa fa-list"></i></span>
</a>
</li>
<li class="nav-item dropdown" onclick="toggleView('category-view')">
<a id="nav-category" class="dropdown-toggle" href="#">
<span class="ico"><i class="fa fa-tag"></i></span>
</a>
</li>
<li class="nav-item dropdown" onclick="toggleView('exception-view')">
<a id="nav-exception" class="dropdown-toggle" href="#">
<span class="ico"><i class="fa fa-bug"></i></span>
</a>
</li>
</ul>
</div>
</div>      <div class="vcontainer">
        <div class="main-content">
<div class="container-fluid p-4 view dashboard-view">
<div class="row">
<div class="col-md-3">
<div class="card"><div class="card-body">
<p class="m-b-0">Started</p>
<h3>Dec 18, 2023 12:59:33 pm</h3>
</div></div>
</div>
<div class="col-md-3">
<div class="card"><div class="card-body">
<p class="m-b-0">Ended</p>
<h3>Dec 18, 2023 01:04:02 pm</h3>
</div></div>
</div>
<div class="col-md-3">
<div class="card"><div class="card-body">
<p class="m-b-0 text-pass">Features Passed</p>
<h3>2</h3>
</div></div>
</div>
<div class="col-md-3">
<div class="card"><div class="card-body">
<p class="m-b-0 text-fail">Features Failed</p>
<h3>3</h3>
</div></div>
</div>
</div>
<div class="row">
<div class="col-md-4">
<div class="card">
<div class="card-header">
<h6 class="card-title">Features</h6>
</div>
<div class="card-body">
<div class="">
<canvas id='parent-analysis' width='115' height='90'></canvas>
</div>
</div>
<div class="card-footer">
<div><small data-tooltip='40%'>
<b>2</b> features passed
</small>
</div>
<div>
<small data-tooltip='60%'><b>3</b> features failed,
<b>0</b> skipped, <b data-tooltip='0%'>0</b> others
</small>
</div>
</div>
</div>
</div>
<div class="col-md-4">
<div class="card">
<div class="card-header">
<h6 class="card-title">Scenarios</h6>
</div>
<div class="card-body">
<div class="">
<canvas id='child-analysis' width='115' height='90'></canvas>
</div>
</div>
<div class="card-footer">
<div><small data-tooltip='42%'><b>6</b> scenarios passed</small></div>
<div>
<small data-tooltip='57%'><b>8</b> scenarios failed,
<b>0</b> skipped, <b data-tooltip='%'>0</b> others
</small>
</div>
</div>
</div>
</div>
<div class="col-md-4">
<div class="card">
<div class="card-header">
<h6 class="card-title">Steps</h6>
</div>
<div class="card-body">
<div class="">
<canvas id='grandchild-analysis' width='115' height='90'></canvas>
</div>
</div>
<div class="card-footer">
<div><small data-tooltip='50%'><b>85</b> steps passed</small></div>
<div>
<small data-tooltip='5%'><b>10</b> steps failed,
<b>73</b> skipped, <b data-tooltip='%'>0</b> others
</small>
</div>
</div>
</div>
</div>
</div>
<div class="row"><div class="col-md-12">
<div class="card"><div class="card-header"><p>Timeline</p></div>
<div class="card-body pt-0"><div>
<canvas id="timeline" height="120"></canvas>
</div></div>
</div>
</div></div>
<script>
var timeline = {
"Desktops Page Test Feature":123.845,"Laptops And Notebooks Page Test Feature":18.838,"MyAccount Login Page Test Feature":52.497,"MyAccount Register Page Test Feature":38.176,"TopMenu Test Feature":35.173
};
</script>
<div class="row">
<div class="col-lg-6 col-md-12 category-container">
<div class="card">
<div class="card-header"><p>Tags</p></div>
<div class="card-body pb-0 pt-0"><table class="table table-sm table-bordered">
<thead><tr class="bg-gray"><th>Name</th><th>Passed</th><th>Failed</th><th>Skipped</th><th>Others</th><th>Passed %</th></tr></thead><tbody>
<tr>
<td>@Sanity</td>
<td>4</td>
<td>1</td>
<td>0</td>
<td>0</td>
<td>80%</td>
</tr>
<tr>
<td>@Regression</td>
<td>6</td>
<td>8</td>
<td>0</td>
<td>0</td>
<td>42.857%</td>
</tr>
<tr>
<td>@Smoke</td>
<td>6</td>
<td>8</td>
<td>0</td>
<td>0</td>
<td>42.857%</td>
</tr>
<tr>
<td>@Asha</td>
<td>6</td>
<td>8</td>
<td>0</td>
<td>0</td>
<td>42.857%</td>
</tr>
</tbody>
</table></div>
</div>
</div>
<div class="col-lg-6 col-md-12 sysenv-container">
<div class="card">
<div class="card-header"><p>System/Environment</p></div>
<div class="card-body pb-0 pt-0"><table class="table table-sm table-bordered">
<thead><tr class="bg-gray"><th>Name</th><th>Value</th></tr></thead>
<tbody>
<tr>
<td>Engineer</td>
<td>Jay Vaghani</td>
</tr>
<tr>
<td>Project</td>
<td>Nop commerce</td>
</tr>
<tr>
<td>os</td>
<td>Windows</td>
</tr>
</tbody>
</table></div>
</div>
</div>
</div>
</div>
<script>
var statusGroup = {
parentCount: 5,
passParent: 2,
failParent: 3,
warningParent: 0,
skipParent: 0,
childCount: 5,
passChild: 6,
failChild: 8,
warningChild: 0,
skipChild: 0,
infoChild: 0,
grandChildCount: 5,
passGrandChild: 85,
failGrandChild: 10,
warningGrandChild: 0,
skipGrandChild: 73,
infoGrandChild: 0,
eventsCount: 5,
};
</script><div class="test-wrapper row view test-view">
  <div class="test-list">
    <div class="test-list-tools">
<ul class="tools pull-left">
<li><a href="#"><span class="font-size-14">Tests</span></a></li>
</ul>
<ul class="tools text-right">
<li class="dropdown">
<a href="#" class="dropdown-toggle" data-toggle="dropdown"><i class="fa fa-exclamation-circle"></i></a>
<ul id="status-toggle" class="dropdown-menu dropdown-md p-v-0">
<a class="dropdown-item" status="pass" href="#"><span>Pass</span><span class="status success"></span></a>
<a class="dropdown-item" status="fail" href="#"><span>Fail</span><span class="status danger"></span></a>
<div class="dropdown-divider"></div>
<a status="clear" class="dropdown-item" href="#"><span>Clear</span><span class="pull-right"><i class="fa fa-close"></i></span></a>
</ul>
</li>
<li class="dropdown">
<a href="#" class="dropdown-toggle" data-toggle="dropdown"><i class="fa fa-tag"></i></a>
<ul id="tag-toggle" class="dropdown-menu dropdown-md p-v-0">
<a class="dropdown-item" href="#">@Sanity</a><a class="dropdown-item" href="#">@Regression</a><a class="dropdown-item" href="#">@Smoke</a><a class="dropdown-item" href="#">@Asha</a>
</ul>
</li>
</ul>
</div>    <div class="test-list-wrapper scrollable">
      <ul class="test-list-item">
        <li class="test-item"  status="fail" test-id="1"
          author=""
          tag=""
          device="">
          <div class="test-detail">
            <p class="name">Desktops Page Test Feature</p>
            <p class="text-sm">
              <span>12:59:34</span> / <span>00:02:03:845</span>
              <span class="badge fail-bg log float-right">Fail</span>
            </p>
          </div>
          <div class="test-contents d-none">
<div class="detail-head">
<div class="p-v-10">
<div class="info">
<h5 class="test-status text-fail">Desktops Page Test Feature</h5>
<span class='badge badge-success'>12.18.2023 12:59:34</span>
<span class='badge badge-danger'>12.18.2023 13:01:38</span>
<span class='badge badge-default'>00:02:03:845</span>
&middot; <span class='uri-anchor badge badge-default'>#test-id=1</span>
<span class='badge badge-default pointer float-right ml-1 et'><i class="fa fa-chevron-down"></i></span>
<span class='badge badge-default pointer float-right ct'><i class="fa fa-chevron-up"></i></span>
</div>
<div class="m-t-10 m-l-5"></div>
</div>
</div>
<div class="accordion mt-4">
  <div class="card">
    <div class="card-header" role="tab">
      <div class="card-title">
        <div class="node" id="2"><span class="badge log pass-bg mr-2">Pass</span>Verify Product Arrange In Alphabetical Order</div>
      </div>
    </div>
        <div class="collapse">
          <div class="card-body">
              <div class="step pass-bg" title="com.tutorialninja.demo.steps.TopMenuTestSteps.userMouseHoverOnCurrencyDropdownAndClickOnIt()">
                <span>When user mouse hover on Currency Dropdown and click on it</span>
      <div>
      </div>
              </div>
              <div class="step pass-bg" title="com.tutorialninja.demo.steps.TopMenuTestSteps.userMouseHoverOn£PoundSterlingAndClickOnIt()">
                <span>And User mouse hover on £Pound Sterling and click on it</span>
      <div>
      </div>
              </div>
              <div class="step pass-bg" title="com.tutorialninja.demo.steps.TopMenuTestSteps.userMouseHoverOnDesktopsTabAndClickOnIt()">
                <span>When User mouse hover on Desktops tab and click on it</span>
      <div>
      </div>
              </div>
              <div class="step pass-bg" title="com.tutorialninja.demo.steps.TopMenuTestSteps.userClickOnShowAllDesktopsOption()">
                <span>And User click on Show All Desktops Option</span>
      <div>
      </div>
              </div>
              <div class="step pass-bg" title="com.tutorialninja.demo.steps.DesktopsPageTestSteps.userClickOnSortByPositionNameZToA()">
                <span>And User click on sort By Position Name: Z to A</span>
      <div>
      </div>
              </div>
              <div class="step pass-bg" title="com.tutorialninja.demo.steps.DesktopsPageTestSteps.userShouldSeeProductsAreArrangedInDescendingOrder()">
                <span>Then User should see products are arranged in Descending order</span>
      <div>
      </div>
              </div>
          </div>
        </div>
  </div>
  <div class="card">
    <div class="card-header" role="tab">
      <div class="card-title">
        <div class="node" id="11"><span class="badge log fail-bg mr-2">Fail</span>Verify Product Added To Shopping Cart SuccessFully</div>
          <div class="status-avatar float-right mr-4">
            <i class="fa fa-paperclip"></i>
          </div>
      </div>
    </div>
        <div class="scenario_outline ">
            <div class="card-body l1">
              <div class="card-header">
                <div class="card-title outline-child">
                  <div class="node" id="12"><span class="badge log fail-bg mr-2">Fail</span>Verify Product Added To Shopping Cart SuccessFully</div>
                    <div class="status-avatar float-right">
                      <i class="fa fa-paperclip"></i>
                    </div>
                </div>
              </div>
              <div class="card-body mt-3 ">
                  <div class="step pass-bg">
                    <span>When user mouse hover on Currency Dropdown and click on it</span>
      <div>
      </div>
                  </div>
                  <div class="step pass-bg">
                    <span>And User mouse hover on £Pound Sterling and click on it</span>
      <div>
      </div>
                  </div>
                  <div class="step pass-bg">
                    <span>When User mouse hover on Desktops tab and click on it</span>
      <div>
      </div>
                  </div>
                  <div class="step pass-bg">
                    <span>And User click on Show All Desktops Option</span>
      <div>
      </div>
                  </div>
                  <div class="step pass-bg">
                    <span>And User click on sort By Position Name: A to Z</span>
      <div>
      </div>
                  </div>
                  <div class="step pass-bg">
                    <span>And User select the product "HTC Touch HD"</span>
      <div>
      </div>
                  </div>
                  <div class="step fail-bg">
                    <span>Then User should navigate to the product page and see text for the product's name</span>
      <div>
        <textarea disabled class="code-block">io.cucumber.core.exception.CucumberException: Step [User should navigate to the product page and see text for the product's name] is defined with 1 parameters at 'com.tutorialninja.demo.steps.ProductPageTestSteps.userShouldNavigateToTheProductPageAndSeeTextForTheProductSName(java.lang.String)'.
However, the gherkin step has 0 arguments.
Step text: User should navigate to the product page and see text for the product's name
	at io.cucumber.core.runner.PickleStepDefinitionMatch.arityMismatch(PickleStepDefinitionMatch.java:83)
	at io.cucumber.core.runner.PickleStepDefinitionMatch.runStep(PickleStepDefinitionMatch.java:42)
	at io.cucumber.core.runner.ExecutionMode$1.execute(ExecutionMode.java:10)
	at io.cucumber.core.runner.TestStep.executeStep(TestStep.java:84)
	at io.cucumber.core.runner.TestStep.run(TestStep.java:56)
	at io.cucumber.core.runner.PickleStepTestStep.run(PickleStepTestStep.java:51)
	at io.cucumber.core.runner.TestCase.run(TestCase.java:84)
	at io.cucumber.core.runner.Runner.runPickle(Runner.java:75)
	at io.cucumber.testng.TestNGCucumberRunner.lambda$runScenario$1(TestNGCucumberRunner.java:132)
	at io.cucumber.core.runtime.CucumberExecutionContext.lambda$runTestCase$5(CucumberExecutionContext.java:137)
	at io.cucumber.core.runtime.RethrowingThrowableCollector.executeAndThrow(RethrowingThrowableCollector.java:23)
	at io.cucumber.core.runtime.CucumberExecutionContext.runTestCase(CucumberExecutionContext.java:137)
	at io.cucumber.testng.TestNGCucumberRunner.runScenario(TestNGCucumberRunner.java:129)
	at io.cucumber.testng.AbstractTestNGCucumberTests.runScenario(AbstractTestNGCucumberTests.java:35)
	at java.base/jdk.internal.reflect.NativeMethodAccessorImpl.invoke0(Native Method)
	at java.base/jdk.internal.reflect.NativeMethodAccessorImpl.invoke(NativeMethodAccessorImpl.java:77)
	at java.base/jdk.internal.reflect.DelegatingMethodAccessorImpl.invoke(DelegatingMethodAccessorImpl.java:43)
	at java.base/java.lang.reflect.Method.invoke(Method.java:568)
	at org.testng.internal.invokers.MethodInvocationHelper.invokeMethod(MethodInvocationHelper.java:139)
	at org.testng.internal.invokers.TestInvoker.invokeMethod(TestInvoker.java:664)
	at org.testng.internal.invokers.TestInvoker.invokeTestMethod(TestInvoker.java:227)
	at org.testng.internal.invokers.MethodRunner.runInSequence(MethodRunner.java:50)
	at org.testng.internal.invokers.TestInvoker$MethodInvocationAgent.invoke(TestInvoker.java:957)
	at org.testng.internal.invokers.TestInvoker.invokeTestMethods(TestInvoker.java:200)
	at org.testng.internal.invokers.TestMethodWorker.invokeTestMethods(TestMethodWorker.java:148)
	at org.testng.internal.invokers.TestMethodWorker.run(TestMethodWorker.java:128)
	at java.base/java.util.ArrayList.forEach(ArrayList.java:1511)
	at org.testng.TestRunner.privateRun(TestRunner.java:848)
	at org.testng.TestRunner.run(TestRunner.java:621)
	at org.testng.SuiteRunner.runTest(SuiteRunner.java:443)
	at org.testng.SuiteRunner.runSequentially(SuiteRunner.java:437)
	at org.testng.SuiteRunner.privateRun(SuiteRunner.java:397)
	at org.testng.SuiteRunner.run(SuiteRunner.java:336)
	at org.testng.SuiteRunnerWorker.runSuite(SuiteRunnerWorker.java:52)
	at org.testng.SuiteRunnerWorker.run(SuiteRunnerWorker.java:95)
	at org.testng.TestNG.runSuitesSequentially(TestNG.java:1280)
	at org.testng.TestNG.runSuitesLocally(TestNG.java:1200)
	at org.testng.TestNG.runSuites(TestNG.java:1114)
	at org.testng.TestNG.run(TestNG.java:1082)
	at com.intellij.rt.testng.IDEARemoteTestNG.run(IDEARemoteTestNG.java:66)
	at com.intellij.rt.testng.RemoteTestNGStarter.main(RemoteTestNGStarter.java:105)
</textarea>
      
      </div>
                  </div>
                  <div class="step skip-bg">
                    <span>And User enter the Qty require as "1"</span>
      <div>Step skipped
      </div>
                  </div>
                  <div class="step skip-bg">
                    <span>And User click on Add to cart button</span>
      <div>Step skipped
      </div>
                  </div>
                  <div class="step skip-bg">
                    <span>Then User should able to verify the message "Success: You have added “product” to your shopping cart!"</span>
      <div>Step skipped
      </div>
                  </div>
                  <div class="step skip-bg">
                    <span>And user click on Link Shopping Cart display into success message</span>
      <div>Step skipped
      </div>
                  </div>
                  <div class="step skip-bg">
                    <span>Then USer should able to verify the text "Shopping Cart"</span>
      <div>Step skipped
      </div>
                  </div>
                  <div class="step skip-bg">
                    <span>Then User should able to verify the product name "product"</span>
      <div>Step skipped
      </div>
                  </div>
                  <div class="step skip-bg">
                    <span>Then User should able to verify the Model "Product 1"</span>
      <div>Step skipped
      </div>
                  </div>
                  <div class="step skip-bg">
                    <span>Then User should able to verify the Total "£74.73"</span>
      <div>Step skipped
      </div>
                  </div>
                  <div class="step pass-bg">
                    <span>com.tutorialninja.demo.steps.Hooks.tearDown(io.cucumber.java.Scenario)</span>
      <div>Verify Product Added To Shopping Cart SuccessFully
          <div class="row mb-3"><div class="col-md-3">
<img data-featherlight='../screenshots/embedded1.png' src="../screenshots/embedded1.png">
    
    </div></div>
</div>
      <div>
      </div>
                  </div>
              </div>
            </div>
            <div class="card-body l1">
              <div class="card-header">
                <div class="card-title outline-child">
                  <div class="node" id="30"><span class="badge log fail-bg mr-2">Fail</span>Verify Product Added To Shopping Cart SuccessFully</div>
                </div>
              </div>
              <div class="card-body mt-3 ">
                  <div class="step fail-bg">
                    <span>When user mouse hover on Currency Dropdown and click on it</span>
      <div>
        <textarea disabled class="code-block">org.openqa.selenium.json.JsonException: java.lang.reflect.InvocationTargetException
Build info: version: '4.15.0', revision: '1d14b5521b'
System info: os.name: 'Windows 11', os.arch: 'amd64', os.version: '10.0', java.version: '17.0.8'
Driver info: org.openqa.selenium.chrome.ChromeDriver
Command: [a7b2efd63bbadeabc65fc263a9b26f0c, actions {actions=[org.openqa.selenium.interactions.Sequence@60aec68a]}]
Capabilities {acceptInsecureCerts: false, browserName: chrome, browserVersion: 120.0.6099.110, chrome: {chromedriverVersion: 120.0.6099.71 (9729082fe617..., userDataDir: C:\Users\kakad\AppData\Loca...}, fedcm:accounts: true, goog:chromeOptions: {debuggerAddress: localhost:54990}, networkConnectionEnabled: false, pageLoadStrategy: normal, platformName: windows, proxy: Proxy(), se:cdp: ws://localhost:54990/devtoo..., se:cdpVersion: 120.0.6099.110, setWindowRect: true, strictFileInteractability: false, timeouts: {implicit: 0, pageLoad: 300000, script: 30000}, unhandledPromptBehavior: dismiss and notify, webauthn:extension:credBlob: true, webauthn:extension:largeBlob: true, webauthn:extension:minPinLength: true, webauthn:extension:prf: true, webauthn:virtualAuthenticators: true}
Session ID: a7b2efd63bbadeabc65fc263a9b26f0c
	at org.openqa.selenium.json.JsonOutput.convertUsingMethod(JsonOutput.java:520)
	at org.openqa.selenium.json.JsonOutput.lambda$new$16(JsonOutput.java:182)
	at org.openqa.selenium.json.JsonOutput.write0(JsonOutput.java:409)
	at org.openqa.selenium.json.JsonOutput.lambda$new$22(JsonOutput.java:204)
	at java.base/java.util.stream.ForEachOps$ForEachOp$OfRef.accept(ForEachOps.java:183)
	at java.base/java.util.stream.ReferencePipeline$2$1.accept(ReferencePipeline.java:179)
	at java.base/java.util.Iterator.forEachRemaining(Iterator.java:133)
	at java.base/java.util.Spliterators$IteratorSpliterator.forEachRemaining(Spliterators.java:1845)
	at java.base/java.util.stream.AbstractPipeline.copyInto(AbstractPipeline.java:509)
	at java.base/java.util.stream.AbstractPipeline.wrapAndCopyInto(AbstractPipeline.java:499)
	at java.base/java.util.stream.ForEachOps$ForEachOp.evaluateSequential(ForEachOps.java:150)
	at java.base/java.util.stream.ForEachOps$ForEachOp$OfRef.evaluateSequential(ForEachOps.java:173)
	at java.base/java.util.stream.AbstractPipeline.evaluate(AbstractPipeline.java:234)
	at java.base/java.util.stream.ReferencePipeline.forEach(ReferencePipeline.java:596)
	at org.openqa.selenium.json.JsonOutput.lambda$new$23(JsonOutput.java:204)
	at org.openqa.selenium.json.JsonOutput.write0(JsonOutput.java:409)
	at org.openqa.selenium.json.JsonOutput.lambda$new$24(JsonOutput.java:222)
	at com.google.common.collect.SingletonImmutableBiMap.forEach(SingletonImmutableBiMap.java:68)
	at org.openqa.selenium.json.JsonOutput.lambda$new$25(JsonOutput.java:217)
	at org.openqa.selenium.json.JsonOutput.write0(JsonOutput.java:409)
	at org.openqa.selenium.json.JsonOutput.write(JsonOutput.java:400)
	at org.openqa.selenium.json.Json.toJson(Json.java:133)
	at org.openqa.selenium.json.Json.toJson(Json.java:119)
	at org.openqa.selenium.remote.codec.AbstractHttpCommandCodec.encode(AbstractHttpCommandCodec.java:280)
	at org.openqa.selenium.remote.codec.AbstractHttpCommandCodec.encode(AbstractHttpCommandCodec.java:130)
	at org.openqa.selenium.remote.HttpCommandExecutor.execute(HttpCommandExecutor.java:179)
	at org.openqa.selenium.remote.service.DriverCommandExecutor.invokeExecute(DriverCommandExecutor.java:200)
	at org.openqa.selenium.remote.service.DriverCommandExecutor.execute(DriverCommandExecutor.java:175)
	at org.openqa.selenium.remote.RemoteWebDriver.execute(RemoteWebDriver.java:607)
	at org.openqa.selenium.remote.RemoteWebDriver.perform(RemoteWebDriver.java:693)
	at org.openqa.selenium.interactions.Actions$BuiltAction.perform(Actions.java:598)
	at org.openqa.selenium.interactions.Actions.perform(Actions.java:567)
	at com.tutorialninja.demo.utility.Utility.mouseHoverToElementAndClick(Utility.java:331)
	at com.tutorialninja.demo.pages.HomePage.mouseHoverAndClickOnCurrencyDroDownMenu(HomePage.java:68)
	at com.tutorialninja.demo.steps.TopMenuTestSteps.userMouseHoverOnCurrencyDropdownAndClickOnIt(TopMenuTestSteps.java:15)
	at ✽.user mouse hover on Currency Dropdown and click on it(file:///C:/Users/kakad/IdeaProjects/com-tutorialninja-demo-sw-6/src/test/resources/features/DesktopsTest.feature:4)
	Suppressed: org.openqa.selenium.json.JsonException: Attempting to close incomplete json stream
Build info: version: '4.15.0', revision: '1d14b5521b'
System info: os.name: 'Windows 11', os.arch: 'amd64', os.version: '10.0', java.version: '17.0.8'
Driver info: driver.version: RemoteWebDriver
		at org.openqa.selenium.json.JsonOutput.close(JsonOutput.java:431)
		at org.openqa.selenium.json.Json.toJson(Json.java:131)
		at org.openqa.selenium.json.Json.toJson(Json.java:119)
		at org.openqa.selenium.remote.codec.AbstractHttpCommandCodec.encode(AbstractHttpCommandCodec.java:280)
		at org.openqa.selenium.remote.codec.AbstractHttpCommandCodec.encode(AbstractHttpCommandCodec.java:130)
		at org.openqa.selenium.remote.HttpCommandExecutor.execute(HttpCommandExecutor.java:179)
		at org.openqa.selenium.remote.service.DriverCommandExecutor.invokeExecute(DriverCommandExecutor.java:200)
		at org.openqa.selenium.remote.service.DriverCommandExecutor.execute(DriverCommandExecutor.java:175)
		at org.openqa.selenium.remote.RemoteWebDriver.execute(RemoteWebDriver.java:607)
		at org.openqa.selenium.remote.RemoteWebDriver.perform(RemoteWebDriver.java:693)
		at org.openqa.selenium.interactions.Actions$BuiltAction.perform(Actions.java:598)
		at org.openqa.selenium.interactions.Actions.perform(Actions.java:567)
		at com.tutorialninja.demo.utility.Utility.mouseHoverToElementAndClick(Utility.java:331)
		at com.tutorialninja.demo.pages.HomePage.mouseHoverAndClickOnCurrencyDroDownMenu(HomePage.java:68)
		at com.tutorialninja.demo.steps.TopMenuTestSteps.userMouseHoverOnCurrencyDropdownAndClickOnIt(TopMenuTestSteps.java:15)
		at java.base/jdk.internal.reflect.NativeMethodAccessorImpl.invoke0(Native Method)
		at java.base/jdk.internal.reflect.NativeMethodAccessorImpl.invoke(NativeMethodAccessorImpl.java:77)
		at java.base/jdk.internal.reflect.DelegatingMethodAccessorImpl.invoke(DelegatingMethodAccessorImpl.java:43)
		at java.base/java.lang.reflect.Method.invoke(Method.java:568)
		at io.cucumber.java.Invoker.doInvoke(Invoker.java:66)
		at io.cucumber.java.Invoker.invoke(Invoker.java:24)
		at io.cucumber.java.AbstractGlueDefinition.invokeMethod(AbstractGlueDefinition.java:47)
		at io.cucumber.java.JavaStepDefinition.execute(JavaStepDefinition.java:29)
		at io.cucumber.core.runner.CoreStepDefinition.execute(CoreStepDefinition.java:66)
		at io.cucumber.core.runner.PickleStepDefinitionMatch.runStep(PickleStepDefinitionMatch.java:63)
		at io.cucumber.core.runner.ExecutionMode$1.execute(ExecutionMode.java:10)
		at io.cucumber.core.runner.TestStep.executeStep(TestStep.java:84)
		at io.cucumber.core.runner.TestStep.run(TestStep.java:56)
		at io.cucumber.core.runner.PickleStepTestStep.run(PickleStepTestStep.java:51)
		at io.cucumber.core.runner.TestCase.run(TestCase.java:84)
		at io.cucumber.core.runner.Runner.runPickle(Runner.java:75)
		at io.cucumber.testng.TestNGCucumberRunner.lambda$runScenario$1(TestNGCucumberRunner.java:132)
		at io.cucumber.core.runtime.CucumberExecutionContext.lambda$runTestCase$5(CucumberExecutionContext.java:137)
		at io.cucumber.core.runtime.RethrowingThrowableCollector.executeAndThrow(RethrowingThrowableCollector.java:23)
		at io.cucumber.core.runtime.CucumberExecutionContext.runTestCase(CucumberExecutionContext.java:137)
		at io.cucumber.testng.TestNGCucumberRunner.runScenario(TestNGCucumberRunner.java:129)
		at io.cucumber.testng.AbstractTestNGCucumberTests.runScenario(AbstractTestNGCucumberTests.java:35)
		at java.base/jdk.internal.reflect.NativeMethodAccessorImpl.invoke0(Native Method)
		at java.base/jdk.internal.reflect.NativeMethodAccessorImpl.invoke(NativeMethodAccessorImpl.java:77)
		at java.base/jdk.internal.reflect.DelegatingMethodAccessorImpl.invoke(DelegatingMethodAccessorImpl.java:43)
		at java.base/java.lang.reflect.Method.invoke(Method.java:568)
		at org.testng.internal.invokers.MethodInvocationHelper.invokeMethod(MethodInvocationHelper.java:139)
		at org.testng.internal.invokers.TestInvoker.invokeMethod(TestInvoker.java:664)
		at org.testng.internal.invokers.TestInvoker.invokeTestMethod(TestInvoker.java:227)
		at org.testng.internal.invokers.MethodRunner.runInSequence(MethodRunner.java:50)
		at org.testng.internal.invokers.TestInvoker$MethodInvocationAgent.invoke(TestInvoker.java:957)
		at org.testng.internal.invokers.TestInvoker.invokeTestMethods(TestInvoker.java:200)
		at org.testng.internal.invokers.TestMethodWorker.invokeTestMethods(TestMethodWorker.java:148)
		at org.testng.internal.invokers.TestMethodWorker.run(TestMethodWorker.java:128)
		at java.base/java.util.ArrayList.forEach(ArrayList.java:1511)
		at org.testng.TestRunner.privateRun(TestRunner.java:848)
		at org.testng.TestRunner.run(TestRunner.java:621)
		at org.testng.SuiteRunner.runTest(SuiteRunner.java:443)
		at org.testng.SuiteRunner.runSequentially(SuiteRunner.java:437)
		at org.testng.SuiteRunner.privateRun(SuiteRunner.java:397)
		at org.testng.SuiteRunner.run(SuiteRunner.java:336)
		at org.testng.SuiteRunnerWorker.runSuite(SuiteRunnerWorker.java:52)
		at org.testng.SuiteRunnerWorker.run(SuiteRunnerWorker.java:95)
		at org.testng.TestNG.runSuitesSequentially(TestNG.java:1280)
		at org.testng.TestNG.runSuitesLocally(TestNG.java:1200)
		at org.testng.TestNG.runSuites(TestNG.java:1114)
		at org.testng.TestNG.run(TestNG.java:1082)
		at com.intellij.rt.testng.IDEARemoteTestNG.run(IDEARemoteTestNG.java:66)
		at com.intellij.rt.testng.RemoteTestNGStarter.main(RemoteTestNGStarter.java:105)
Caused by: java.lang.reflect.InvocationTargetException
	at java.base/jdk.internal.reflect.NativeMethodAccessorImpl.invoke0(Native Method)
	at java.base/jdk.internal.reflect.NativeMethodAccessorImpl.invoke(NativeMethodAccessorImpl.java:77)
	at java.base/jdk.internal.reflect.DelegatingMethodAccessorImpl.invoke(DelegatingMethodAccessorImpl.java:43)
	at java.base/java.lang.reflect.Method.invoke(Method.java:568)
	at org.openqa.selenium.json.JsonOutput.convertUsingMethod(JsonOutput.java:516)
	at org.openqa.selenium.json.JsonOutput.lambda$new$16(JsonOutput.java:182)
	at org.openqa.selenium.json.JsonOutput.write0(JsonOutput.java:409)
	at org.openqa.selenium.json.JsonOutput.lambda$new$22(JsonOutput.java:204)
	at java.base/java.util.stream.ForEachOps$ForEachOp$OfRef.accept(ForEachOps.java:183)
	at java.base/java.util.stream.ReferencePipeline$2$1.accept(ReferencePipeline.java:179)
	at java.base/java.util.Iterator.forEachRemaining(Iterator.java:133)
	at java.base/java.util.Spliterators$IteratorSpliterator.forEachRemaining(Spliterators.java:1845)
	at java.base/java.util.stream.AbstractPipeline.copyInto(AbstractPipeline.java:509)
	at java.base/java.util.stream.AbstractPipeline.wrapAndCopyInto(AbstractPipeline.java:499)
	at java.base/java.util.stream.ForEachOps$ForEachOp.evaluateSequential(ForEachOps.java:150)
	at java.base/java.util.stream.ForEachOps$ForEachOp$OfRef.evaluateSequential(ForEachOps.java:173)
	at java.base/java.util.stream.AbstractPipeline.evaluate(AbstractPipeline.java:234)
	at java.base/java.util.stream.ReferencePipeline.forEach(ReferencePipeline.java:596)
	at org.openqa.selenium.json.JsonOutput.lambda$new$23(JsonOutput.java:204)
	at org.openqa.selenium.json.JsonOutput.write0(JsonOutput.java:409)
	at org.openqa.selenium.json.JsonOutput.lambda$new$24(JsonOutput.java:222)
	at com.google.common.collect.SingletonImmutableBiMap.forEach(SingletonImmutableBiMap.java:68)
	at org.openqa.selenium.json.JsonOutput.lambda$new$25(JsonOutput.java:217)
	at org.openqa.selenium.json.JsonOutput.write0(JsonOutput.java:409)
	at org.openqa.selenium.json.JsonOutput.write(JsonOutput.java:400)
	at org.openqa.selenium.json.Json.toJson(Json.java:133)
	at org.openqa.selenium.json.Json.toJson(Json.java:119)
	at org.openqa.selenium.remote.codec.AbstractHttpCommandCodec.encode(AbstractHttpCommandCodec.java:280)
	at org.openqa.selenium.remote.codec.AbstractHttpCommandCodec.encode(AbstractHttpCommandCodec.java:130)
	at org.openqa.selenium.remote.HttpCommandExecutor.execute(HttpCommandExecutor.java:179)
	at org.openqa.selenium.remote.service.DriverCommandExecutor.invokeExecute(DriverCommandExecutor.java:200)
	at org.openqa.selenium.remote.service.DriverCommandExecutor.execute(DriverCommandExecutor.java:175)
	at org.openqa.selenium.remote.RemoteWebDriver.execute(RemoteWebDriver.java:607)
	at org.openqa.selenium.remote.RemoteWebDriver.perform(RemoteWebDriver.java:693)
	at org.openqa.selenium.interactions.Actions$BuiltAction.perform(Actions.java:598)
	at org.openqa.selenium.interactions.Actions.perform(Actions.java:567)
	at com.tutorialninja.demo.utility.Utility.mouseHoverToElementAndClick(Utility.java:331)
	at com.tutorialninja.demo.pages.HomePage.mouseHoverAndClickOnCurrencyDroDownMenu(HomePage.java:68)
	at com.tutorialninja.demo.steps.TopMenuTestSteps.userMouseHoverOnCurrencyDropdownAndClickOnIt(TopMenuTestSteps.java:15)
	at java.base/jdk.internal.reflect.NativeMethodAccessorImpl.invoke0(Native Method)
	at java.base/jdk.internal.reflect.NativeMethodAccessorImpl.invoke(NativeMethodAccessorImpl.java:77)
	at java.base/jdk.internal.reflect.DelegatingMethodAccessorImpl.invoke(DelegatingMethodAccessorImpl.java:43)
	at java.base/java.lang.reflect.Method.invoke(Method.java:568)
	at io.cucumber.java.Invoker.doInvoke(Invoker.java:66)
	at io.cucumber.java.Invoker.invoke(Invoker.java:24)
	at io.cucumber.java.AbstractGlueDefinition.invokeMethod(AbstractGlueDefinition.java:47)
	at io.cucumber.java.JavaStepDefinition.execute(JavaStepDefinition.java:29)
	at io.cucumber.core.runner.CoreStepDefinition.execute(CoreStepDefinition.java:66)
	at io.cucumber.core.runner.PickleStepDefinitionMatch.runStep(PickleStepDefinitionMatch.java:63)
	at io.cucumber.core.runner.ExecutionMode$1.execute(ExecutionMode.java:10)
	at io.cucumber.core.runner.TestStep.executeStep(TestStep.java:84)
	at io.cucumber.core.runner.TestStep.run(TestStep.java:56)
	at io.cucumber.core.runner.PickleStepTestStep.run(PickleStepTestStep.java:51)
	at io.cucumber.core.runner.TestCase.run(TestCase.java:84)
	at io.cucumber.core.runner.Runner.runPickle(Runner.java:75)
	at io.cucumber.testng.TestNGCucumberRunner.lambda$runScenario$1(TestNGCucumberRunner.java:132)
	at io.cucumber.core.runtime.CucumberExecutionContext.lambda$runTestCase$5(CucumberExecutionContext.java:137)
	at io.cucumber.core.runtime.RethrowingThrowableCollector.executeAndThrow(RethrowingThrowableCollector.java:23)
	at io.cucumber.core.runtime.CucumberExecutionContext.runTestCase(CucumberExecutionContext.java:137)
	at io.cucumber.testng.TestNGCucumberRunner.runScenario(TestNGCucumberRunner.java:129)
	at io.cucumber.testng.AbstractTestNGCucumberTests.runScenario(AbstractTestNGCucumberTests.java:35)
	at java.base/jdk.internal.reflect.NativeMethodAccessorImpl.invoke0(Native Method)
	at java.base/jdk.internal.reflect.NativeMethodAccessorImpl.invoke(NativeMethodAccessorImpl.java:77)
	at java.base/jdk.internal.reflect.DelegatingMethodAccessorImpl.invoke(DelegatingMethodAccessorImpl.java:43)
	at java.base/java.lang.reflect.Method.invoke(Method.java:568)
	at org.testng.internal.invokers.MethodInvocationHelper.invokeMethod(MethodInvocationHelper.java:139)
	at org.testng.internal.invokers.TestInvoker.invokeMethod(TestInvoker.java:664)
	at org.testng.internal.invokers.TestInvoker.invokeTestMethod(TestInvoker.java:227)
	at org.testng.internal.invokers.MethodRunner.runInSequence(MethodRunner.java:50)
	at org.testng.internal.invokers.TestInvoker$MethodInvocationAgent.invoke(TestInvoker.java:957)
	at org.testng.internal.invokers.TestInvoker.invokeTestMethods(TestInvoker.java:200)
	at org.testng.internal.invokers.TestMethodWorker.invokeTestMethods(TestMethodWorker.java:148)
	at org.testng.internal.invokers.TestMethodWorker.run(TestMethodWorker.java:128)
	at java.base/java.util.ArrayList.forEach(ArrayList.java:1511)
	at org.testng.TestRunner.privateRun(TestRunner.java:848)
	at org.testng.TestRunner.run(TestRunner.java:621)
	at org.testng.SuiteRunner.runTest(SuiteRunner.java:443)
	at org.testng.SuiteRunner.runSequentially(SuiteRunner.java:437)
	at org.testng.SuiteRunner.privateRun(SuiteRunner.java:397)
	at org.testng.SuiteRunner.run(SuiteRunner.java:336)
	at org.testng.SuiteRunnerWorker.runSuite(SuiteRunnerWorker.java:52)
	at org.testng.SuiteRunnerWorker.run(SuiteRunnerWorker.java:95)
	at org.testng.TestNG.runSuitesSequentially(TestNG.java:1280)
	at org.testng.TestNG.runSuitesLocally(TestNG.java:1200)
	at org.testng.TestNG.runSuites(TestNG.java:1114)
	at org.testng.TestNG.run(TestNG.java:1082)
	at com.intellij.rt.testng.IDEARemoteTestNG.run(IDEARemoteTestNG.java:66)
	at com.intellij.rt.testng.RemoteTestNGStarter.main(RemoteTestNGStarter.java:105)
Caused by: org.openqa.selenium.NoSuchWindowException: no such window: target window already closed
from unknown error: web view not found
  (Session info: chrome=120.0.6099.110)
Build info: version: '4.15.0', revision: '1d14b5521b'
System info: os.name: 'Windows 11', os.arch: 'amd64', os.version: '10.0', java.version: '17.0.8'
Driver info: org.openqa.selenium.chrome.ChromeDriver
Command: [a7b2efd63bbadeabc65fc263a9b26f0c, findElement {using=xpath, value=//span[contains(text(),'Currency')]}]
Capabilities {acceptInsecureCerts: false, browserName: chrome, browserVersion: 120.0.6099.110, chrome: {chromedriverVersion: 120.0.6099.71 (9729082fe617..., userDataDir: C:\Users\kakad\AppData\Loca...}, fedcm:accounts: true, goog:chromeOptions: {debuggerAddress: localhost:54990}, networkConnectionEnabled: false, pageLoadStrategy: normal, platformName: windows, proxy: Proxy(), se:cdp: ws://localhost:54990/devtoo..., se:cdpVersion: 120.0.6099.110, setWindowRect: true, strictFileInteractability: false, timeouts: {implicit: 0, pageLoad: 300000, script: 30000}, unhandledPromptBehavior: dismiss and notify, webauthn:extension:credBlob: true, webauthn:extension:largeBlob: true, webauthn:extension:minPinLength: true, webauthn:extension:prf: true, webauthn:virtualAuthenticators: true}
Session ID: a7b2efd63bbadeabc65fc263a9b26f0c
	at java.base/jdk.internal.reflect.NativeConstructorAccessorImpl.newInstance0(Native Method)
	at java.base/jdk.internal.reflect.NativeConstructorAccessorImpl.newInstance(NativeConstructorAccessorImpl.java:77)
	at java.base/jdk.internal.reflect.DelegatingConstructorAccessorImpl.newInstance(DelegatingConstructorAccessorImpl.java:45)
	at java.base/java.lang.reflect.Constructor.newInstanceWithCaller(Constructor.java:499)
	at java.base/java.lang.reflect.Constructor.newInstance(Constructor.java:480)
	at org.openqa.selenium.remote.codec.w3c.W3CHttpResponseCodec.createException(W3CHttpResponseCodec.java:200)
	at org.openqa.selenium.remote.codec.w3c.W3CHttpResponseCodec.decode(W3CHttpResponseCodec.java:133)
	at org.openqa.selenium.remote.codec.w3c.W3CHttpResponseCodec.decode(W3CHttpResponseCodec.java:52)
	at org.openqa.selenium.remote.HttpCommandExecutor.execute(HttpCommandExecutor.java:191)
	at org.openqa.selenium.remote.service.DriverCommandExecutor.invokeExecute(DriverCommandExecutor.java:200)
	at org.openqa.selenium.remote.service.DriverCommandExecutor.execute(DriverCommandExecutor.java:175)
	at org.openqa.selenium.remote.RemoteWebDriver.execute(RemoteWebDriver.java:607)
	at org.openqa.selenium.remote.ElementLocation$ElementFinder$2.findElement(ElementLocation.java:165)
	at org.openqa.selenium.remote.ElementLocation.findElement(ElementLocation.java:59)
	at org.openqa.selenium.remote.RemoteWebDriver.findElement(RemoteWebDriver.java:364)
	at org.openqa.selenium.remote.RemoteWebDriver.findElement(RemoteWebDriver.java:358)
	at org.openqa.selenium.support.pagefactory.DefaultElementLocator.findElement(DefaultElementLocator.java:68)
	at org.openqa.selenium.support.pagefactory.internal.LocatingElementHandler.invoke(LocatingElementHandler.java:38)
	at jdk.proxy2/jdk.proxy2.$Proxy28.getWrappedElement(Unknown Source)
	at org.openqa.selenium.interactions.PointerInput$Origin.asArg(PointerInput.java:259)
	at org.openqa.selenium.interactions.PointerInput$Move.encode(PointerInput.java:208)
	at org.openqa.selenium.interactions.Sequence.encode(Sequence.java:72)
	at org.openqa.selenium.interactions.Sequence.toJson(Sequence.java:81)
	... 88 more
</textarea>
      
      </div>
                  </div>
                  <div class="step skip-bg">
                    <span>And User mouse hover on £Pound Sterling and click on it</span>
      <div>Step skipped
      </div>
                  </div>
                  <div class="step skip-bg">
                    <span>When User mouse hover on Desktops tab and click on it</span>
      <div>Step skipped
      </div>
                  </div>
                  <div class="step skip-bg">
                    <span>And User click on Show All Desktops Option</span>
      <div>Step skipped
      </div>
                  </div>
                  <div class="step skip-bg">
                    <span>And User click on sort By Position Name: A to Z</span>
      <div>Step skipped
      </div>
                  </div>
                  <div class="step skip-bg">
                    <span>And User select the product "iPhone"</span>
      <div>Step skipped
      </div>
                  </div>
                  <div class="step skip-bg">
                    <span>Then User should navigate to the product page and see text for the product's name</span>
      <div>Step skipped
      </div>
                  </div>
                  <div class="step skip-bg">
                    <span>And User enter the Qty require as "1"</span>
      <div>Step skipped
      </div>
                  </div>
                  <div class="step skip-bg">
                    <span>And User click on Add to cart button</span>
      <div>Step skipped
      </div>
                  </div>
                  <div class="step skip-bg">
                    <span>Then User should able to verify the message "Success: You have added “product” to your shopping cart!"</span>
      <div>Step skipped
      </div>
                  </div>
                  <div class="step skip-bg">
                    <span>And user click on Link Shopping Cart display into success message</span>
      <div>Step skipped
      </div>
                  </div>
                  <div class="step skip-bg">
                    <span>Then USer should able to verify the text "Shopping Cart"</span>
      <div>Step skipped
      </div>
                  </div>
                  <div class="step skip-bg">
                    <span>Then User should able to verify the product name "product"</span>
      <div>Step skipped
      </div>
                  </div>
                  <div class="step skip-bg">
                    <span>Then User should able to verify the Model "product 11"</span>
      <div>Step skipped
      </div>
                  </div>
                  <div class="step skip-bg">
                    <span>Then User should able to verify the Total "£75.46"</span>
      <div>Step skipped
      </div>
                  </div>
                  <div class="step fail-bg">
                    <span>com.tutorialninja.demo.steps.Hooks.tearDown(io.cucumber.java.Scenario)</span>
      <div>
        <textarea disabled class="code-block">org.openqa.selenium.NoSuchWindowException: no such window: target window already closed
from unknown error: web view not found
  (Session info: chrome=120.0.6099.110)
Build info: version: '4.15.0', revision: '1d14b5521b'
System info: os.name: 'Windows 11', os.arch: 'amd64', os.version: '10.0', java.version: '17.0.8'
Driver info: org.openqa.selenium.chrome.ChromeDriver
Command: [a7b2efd63bbadeabc65fc263a9b26f0c, screenshot {}]
Capabilities {acceptInsecureCerts: false, browserName: chrome, browserVersion: 120.0.6099.110, chrome: {chromedriverVersion: 120.0.6099.71 (9729082fe617..., userDataDir: C:\Users\kakad\AppData\Loca...}, fedcm:accounts: true, goog:chromeOptions: {debuggerAddress: localhost:54990}, networkConnectionEnabled: false, pageLoadStrategy: normal, platformName: windows, proxy: Proxy(), se:cdp: ws://localhost:54990/devtoo..., se:cdpVersion: 120.0.6099.110, setWindowRect: true, strictFileInteractability: false, timeouts: {implicit: 0, pageLoad: 300000, script: 30000}, unhandledPromptBehavior: dismiss and notify, webauthn:extension:credBlob: true, webauthn:extension:largeBlob: true, webauthn:extension:minPinLength: true, webauthn:extension:prf: true, webauthn:virtualAuthenticators: true}
Session ID: a7b2efd63bbadeabc65fc263a9b26f0c
	at java.base/jdk.internal.reflect.NativeConstructorAccessorImpl.newInstance0(Native Method)
	at java.base/jdk.internal.reflect.NativeConstructorAccessorImpl.newInstance(NativeConstructorAccessorImpl.java:77)
	at java.base/jdk.internal.reflect.DelegatingConstructorAccessorImpl.newInstance(DelegatingConstructorAccessorImpl.java:45)
	at java.base/java.lang.reflect.Constructor.newInstanceWithCaller(Constructor.java:499)
	at java.base/java.lang.reflect.Constructor.newInstance(Constructor.java:480)
	at org.openqa.selenium.remote.codec.w3c.W3CHttpResponseCodec.createException(W3CHttpResponseCodec.java:200)
	at org.openqa.selenium.remote.codec.w3c.W3CHttpResponseCodec.decode(W3CHttpResponseCodec.java:133)
	at org.openqa.selenium.remote.codec.w3c.W3CHttpResponseCodec.decode(W3CHttpResponseCodec.java:52)
	at org.openqa.selenium.remote.HttpCommandExecutor.execute(HttpCommandExecutor.java:191)
	at org.openqa.selenium.remote.service.DriverCommandExecutor.invokeExecute(DriverCommandExecutor.java:200)
	at org.openqa.selenium.remote.service.DriverCommandExecutor.execute(DriverCommandExecutor.java:175)
	at org.openqa.selenium.remote.RemoteWebDriver.execute(RemoteWebDriver.java:607)
	at org.openqa.selenium.remote.RemoteWebDriver.execute(RemoteWebDriver.java:680)
	at org.openqa.selenium.remote.RemoteWebDriver.execute(RemoteWebDriver.java:684)
	at org.openqa.selenium.remote.RemoteWebDriver.getScreenshotAs(RemoteWebDriver.java:330)
	at com.tutorialninja.demo.utility.Utility.getScreenShot(Utility.java:473)
	at com.tutorialninja.demo.steps.Hooks.tearDown(Hooks.java:19)
</textarea>
      
      </div>
                  </div>
              </div>
            </div>
            <div class="card-body l1">
              <div class="card-header">
                <div class="card-title outline-child">
                  <div class="node" id="48"><span class="badge log fail-bg mr-2">Fail</span>Verify Product Added To Shopping Cart SuccessFully</div>
                    <div class="status-avatar float-right">
                      <i class="fa fa-paperclip"></i>
                    </div>
                </div>
              </div>
              <div class="card-body mt-3 ">
                  <div class="step pass-bg">
                    <span>When user mouse hover on Currency Dropdown and click on it</span>
      <div>
      </div>
                  </div>
                  <div class="step pass-bg">
                    <span>And User mouse hover on £Pound Sterling and click on it</span>
      <div>
      </div>
                  </div>
                  <div class="step pass-bg">
                    <span>When User mouse hover on Desktops tab and click on it</span>
      <div>
      </div>
                  </div>
                  <div class="step pass-bg">
                    <span>And User click on Show All Desktops Option</span>
      <div>
      </div>
                  </div>
                  <div class="step pass-bg">
                    <span>And User click on sort By Position Name: A to Z</span>
      <div>
      </div>
                  </div>
                  <div class="step pass-bg">
                    <span>And User select the product "iPod Classic"</span>
      <div>
      </div>
                  </div>
                  <div class="step fail-bg">
                    <span>Then User should navigate to the product page and see text for the product's name</span>
      <div>
        <textarea disabled class="code-block">io.cucumber.core.exception.CucumberException: Step [User should navigate to the product page and see text for the product's name] is defined with 1 parameters at 'com.tutorialninja.demo.steps.ProductPageTestSteps.userShouldNavigateToTheProductPageAndSeeTextForTheProductSName(java.lang.String)'.
However, the gherkin step has 0 arguments.
Step text: User should navigate to the product page and see text for the product's name
	at io.cucumber.core.runner.PickleStepDefinitionMatch.arityMismatch(PickleStepDefinitionMatch.java:83)
	at io.cucumber.core.runner.PickleStepDefinitionMatch.runStep(PickleStepDefinitionMatch.java:42)
	at io.cucumber.core.runner.ExecutionMode$1.execute(ExecutionMode.java:10)
	at io.cucumber.core.runner.TestStep.executeStep(TestStep.java:84)
	at io.cucumber.core.runner.TestStep.run(TestStep.java:56)
	at io.cucumber.core.runner.PickleStepTestStep.run(PickleStepTestStep.java:51)
	at io.cucumber.core.runner.TestCase.run(TestCase.java:84)
	at io.cucumber.core.runner.Runner.runPickle(Runner.java:75)
	at io.cucumber.testng.TestNGCucumberRunner.lambda$runScenario$1(TestNGCucumberRunner.java:132)
	at io.cucumber.core.runtime.CucumberExecutionContext.lambda$runTestCase$5(CucumberExecutionContext.java:137)
	at io.cucumber.core.runtime.RethrowingThrowableCollector.executeAndThrow(RethrowingThrowableCollector.java:23)
	at io.cucumber.core.runtime.CucumberExecutionContext.runTestCase(CucumberExecutionContext.java:137)
	at io.cucumber.testng.TestNGCucumberRunner.runScenario(TestNGCucumberRunner.java:129)
	at io.cucumber.testng.AbstractTestNGCucumberTests.runScenario(AbstractTestNGCucumberTests.java:35)
	at java.base/jdk.internal.reflect.NativeMethodAccessorImpl.invoke0(Native Method)
	at java.base/jdk.internal.reflect.NativeMethodAccessorImpl.invoke(NativeMethodAccessorImpl.java:77)
	at java.base/jdk.internal.reflect.DelegatingMethodAccessorImpl.invoke(DelegatingMethodAccessorImpl.java:43)
	at java.base/java.lang.reflect.Method.invoke(Method.java:568)
	at org.testng.internal.invokers.MethodInvocationHelper.invokeMethod(MethodInvocationHelper.java:139)
	at org.testng.internal.invokers.TestInvoker.invokeMethod(TestInvoker.java:664)
	at org.testng.internal.invokers.TestInvoker.invokeTestMethod(TestInvoker.java:227)
	at org.testng.internal.invokers.MethodRunner.runInSequence(MethodRunner.java:50)
	at org.testng.internal.invokers.TestInvoker$MethodInvocationAgent.invoke(TestInvoker.java:957)
	at org.testng.internal.invokers.TestInvoker.invokeTestMethods(TestInvoker.java:200)
	at org.testng.internal.invokers.TestMethodWorker.invokeTestMethods(TestMethodWorker.java:148)
	at org.testng.internal.invokers.TestMethodWorker.run(TestMethodWorker.java:128)
	at java.base/java.util.ArrayList.forEach(ArrayList.java:1511)
	at org.testng.TestRunner.privateRun(TestRunner.java:848)
	at org.testng.TestRunner.run(TestRunner.java:621)
	at org.testng.SuiteRunner.runTest(SuiteRunner.java:443)
	at org.testng.SuiteRunner.runSequentially(SuiteRunner.java:437)
	at org.testng.SuiteRunner.privateRun(SuiteRunner.java:397)
	at org.testng.SuiteRunner.run(SuiteRunner.java:336)
	at org.testng.SuiteRunnerWorker.runSuite(SuiteRunnerWorker.java:52)
	at org.testng.SuiteRunnerWorker.run(SuiteRunnerWorker.java:95)
	at org.testng.TestNG.runSuitesSequentially(TestNG.java:1280)
	at org.testng.TestNG.runSuitesLocally(TestNG.java:1200)
	at org.testng.TestNG.runSuites(TestNG.java:1114)
	at org.testng.TestNG.run(TestNG.java:1082)
	at com.intellij.rt.testng.IDEARemoteTestNG.run(IDEARemoteTestNG.java:66)
	at com.intellij.rt.testng.RemoteTestNGStarter.main(RemoteTestNGStarter.java:105)
</textarea>
      
      </div>
                  </div>
                  <div class="step skip-bg">
                    <span>And User enter the Qty require as "1"</span>
      <div>Step skipped
      </div>
                  </div>
                  <div class="step skip-bg">
                    <span>And User click on Add to cart button</span>
      <div>Step skipped
      </div>
                  </div>
                  <div class="step skip-bg">
                    <span>Then User should able to verify the message "Success: You have added “product” to your shopping cart!"</span>
      <div>Step skipped
      </div>
                  </div>
                  <div class="step skip-bg">
                    <span>And user click on Link Shopping Cart display into success message</span>
      <div>Step skipped
      </div>
                  </div>
                  <div class="step skip-bg">
                    <span>Then USer should able to verify the text "Shopping Cart"</span>
      <div>Step skipped
      </div>
                  </div>
                  <div class="step skip-bg">
                    <span>Then User should able to verify the product name "product"</span>
      <div>Step skipped
      </div>
                  </div>
                  <div class="step skip-bg">
                    <span>Then User should able to verify the Model "product 20"</span>
      <div>Step skipped
      </div>
                  </div>
                  <div class="step skip-bg">
                    <span>Then User should able to verify the Total "£74.73"</span>
      <div>Step skipped
      </div>
                  </div>
                  <div class="step pass-bg">
                    <span>com.tutorialninja.demo.steps.Hooks.tearDown(io.cucumber.java.Scenario)</span>
      <div>Verify Product Added To Shopping Cart SuccessFully
          <div class="row mb-3"><div class="col-md-3">
<img data-featherlight='../screenshots/embedded2.png' src="../screenshots/embedded2.png">
    
    </div></div>
</div>
      <div>
      </div>
                  </div>
              </div>
            </div>
            <div class="card-body l1">
              <div class="card-header">
                <div class="card-title outline-child">
                  <div class="node" id="66"><span class="badge log fail-bg mr-2">Fail</span>Verify Product Added To Shopping Cart SuccessFully</div>
                    <div class="status-avatar float-right">
                      <i class="fa fa-paperclip"></i>
                    </div>
                </div>
              </div>
              <div class="card-body mt-3 ">
                  <div class="step pass-bg">
                    <span>When user mouse hover on Currency Dropdown and click on it</span>
      <div>
      </div>
                  </div>
                  <div class="step pass-bg">
                    <span>And User mouse hover on £Pound Sterling and click on it</span>
      <div>
      </div>
                  </div>
                  <div class="step pass-bg">
                    <span>When User mouse hover on Desktops tab and click on it</span>
      <div>
      </div>
                  </div>
                  <div class="step pass-bg">
                    <span>And User click on Show All Desktops Option</span>
      <div>
      </div>
                  </div>
                  <div class="step pass-bg">
                    <span>And User click on sort By Position Name: A to Z</span>
      <div>
      </div>
                  </div>
                  <div class="step pass-bg">
                    <span>And User select the product "MacBook"</span>
      <div>
      </div>
                  </div>
                  <div class="step fail-bg">
                    <span>Then User should navigate to the product page and see text for the product's name</span>
      <div>
        <textarea disabled class="code-block">io.cucumber.core.exception.CucumberException: Step [User should navigate to the product page and see text for the product's name] is defined with 1 parameters at 'com.tutorialninja.demo.steps.ProductPageTestSteps.userShouldNavigateToTheProductPageAndSeeTextForTheProductSName(java.lang.String)'.
However, the gherkin step has 0 arguments.
Step text: User should navigate to the product page and see text for the product's name
	at io.cucumber.core.runner.PickleStepDefinitionMatch.arityMismatch(PickleStepDefinitionMatch.java:83)
	at io.cucumber.core.runner.PickleStepDefinitionMatch.runStep(PickleStepDefinitionMatch.java:42)
	at io.cucumber.core.runner.ExecutionMode$1.execute(ExecutionMode.java:10)
	at io.cucumber.core.runner.TestStep.executeStep(TestStep.java:84)
	at io.cucumber.core.runner.TestStep.run(TestStep.java:56)
	at io.cucumber.core.runner.PickleStepTestStep.run(PickleStepTestStep.java:51)
	at io.cucumber.core.runner.TestCase.run(TestCase.java:84)
	at io.cucumber.core.runner.Runner.runPickle(Runner.java:75)
	at io.cucumber.testng.TestNGCucumberRunner.lambda$runScenario$1(TestNGCucumberRunner.java:132)
	at io.cucumber.core.runtime.CucumberExecutionContext.lambda$runTestCase$5(CucumberExecutionContext.java:137)
	at io.cucumber.core.runtime.RethrowingThrowableCollector.executeAndThrow(RethrowingThrowableCollector.java:23)
	at io.cucumber.core.runtime.CucumberExecutionContext.runTestCase(CucumberExecutionContext.java:137)
	at io.cucumber.testng.TestNGCucumberRunner.runScenario(TestNGCucumberRunner.java:129)
	at io.cucumber.testng.AbstractTestNGCucumberTests.runScenario(AbstractTestNGCucumberTests.java:35)
	at java.base/jdk.internal.reflect.NativeMethodAccessorImpl.invoke0(Native Method)
	at java.base/jdk.internal.reflect.NativeMethodAccessorImpl.invoke(NativeMethodAccessorImpl.java:77)
	at java.base/jdk.internal.reflect.DelegatingMethodAccessorImpl.invoke(DelegatingMethodAccessorImpl.java:43)
	at java.base/java.lang.reflect.Method.invoke(Method.java:568)
	at org.testng.internal.invokers.MethodInvocationHelper.invokeMethod(MethodInvocationHelper.java:139)
	at org.testng.internal.invokers.TestInvoker.invokeMethod(TestInvoker.java:664)
	at org.testng.internal.invokers.TestInvoker.invokeTestMethod(TestInvoker.java:227)
	at org.testng.internal.invokers.MethodRunner.runInSequence(MethodRunner.java:50)
	at org.testng.internal.invokers.TestInvoker$MethodInvocationAgent.invoke(TestInvoker.java:957)
	at org.testng.internal.invokers.TestInvoker.invokeTestMethods(TestInvoker.java:200)
	at org.testng.internal.invokers.TestMethodWorker.invokeTestMethods(TestMethodWorker.java:148)
	at org.testng.internal.invokers.TestMethodWorker.run(TestMethodWorker.java:128)
	at java.base/java.util.ArrayList.forEach(ArrayList.java:1511)
	at org.testng.TestRunner.privateRun(TestRunner.java:848)
	at org.testng.TestRunner.run(TestRunner.java:621)
	at org.testng.SuiteRunner.runTest(SuiteRunner.java:443)
	at org.testng.SuiteRunner.runSequentially(SuiteRunner.java:437)
	at org.testng.SuiteRunner.privateRun(SuiteRunner.java:397)
	at org.testng.SuiteRunner.run(SuiteRunner.java:336)
	at org.testng.SuiteRunnerWorker.runSuite(SuiteRunnerWorker.java:52)
	at org.testng.SuiteRunnerWorker.run(SuiteRunnerWorker.java:95)
	at org.testng.TestNG.runSuitesSequentially(TestNG.java:1280)
	at org.testng.TestNG.runSuitesLocally(TestNG.java:1200)
	at org.testng.TestNG.runSuites(TestNG.java:1114)
	at org.testng.TestNG.run(TestNG.java:1082)
	at com.intellij.rt.testng.IDEARemoteTestNG.run(IDEARemoteTestNG.java:66)
	at com.intellij.rt.testng.RemoteTestNGStarter.main(RemoteTestNGStarter.java:105)
</textarea>
      
      </div>
                  </div>
                  <div class="step skip-bg">
                    <span>And User enter the Qty require as "1"</span>
      <div>Step skipped
      </div>
                  </div>
                  <div class="step skip-bg">
                    <span>And User click on Add to cart button</span>
      <div>Step skipped
      </div>
                  </div>
                  <div class="step skip-bg">
                    <span>Then User should able to verify the message "Success: You have added “product” to your shopping cart!"</span>
      <div>Step skipped
      </div>
                  </div>
                  <div class="step skip-bg">
                    <span>And user click on Link Shopping Cart display into success message</span>
      <div>Step skipped
      </div>
                  </div>
                  <div class="step skip-bg">
                    <span>Then USer should able to verify the text "Shopping Cart"</span>
      <div>Step skipped
      </div>
                  </div>
                  <div class="step skip-bg">
                    <span>Then User should able to verify the product name "product"</span>
      <div>Step skipped
      </div>
                  </div>
                  <div class="step skip-bg">
                    <span>Then User should able to verify the Model "Product 16"</span>
      <div>Step skipped
      </div>
                  </div>
                  <div class="step skip-bg">
                    <span>Then User should able to verify the Total "£368.73"</span>
      <div>Step skipped
      </div>
                  </div>
                  <div class="step pass-bg">
                    <span>com.tutorialninja.demo.steps.Hooks.tearDown(io.cucumber.java.Scenario)</span>
      <div>Verify Product Added To Shopping Cart SuccessFully
          <div class="row mb-3"><div class="col-md-3">
<img data-featherlight='../screenshots/embedded3.png' src="../screenshots/embedded3.png">
    
    </div></div>
</div>
      <div>
      </div>
                  </div>
              </div>
            </div>
            <div class="card-body l1">
              <div class="card-header">
                <div class="card-title outline-child">
                  <div class="node" id="84"><span class="badge log fail-bg mr-2">Fail</span>Verify Product Added To Shopping Cart SuccessFully</div>
                    <div class="status-avatar float-right">
                      <i class="fa fa-paperclip"></i>
                    </div>
                </div>
              </div>
              <div class="card-body mt-3 ">
                  <div class="step pass-bg">
                    <span>When user mouse hover on Currency Dropdown and click on it</span>
      <div>
      </div>
                  </div>
                  <div class="step pass-bg">
                    <span>And User mouse hover on £Pound Sterling and click on it</span>
      <div>
      </div>
                  </div>
                  <div class="step pass-bg">
                    <span>When User mouse hover on Desktops tab and click on it</span>
      <div>
      </div>
                  </div>
                  <div class="step pass-bg">
                    <span>And User click on Show All Desktops Option</span>
      <div>
      </div>
                  </div>
                  <div class="step pass-bg">
                    <span>And User click on sort By Position Name: A to Z</span>
      <div>
      </div>
                  </div>
                  <div class="step pass-bg">
                    <span>And User select the product "MacBook Air"</span>
      <div>
      </div>
                  </div>
                  <div class="step fail-bg">
                    <span>Then User should navigate to the product page and see text for the product's name</span>
      <div>
        <textarea disabled class="code-block">io.cucumber.core.exception.CucumberException: Step [User should navigate to the product page and see text for the product's name] is defined with 1 parameters at 'com.tutorialninja.demo.steps.ProductPageTestSteps.userShouldNavigateToTheProductPageAndSeeTextForTheProductSName(java.lang.String)'.
However, the gherkin step has 0 arguments.
Step text: User should navigate to the product page and see text for the product's name
	at io.cucumber.core.runner.PickleStepDefinitionMatch.arityMismatch(PickleStepDefinitionMatch.java:83)
	at io.cucumber.core.runner.PickleStepDefinitionMatch.runStep(PickleStepDefinitionMatch.java:42)
	at io.cucumber.core.runner.ExecutionMode$1.execute(ExecutionMode.java:10)
	at io.cucumber.core.runner.TestStep.executeStep(TestStep.java:84)
	at io.cucumber.core.runner.TestStep.run(TestStep.java:56)
	at io.cucumber.core.runner.PickleStepTestStep.run(PickleStepTestStep.java:51)
	at io.cucumber.core.runner.TestCase.run(TestCase.java:84)
	at io.cucumber.core.runner.Runner.runPickle(Runner.java:75)
	at io.cucumber.testng.TestNGCucumberRunner.lambda$runScenario$1(TestNGCucumberRunner.java:132)
	at io.cucumber.core.runtime.CucumberExecutionContext.lambda$runTestCase$5(CucumberExecutionContext.java:137)
	at io.cucumber.core.runtime.RethrowingThrowableCollector.executeAndThrow(RethrowingThrowableCollector.java:23)
	at io.cucumber.core.runtime.CucumberExecutionContext.runTestCase(CucumberExecutionContext.java:137)
	at io.cucumber.testng.TestNGCucumberRunner.runScenario(TestNGCucumberRunner.java:129)
	at io.cucumber.testng.AbstractTestNGCucumberTests.runScenario(AbstractTestNGCucumberTests.java:35)
	at java.base/jdk.internal.reflect.NativeMethodAccessorImpl.invoke0(Native Method)
	at java.base/jdk.internal.reflect.NativeMethodAccessorImpl.invoke(NativeMethodAccessorImpl.java:77)
	at java.base/jdk.internal.reflect.DelegatingMethodAccessorImpl.invoke(DelegatingMethodAccessorImpl.java:43)
	at java.base/java.lang.reflect.Method.invoke(Method.java:568)
	at org.testng.internal.invokers.MethodInvocationHelper.invokeMethod(MethodInvocationHelper.java:139)
	at org.testng.internal.invokers.TestInvoker.invokeMethod(TestInvoker.java:664)
	at org.testng.internal.invokers.TestInvoker.invokeTestMethod(TestInvoker.java:227)
	at org.testng.internal.invokers.MethodRunner.runInSequence(MethodRunner.java:50)
	at org.testng.internal.invokers.TestInvoker$MethodInvocationAgent.invoke(TestInvoker.java:957)
	at org.testng.internal.invokers.TestInvoker.invokeTestMethods(TestInvoker.java:200)
	at org.testng.internal.invokers.TestMethodWorker.invokeTestMethods(TestMethodWorker.java:148)
	at org.testng.internal.invokers.TestMethodWorker.run(TestMethodWorker.java:128)
	at java.base/java.util.ArrayList.forEach(ArrayList.java:1511)
	at org.testng.TestRunner.privateRun(TestRunner.java:848)
	at org.testng.TestRunner.run(TestRunner.java:621)
	at org.testng.SuiteRunner.runTest(SuiteRunner.java:443)
	at org.testng.SuiteRunner.runSequentially(SuiteRunner.java:437)
	at org.testng.SuiteRunner.privateRun(SuiteRunner.java:397)
	at org.testng.SuiteRunner.run(SuiteRunner.java:336)
	at org.testng.SuiteRunnerWorker.runSuite(SuiteRunnerWorker.java:52)
	at org.testng.SuiteRunnerWorker.run(SuiteRunnerWorker.java:95)
	at org.testng.TestNG.runSuitesSequentially(TestNG.java:1280)
	at org.testng.TestNG.runSuitesLocally(TestNG.java:1200)
	at org.testng.TestNG.runSuites(TestNG.java:1114)
	at org.testng.TestNG.run(TestNG.java:1082)
	at com.intellij.rt.testng.IDEARemoteTestNG.run(IDEARemoteTestNG.java:66)
	at com.intellij.rt.testng.RemoteTestNGStarter.main(RemoteTestNGStarter.java:105)
</textarea>
      
      </div>
                  </div>
                  <div class="step skip-bg">
                    <span>And User enter the Qty require as "1"</span>
      <div>Step skipped
      </div>
                  </div>
                  <div class="step skip-bg">
                    <span>And User click on Add to cart button</span>
      <div>Step skipped
      </div>
                  </div>
                  <div class="step skip-bg">
                    <span>Then User should able to verify the message "Success: You have added “product” to your shopping cart!"</span>
      <div>Step skipped
      </div>
                  </div>
                  <div class="step skip-bg">
                    <span>And user click on Link Shopping Cart display into success message</span>
      <div>Step skipped
      </div>
                  </div>
                  <div class="step skip-bg">
                    <span>Then USer should able to verify the text "Shopping Cart"</span>
      <div>Step skipped
      </div>
                  </div>
                  <div class="step skip-bg">
                    <span>Then User should able to verify the product name "product"</span>
      <div>Step skipped
      </div>
                  </div>
                  <div class="step skip-bg">
                    <span>Then User should able to verify the Model "Product 17"</span>
      <div>Step skipped
      </div>
                  </div>
                  <div class="step skip-bg">
                    <span>Then User should able to verify the Total "£736.23"</span>
      <div>Step skipped
      </div>
                  </div>
                  <div class="step pass-bg">
                    <span>com.tutorialninja.demo.steps.Hooks.tearDown(io.cucumber.java.Scenario)</span>
      <div>Verify Product Added To Shopping Cart SuccessFully
          <div class="row mb-3"><div class="col-md-3">
<img data-featherlight='../screenshots/embedded4.png' src="../screenshots/embedded4.png">
    
    </div></div>
</div>
      <div>
      </div>
                  </div>
              </div>
            </div>
            <div class="card-body l1">
              <div class="card-header">
                <div class="card-title outline-child">
                  <div class="node" id="102"><span class="badge log fail-bg mr-2">Fail</span>Verify Product Added To Shopping Cart SuccessFully</div>
                </div>
              </div>
              <div class="card-body mt-3 ">
                  <div class="step pass-bg">
                    <span>When user mouse hover on Currency Dropdown and click on it</span>
      <div>
      </div>
                  </div>
                  <div class="step pass-bg">
                    <span>And User mouse hover on £Pound Sterling and click on it</span>
      <div>
      </div>
                  </div>
                  <div class="step pass-bg">
                    <span>When User mouse hover on Desktops tab and click on it</span>
      <div>
      </div>
                  </div>
                  <div class="step pass-bg">
                    <span>And User click on Show All Desktops Option</span>
      <div>
      </div>
                  </div>
                  <div class="step pass-bg">
                    <span>And User click on sort By Position Name: A to Z</span>
      <div>
      </div>
                  </div>
                  <div class="step pass-bg">
                    <span>And User select the product "Sony VAIO"</span>
      <div>
      </div>
                  </div>
                  <div class="step fail-bg">
                    <span>Then User should navigate to the product page and see text for the product's name</span>
      <div>
        <textarea disabled class="code-block">io.cucumber.core.exception.CucumberException: Step [User should navigate to the product page and see text for the product's name] is defined with 1 parameters at 'com.tutorialninja.demo.steps.ProductPageTestSteps.userShouldNavigateToTheProductPageAndSeeTextForTheProductSName(java.lang.String)'.
However, the gherkin step has 0 arguments.
Step text: User should navigate to the product page and see text for the product's name
	at io.cucumber.core.runner.PickleStepDefinitionMatch.arityMismatch(PickleStepDefinitionMatch.java:83)
	at io.cucumber.core.runner.PickleStepDefinitionMatch.runStep(PickleStepDefinitionMatch.java:42)
	at io.cucumber.core.runner.ExecutionMode$1.execute(ExecutionMode.java:10)
	at io.cucumber.core.runner.TestStep.executeStep(TestStep.java:84)
	at io.cucumber.core.runner.TestStep.run(TestStep.java:56)
	at io.cucumber.core.runner.PickleStepTestStep.run(PickleStepTestStep.java:51)
	at io.cucumber.core.runner.TestCase.run(TestCase.java:84)
	at io.cucumber.core.runner.Runner.runPickle(Runner.java:75)
	at io.cucumber.testng.TestNGCucumberRunner.lambda$runScenario$1(TestNGCucumberRunner.java:132)
	at io.cucumber.core.runtime.CucumberExecutionContext.lambda$runTestCase$5(CucumberExecutionContext.java:137)
	at io.cucumber.core.runtime.RethrowingThrowableCollector.executeAndThrow(RethrowingThrowableCollector.java:23)
	at io.cucumber.core.runtime.CucumberExecutionContext.runTestCase(CucumberExecutionContext.java:137)
	at io.cucumber.testng.TestNGCucumberRunner.runScenario(TestNGCucumberRunner.java:129)
	at io.cucumber.testng.AbstractTestNGCucumberTests.runScenario(AbstractTestNGCucumberTests.java:35)
	at java.base/jdk.internal.reflect.NativeMethodAccessorImpl.invoke0(Native Method)
	at java.base/jdk.internal.reflect.NativeMethodAccessorImpl.invoke(NativeMethodAccessorImpl.java:77)
	at java.base/jdk.internal.reflect.DelegatingMethodAccessorImpl.invoke(DelegatingMethodAccessorImpl.java:43)
	at java.base/java.lang.reflect.Method.invoke(Method.java:568)
	at org.testng.internal.invokers.MethodInvocationHelper.invokeMethod(MethodInvocationHelper.java:139)
	at org.testng.internal.invokers.TestInvoker.invokeMethod(TestInvoker.java:664)
	at org.testng.internal.invokers.TestInvoker.invokeTestMethod(TestInvoker.java:227)
	at org.testng.internal.invokers.MethodRunner.runInSequence(MethodRunner.java:50)
	at org.testng.internal.invokers.TestInvoker$MethodInvocationAgent.invoke(TestInvoker.java:957)
	at org.testng.internal.invokers.TestInvoker.invokeTestMethods(TestInvoker.java:200)
	at org.testng.internal.invokers.TestMethodWorker.invokeTestMethods(TestMethodWorker.java:148)
	at org.testng.internal.invokers.TestMethodWorker.run(TestMethodWorker.java:128)
	at java.base/java.util.ArrayList.forEach(ArrayList.java:1511)
	at org.testng.TestRunner.privateRun(TestRunner.java:848)
	at org.testng.TestRunner.run(TestRunner.java:621)
	at org.testng.SuiteRunner.runTest(SuiteRunner.java:443)
	at org.testng.SuiteRunner.runSequentially(SuiteRunner.java:437)
	at org.testng.SuiteRunner.privateRun(SuiteRunner.java:397)
	at org.testng.SuiteRunner.run(SuiteRunner.java:336)
	at org.testng.SuiteRunnerWorker.runSuite(SuiteRunnerWorker.java:52)
	at org.testng.SuiteRunnerWorker.run(SuiteRunnerWorker.java:95)
	at org.testng.TestNG.runSuitesSequentially(TestNG.java:1280)
	at org.testng.TestNG.runSuitesLocally(TestNG.java:1200)
	at org.testng.TestNG.runSuites(TestNG.java:1114)
	at org.testng.TestNG.run(TestNG.java:1082)
	at com.intellij.rt.testng.IDEARemoteTestNG.run(IDEARemoteTestNG.java:66)
	at com.intellij.rt.testng.RemoteTestNGStarter.main(RemoteTestNGStarter.java:105)
</textarea>
      
      </div>
                  </div>
                  <div class="step skip-bg">
                    <span>And User enter the Qty require as "1"</span>
      <div>Step skipped
      </div>
                  </div>
                  <div class="step skip-bg">
                    <span>And User click on Add to cart button</span>
      <div>Step skipped
      </div>
                  </div>
                  <div class="step skip-bg">
                    <span>Then User should able to verify the message "Success: You have added “product” to your shopping cart!"</span>
      <div>Step skipped
      </div>
                  </div>
                  <div class="step skip-bg">
                    <span>And user click on Link Shopping Cart display into success message</span>
      <div>Step skipped
      </div>
                  </div>
                  <div class="step skip-bg">
                    <span>Then USer should able to verify the text "Shopping Cart"</span>
      <div>Step skipped
      </div>
                  </div>
                  <div class="step skip-bg">
                    <span>Then User should able to verify the product name "product"</span>
      <div>Step skipped
      </div>
                  </div>
                  <div class="step skip-bg">
                    <span>Then User should able to verify the Model "Product 19"</span>
      <div>Step skipped
      </div>
                  </div>
                  <div class="step skip-bg">
                    <span>Then User should able to verify the Total "£736.23"</span>
      <div>Step skipped
      </div>
                  </div>
                  <div class="step fail-bg">
                    <span>com.tutorialninja.demo.steps.Hooks.tearDown(io.cucumber.java.Scenario)</span>
      <div>
        <textarea disabled class="code-block">org.openqa.selenium.NoSuchWindowException: no such window: target window already closed
from unknown error: web view not found
  (Session info: chrome=120.0.6099.110)
Build info: version: '4.15.0', revision: '1d14b5521b'
System info: os.name: 'Windows 11', os.arch: 'amd64', os.version: '10.0', java.version: '17.0.8'
Driver info: org.openqa.selenium.chrome.ChromeDriver
Command: [cda5ce93cefe3ec3bd29094f79ef177c, screenshot {}]
Capabilities {acceptInsecureCerts: false, browserName: chrome, browserVersion: 120.0.6099.110, chrome: {chromedriverVersion: 120.0.6099.71 (9729082fe617..., userDataDir: C:\Users\kakad\AppData\Loca...}, fedcm:accounts: true, goog:chromeOptions: {debuggerAddress: localhost:55110}, networkConnectionEnabled: false, pageLoadStrategy: normal, platformName: windows, proxy: Proxy(), se:cdp: ws://localhost:55110/devtoo..., se:cdpVersion: 120.0.6099.110, setWindowRect: true, strictFileInteractability: false, timeouts: {implicit: 0, pageLoad: 300000, script: 30000}, unhandledPromptBehavior: dismiss and notify, webauthn:extension:credBlob: true, webauthn:extension:largeBlob: true, webauthn:extension:minPinLength: true, webauthn:extension:prf: true, webauthn:virtualAuthenticators: true}
Session ID: cda5ce93cefe3ec3bd29094f79ef177c
	at java.base/jdk.internal.reflect.NativeConstructorAccessorImpl.newInstance0(Native Method)
	at java.base/jdk.internal.reflect.NativeConstructorAccessorImpl.newInstance(NativeConstructorAccessorImpl.java:77)
	at java.base/jdk.internal.reflect.DelegatingConstructorAccessorImpl.newInstance(DelegatingConstructorAccessorImpl.java:45)
	at java.base/java.lang.reflect.Constructor.newInstanceWithCaller(Constructor.java:499)
	at java.base/java.lang.reflect.Constructor.newInstance(Constructor.java:480)
	at org.openqa.selenium.remote.codec.w3c.W3CHttpResponseCodec.createException(W3CHttpResponseCodec.java:200)
	at org.openqa.selenium.remote.codec.w3c.W3CHttpResponseCodec.decode(W3CHttpResponseCodec.java:133)
	at org.openqa.selenium.remote.codec.w3c.W3CHttpResponseCodec.decode(W3CHttpResponseCodec.java:52)
	at org.openqa.selenium.remote.HttpCommandExecutor.execute(HttpCommandExecutor.java:191)
	at org.openqa.selenium.remote.service.DriverCommandExecutor.invokeExecute(DriverCommandExecutor.java:200)
	at org.openqa.selenium.remote.service.DriverCommandExecutor.execute(DriverCommandExecutor.java:175)
	at org.openqa.selenium.remote.RemoteWebDriver.execute(RemoteWebDriver.java:607)
	at org.openqa.selenium.remote.RemoteWebDriver.execute(RemoteWebDriver.java:680)
	at org.openqa.selenium.remote.RemoteWebDriver.execute(RemoteWebDriver.java:684)
	at org.openqa.selenium.remote.RemoteWebDriver.getScreenshotAs(RemoteWebDriver.java:330)
	at com.tutorialninja.demo.utility.Utility.getScreenShot(Utility.java:473)
	at com.tutorialninja.demo.steps.Hooks.tearDown(Hooks.java:19)
</textarea>
      
      </div>
                  </div>
              </div>
            </div>
        </div>
  </div>
</div>
          </div>
        </li>
        <li class="test-item"  status="fail" test-id="120"
          author=""
          tag=""
          device="">
          <div class="test-detail">
            <p class="name">Laptops And Notebooks Page Test Feature</p>
            <p class="text-sm">
              <span>13:01:38</span> / <span>00:00:18:838</span>
              <span class="badge fail-bg log float-right">Fail</span>
            </p>
          </div>
          <div class="test-contents d-none">
<div class="detail-head">
<div class="p-v-10">
<div class="info">
<h5 class="test-status text-fail">Laptops And Notebooks Page Test Feature</h5>
<span class='badge badge-success'>12.18.2023 13:01:38</span>
<span class='badge badge-danger'>12.18.2023 13:01:56</span>
<span class='badge badge-default'>00:00:18:838</span>
&middot; <span class='uri-anchor badge badge-default'>#test-id=120</span>
<span class='badge badge-default pointer float-right ml-1 et'><i class="fa fa-chevron-down"></i></span>
<span class='badge badge-default pointer float-right ct'><i class="fa fa-chevron-up"></i></span>
</div>
<div class="m-t-10 m-l-5"></div>
</div>
</div>
<div class="accordion mt-4">
  <div class="card">
    <div class="card-header" role="tab">
      <div class="card-title">
        <div class="node" id="121"><span class="badge log pass-bg mr-2">Pass</span>User should see the Product price display in High to Low order from Sort by</div>
      </div>
    </div>
        <div class="collapse">
          <div class="card-body">
              <div class="step pass-bg" title="com.tutorialninja.demo.steps.TopMenuTestSteps.userMouseHoverOnCurrencyDropdownAndClickOnIt()">
                <span>When user mouse hover on Currency Dropdown and click on it</span>
      <div>
      </div>
              </div>
              <div class="step pass-bg" title="com.tutorialninja.demo.steps.TopMenuTestSteps.userMouseHoverOn£PoundSterlingAndClickOnIt()">
                <span>And User mouse hover on £Pound Sterling and click on it</span>
      <div>
      </div>
              </div>
              <div class="step pass-bg" title="com.tutorialninja.demo.steps.TopMenuTestSteps.userMouseHoverOnLaptopsNotebooksTabAndClickOnIt()">
                <span>When User mouse hover on Laptops & Notebooks tab and click on it</span>
      <div>
      </div>
              </div>
              <div class="step pass-bg" title="com.tutorialninja.demo.steps.TopMenuTestSteps.userClickOnShowAllLaptopsNotebooksOption()">
                <span>And User click on Show All Laptops & Notebooks Option</span>
      <div>
      </div>
              </div>
              <div class="step pass-bg" title="com.tutorialninja.demo.steps.LaptopsAndNotebooksSteps.userSelectSortByPriceHighLow()">
                <span>And User Select Sort By Price (High > Low)</span>
      <div>
      </div>
              </div>
              <div class="step pass-bg" title="com.tutorialninja.demo.steps.LaptopsAndNotebooksSteps.userShouldSeeProductPriceIsArrangeInHighToLowOrder()">
                <span>Then User should see Product price is arrange in High to Low order.</span>
      <div>
      </div>
              </div>
          </div>
        </div>
  </div>
  <div class="card">
    <div class="card-header" role="tab">
      <div class="card-title">
        <div class="node" id="130"><span class="badge log fail-bg mr-2">Fail</span>Verify That User Place Order Successfully</div>
          <div class="status-avatar float-right mr-4">
            <i class="fa fa-paperclip"></i>
          </div>
      </div>
    </div>
        <div class="">
          <div class="card-body">
              <div class="step pass-bg" title="com.tutorialninja.demo.steps.TopMenuTestSteps.userMouseHoverOnCurrencyDropdownAndClickOnIt()">
                <span>When user mouse hover on Currency Dropdown and click on it</span>
      <div>
      </div>
              </div>
              <div class="step pass-bg" title="com.tutorialninja.demo.steps.TopMenuTestSteps.userMouseHoverOn£PoundSterlingAndClickOnIt()">
                <span>And User mouse hover on £Pound Sterling and click on it</span>
      <div>
      </div>
              </div>
              <div class="step pass-bg" title="com.tutorialninja.demo.steps.TopMenuTestSteps.userMouseHoverOnLaptopsNotebooksTabAndClickOnIt()">
                <span>When User mouse hover on Laptops & Notebooks tab and click on it</span>
      <div>
      </div>
              </div>
              <div class="step pass-bg" title="com.tutorialninja.demo.steps.TopMenuTestSteps.userClickOnShowAllLaptopsNotebooksOption()">
                <span>And User click on Show All Laptops & Notebooks Option</span>
      <div>
      </div>
              </div>
              <div class="step pass-bg" title="com.tutorialninja.demo.steps.LaptopsAndNotebooksSteps.userSelectSortByPriceHighLow()">
                <span>And User Select Sort By Price (High > Low)</span>
      <div>
      </div>
              </div>
              <div class="step pass-bg" title="com.tutorialninja.demo.steps.LaptopsAndNotebooksSteps.userSelectProductMacBook()">
                <span>And User Select Product MacBook</span>
      <div>
      </div>
              </div>
              <div class="step pass-bg" title="com.tutorialninja.demo.steps.LaptopsAndNotebooksSteps.userShouldAbleToVerifyTheProductName(java.lang.String)">
                <span>Then User should able to verify the Product name "MacBook"</span>
      <div>
      </div>
              </div>
              <div class="step pass-bg" title="com.tutorialninja.demo.steps.LaptopsAndNotebooksSteps.userClickOnAddToCartButton()">
                <span>And User Click on Add To Cart button</span>
      <div>
      </div>
              </div>
              <div class="step pass-bg" title="com.tutorialninja.demo.steps.LaptopsAndNotebooksSteps.userShouldSeeTheMessageSuccessYouHaveAddedMacBookToYourShoppingCart()">
                <span>Then User should see the message Success: You have added MacBook to your shopping cart!</span>
      <div>
      </div>
              </div>
              <div class="step pass-bg" title="com.tutorialninja.demo.steps.LaptopsAndNotebooksSteps.userClickOnLinkShoppingCartDisplayIntoSuccessMessage()">
                <span>And User click on link shopping cart display into success message</span>
      <div>
      </div>
              </div>
              <div class="step fail-bg" title="com.tutorialninja.demo.steps.ShoppingCartTestSteps.userShouldAbleToSee(java.lang.String)">
                <span>Then User should able to see "Shopping Cart"</span>
      <div>
        <textarea disabled class="code-block">java.lang.AssertionError: Incorrect message displayed! expected [Shopping Cart] but found [Shopping Cart  (0.00kg)]
	at org.testng.Assert.fail(Assert.java:111)
	at org.testng.Assert.failNotEquals(Assert.java:1578)
	at org.testng.Assert.assertEqualsImpl(Assert.java:150)
	at org.testng.Assert.assertEquals(Assert.java:132)
	at org.testng.Assert.assertEquals(Assert.java:656)
	at com.tutorialninja.demo.steps.ShoppingCartTestSteps.userShouldAbleToSee(ShoppingCartTestSteps.java:35)
	at ✽.User should able to see "Shopping Cart"(file:///C:/Users/kakad/IdeaProjects/com-tutorialninja-demo-sw-6/src/test/resources/features/LaptopsAndNotebooksTest.feature:54)
</textarea>
      
      </div>
              </div>
              <div class="step skip-bg" title="com.tutorialninja.demo.steps.ShoppingCartTestSteps.userShouldAbleToSeeProductNameIs(java.lang.String)">
                <span>And user should able to see Product name is "MacBook"</span>
      <div>Step skipped
      </div>
              </div>
              <div class="step skip-bg" title="com.tutorialninja.demo.steps.ShoppingCartTestSteps.userChangeQuantityTo(int)">
                <span>And User Change Quantity to 2</span>
      <div>Step skipped
      </div>
              </div>
              <div class="step skip-bg" title="com.tutorialninja.demo.steps.ShoppingCartTestSteps.userClickOnUpdateTab()">
                <span>And User click on Update tab</span>
      <div>Step skipped
      </div>
              </div>
              <div class="step skip-bg" title="com.tutorialninja.demo.steps.ShoppingCartTestSteps.userShouldSeeMessage(java.lang.String)">
                <span>Then User should see message "Success: You have modified your shopping cart!"</span>
      <div>Step skipped
      </div>
              </div>
              <div class="step skip-bg" title="com.tutorialninja.demo.steps.ShoppingCartTestSteps.userShouldSeeTheUpdatedTotalPrice(java.lang.String)">
                <span>And User should see the updated  total price "£737.45"</span>
      <div>Step skipped
      </div>
              </div>
              <div class="step skip-bg" title="com.tutorialninja.demo.steps.ShoppingCartTestSteps.userClickOnCheckoutButton()">
                <span>And user click on Checkout button</span>
      <div>Step skipped
      </div>
              </div>
              <div class="step skip-bg" title="com.tutorialninja.demo.steps.CheckOutTestSteps.userShouldSeeCheckoutText(java.lang.String)">
                <span>Then User should see checkout text "Checkout"</span>
      <div>Step skipped
      </div>
              </div>
              <div class="step skip-bg" title="com.tutorialninja.demo.steps.CheckOutTestSteps.userShouldSeeCustomerText(java.lang.String)">
                <span>And user should see customer text "New Customer"</span>
      <div>Step skipped
      </div>
              </div>
              <div class="step skip-bg" title="com.tutorialninja.demo.steps.CheckOutTestSteps.userClickOnGuestCheckoutRadioButton()">
                <span>And User click on Guest Checkout radio button</span>
      <div>Step skipped
      </div>
              </div>
              <div class="step skip-bg" title="com.tutorialninja.demo.steps.CheckOutTestSteps.userClickOnContinueTab()">
                <span>And User click on Continue tab</span>
      <div>Step skipped
      </div>
              </div>
              <div class="step skip-bg" title="com.tutorialninja.demo.steps.CheckOutTestSteps.userFillAllTheMandatoryFields()">
                <span>Then user fill all the mandatory fields</span>
      <div>Step skipped
      </div>
              </div>
              <div class="step skip-bg" title="com.tutorialninja.demo.steps.CheckOutTestSteps.userClickOnContinue()">
                <span>And User click on Continue</span>
      <div>Step skipped
      </div>
              </div>
              <div class="step skip-bg" title="com.tutorialninja.demo.steps.CheckOutTestSteps.userEnterCommentsAboutOrderIntoTextField()">
                <span>And User enter Comments about order into text field</span>
      <div>Step skipped
      </div>
              </div>
              <div class="step skip-bg" title="com.tutorialninja.demo.steps.CheckOutTestSteps.userClickOnCheckTheTermsConditionsCheckBox()">
                <span>And User Click on check the Terms & Conditions check box</span>
      <div>Step skipped
      </div>
              </div>
              <div class="step skip-bg" title="com.tutorialninja.demo.steps.CheckOutTestSteps.userClickOnContinues()">
                <span>And User Click on Continues</span>
      <div>Step skipped
      </div>
              </div>
              <div class="step skip-bg" title="com.tutorialninja.demo.steps.CheckOutTestSteps.userShouldSeeWarningMessage(java.lang.String)">
                <span>Then User should see warning message "Warning: Payment method required"</span>
      <div>Step skipped
      </div>
              </div>
              <div class="step pass-bg" title="AFTER">
                <span>com.tutorialninja.demo.steps.Hooks.tearDown(io.cucumber.java.Scenario)</span>
      <div>Verify That User Place Order Successfully
          <div class="row mb-3"><div class="col-md-3">
<img data-featherlight='../screenshots/embedded5.png' src="../screenshots/embedded5.png">
    
    </div></div>
</div>
      <div>
      </div>
              </div>
          </div>
        </div>
  </div>
</div>
          </div>
        </li>
        <li class="test-item"  status="fail" test-id="160"
          author=""
          tag=""
          device="">
          <div class="test-detail">
            <p class="name">MyAccount Login Page Test Feature</p>
            <p class="text-sm">
              <span>13:01:56</span> / <span>00:00:52:497</span>
              <span class="badge fail-bg log float-right">Fail</span>
            </p>
          </div>
          <div class="test-contents d-none">
<div class="detail-head">
<div class="p-v-10">
<div class="info">
<h5 class="test-status text-fail">MyAccount Login Page Test Feature</h5>
<span class='badge badge-success'>12.18.2023 13:01:56</span>
<span class='badge badge-danger'>12.18.2023 13:02:49</span>
<span class='badge badge-default'>00:00:52:497</span>
&middot; <span class='uri-anchor badge badge-default'>#test-id=160</span>
<span class='badge badge-default pointer float-right ml-1 et'><i class="fa fa-chevron-down"></i></span>
<span class='badge badge-default pointer float-right ct'><i class="fa fa-chevron-up"></i></span>
</div>
<div class="m-t-10 m-l-5"></div>
</div>
</div>
<div class="accordion mt-4">
  <div class="card">
    <div class="card-header" role="tab">
      <div class="card-title">
        <div class="node" id="161"><span class="badge log fail-bg mr-2">Fail</span>Verify That User Should Login And Logout Successfully</div>
          <div class="status-avatar float-right mr-4">
            <i class="fa fa-paperclip"></i>
          </div>
      </div>
    </div>
        <div class="">
          <div class="card-body">
              <div class="step pass-bg" title="com.tutorialninja.demo.steps.TopMenuTestSteps.userMouseHoverOnCurrencyDropdownAndClickOnIt()">
                <span>When user mouse hover on Currency Dropdown and click on it</span>
      <div>
      </div>
              </div>
              <div class="step pass-bg" title="com.tutorialninja.demo.steps.TopMenuTestSteps.userMouseHoverOn£PoundSterlingAndClickOnIt()">
                <span>And User mouse hover on £Pound Sterling and click on it</span>
      <div>
      </div>
              </div>
              <div class="step pass-bg" title="com.tutorialninja.demo.steps.MyAccountLoginSteps.userClickOnMyAccountLink()">
                <span>When User click on My Account Link</span>
      <div>
      </div>
              </div>
              <div class="step pass-bg" title="com.tutorialninja.demo.steps.MyAccountLoginSteps.userClickOnLoginLink()">
                <span>And User Click on Login link</span>
      <div>
      </div>
              </div>
              <div class="step pass-bg" title="com.tutorialninja.demo.steps.MyAccountRegisterSteps.userEnterAnEmail()">
                <span>And User Enter an Email</span>
      <div>
      </div>
              </div>
              <div class="step pass-bg" title="com.tutorialninja.demo.steps.MyAccountLoginSteps.userEnterPassword()">
                <span>And User enter password</span>
      <div>
      </div>
              </div>
              <div class="step pass-bg" title="com.tutorialninja.demo.steps.MyAccountLoginSteps.userClickOnLoginButton()">
                <span>And User click on Login button</span>
      <div>
      </div>
              </div>
              <div class="step fail-bg" title="com.tutorialninja.demo.steps.MyAccountLoginSteps.userShouldBeAbleToLoginSuccessfullyAndVerifyTheTextMyAccount(java.lang.String)">
                <span>Then User should be able to login successfully and Verify the text "My Account"</span>
      <div>
        <textarea disabled class="code-block">org.openqa.selenium.NoSuchElementException: no such element: Unable to locate element: {"method":"xpath","selector":"//h2[normalize-space()='My Account']"}
  (Session info: chrome=120.0.6099.110)
For documentation on this error, please visit: https://www.selenium.dev/documentation/webdriver/troubleshooting/errors#no-such-element-exception
Build info: version: '4.15.0', revision: '1d14b5521b'
System info: os.name: 'Windows 11', os.arch: 'amd64', os.version: '10.0', java.version: '17.0.8'
Driver info: org.openqa.selenium.chrome.ChromeDriver
Command: [f165739ab492cc16047b2d3646acc3aa, findElement {using=xpath, value=//h2[normalize-space()='My Account']}]
Capabilities {acceptInsecureCerts: false, browserName: chrome, browserVersion: 120.0.6099.110, chrome: {chromedriverVersion: 120.0.6099.71 (9729082fe617..., userDataDir: C:\Users\kakad\AppData\Loca...}, fedcm:accounts: true, goog:chromeOptions: {debuggerAddress: localhost:55203}, networkConnectionEnabled: false, pageLoadStrategy: normal, platformName: windows, proxy: Proxy(), se:cdp: ws://localhost:55203/devtoo..., se:cdpVersion: 120.0.6099.110, setWindowRect: true, strictFileInteractability: false, timeouts: {implicit: 0, pageLoad: 300000, script: 30000}, unhandledPromptBehavior: dismiss and notify, webauthn:extension:credBlob: true, webauthn:extension:largeBlob: true, webauthn:extension:minPinLength: true, webauthn:extension:prf: true, webauthn:virtualAuthenticators: true}
Session ID: f165739ab492cc16047b2d3646acc3aa
	at java.base/jdk.internal.reflect.NativeConstructorAccessorImpl.newInstance0(Native Method)
	at java.base/jdk.internal.reflect.NativeConstructorAccessorImpl.newInstance(NativeConstructorAccessorImpl.java:77)
	at java.base/jdk.internal.reflect.DelegatingConstructorAccessorImpl.newInstance(DelegatingConstructorAccessorImpl.java:45)
	at java.base/java.lang.reflect.Constructor.newInstanceWithCaller(Constructor.java:499)
	at java.base/java.lang.reflect.Constructor.newInstance(Constructor.java:480)
	at org.openqa.selenium.remote.codec.w3c.W3CHttpResponseCodec.createException(W3CHttpResponseCodec.java:200)
	at org.openqa.selenium.remote.codec.w3c.W3CHttpResponseCodec.decode(W3CHttpResponseCodec.java:133)
	at org.openqa.selenium.remote.codec.w3c.W3CHttpResponseCodec.decode(W3CHttpResponseCodec.java:52)
	at org.openqa.selenium.remote.HttpCommandExecutor.execute(HttpCommandExecutor.java:191)
	at org.openqa.selenium.remote.service.DriverCommandExecutor.invokeExecute(DriverCommandExecutor.java:200)
	at org.openqa.selenium.remote.service.DriverCommandExecutor.execute(DriverCommandExecutor.java:175)
	at org.openqa.selenium.remote.RemoteWebDriver.execute(RemoteWebDriver.java:607)
	at org.openqa.selenium.remote.ElementLocation$ElementFinder$2.findElement(ElementLocation.java:165)
	at org.openqa.selenium.remote.ElementLocation.findElement(ElementLocation.java:59)
	at org.openqa.selenium.remote.RemoteWebDriver.findElement(RemoteWebDriver.java:364)
	at org.openqa.selenium.remote.RemoteWebDriver.findElement(RemoteWebDriver.java:358)
	at org.openqa.selenium.support.pagefactory.DefaultElementLocator.findElement(DefaultElementLocator.java:68)
	at org.openqa.selenium.support.pagefactory.internal.LocatingElementHandler.invoke(LocatingElementHandler.java:38)
	at jdk.proxy2/jdk.proxy2.$Proxy28.getText(Unknown Source)
	at com.tutorialninja.demo.utility.Utility.getTextFromElement(Utility.java:63)
	at com.tutorialninja.demo.pages.MyAccountPage.verifyTheTextMyAccount(MyAccountPage.java:62)
	at com.tutorialninja.demo.steps.MyAccountLoginSteps.userShouldBeAbleToLoginSuccessfullyAndVerifyTheTextMyAccount(MyAccountLoginSteps.java:35)
	at ✽.User should be able to login successfully and Verify the text "My Account"(file:///C:/Users/kakad/IdeaProjects/com-tutorialninja-demo-sw-6/src/test/resources/features/MyAccountLoginTest.feature:26)
</textarea>
      
      </div>
              </div>
              <div class="step skip-bg" title="com.tutorialninja.demo.steps.MyAccountLoginSteps.userClickOnLogOutLink()">
                <span>And User click On LogOut link</span>
      <div>Step skipped
      </div>
              </div>
              <div class="step skip-bg" title="com.tutorialninja.demo.steps.MyAccountLoginSteps.userShouldBeAbleToLogoutSuccessfullyAndVerifyTheText(java.lang.String)">
                <span>Then User should be able to logout successfully and Verify the text "Account Logout"</span>
      <div>Step skipped
      </div>
              </div>
              <div class="step skip-bg" title="com.tutorialninja.demo.steps.MyAccountLoginSteps.userClickOnContinueButtonThree()">
                <span>And User click on continue buttonThree</span>
      <div>Step skipped
      </div>
              </div>
              <div class="step pass-bg" title="AFTER">
                <span>com.tutorialninja.demo.steps.Hooks.tearDown(io.cucumber.java.Scenario)</span>
      <div>Verify That User Should Login And Logout Successfully
          <div class="row mb-3"><div class="col-md-3">
<img data-featherlight='../screenshots/embedded6.png' src="../screenshots/embedded6.png">
    
    </div></div>
</div>
      <div>
      </div>
              </div>
          </div>
        </div>
  </div>
</div>
          </div>
        </li>
        <li class="test-item"  status="pass" test-id="175"
          author=""
          tag=""
          device="">
          <div class="test-detail">
            <p class="name">MyAccount Register Page Test Feature</p>
            <p class="text-sm">
              <span>13:02:49</span> / <span>00:00:38:176</span>
              <span class="badge pass-bg log float-right">Pass</span>
            </p>
          </div>
          <div class="test-contents d-none">
<div class="detail-head">
<div class="p-v-10">
<div class="info">
<h5 class="test-status text-pass">MyAccount Register Page Test Feature</h5>
<span class='badge badge-success'>12.18.2023 13:02:49</span>
<span class='badge badge-danger'>12.18.2023 13:03:27</span>
<span class='badge badge-default'>00:00:38:176</span>
&middot; <span class='uri-anchor badge badge-default'>#test-id=175</span>
<span class='badge badge-default pointer float-right ml-1 et'><i class="fa fa-chevron-down"></i></span>
<span class='badge badge-default pointer float-right ct'><i class="fa fa-chevron-up"></i></span>
</div>
<div class="m-t-10 m-l-5"></div>
</div>
</div>
<div class="accordion mt-4">
  <div class="card">
    <div class="card-header" role="tab">
      <div class="card-title">
        <div class="node" id="176"><span class="badge log pass-bg mr-2">Pass</span>Verify User Should Navigate To Register Page Successfully</div>
      </div>
    </div>
        <div class="collapse">
          <div class="card-body">
              <div class="step pass-bg" title="com.tutorialninja.demo.steps.TopMenuTestSteps.userMouseHoverOnCurrencyDropdownAndClickOnIt()">
                <span>When user mouse hover on Currency Dropdown and click on it</span>
      <div>
      </div>
              </div>
              <div class="step pass-bg" title="com.tutorialninja.demo.steps.TopMenuTestSteps.userMouseHoverOn£PoundSterlingAndClickOnIt()">
                <span>And User mouse hover on £Pound Sterling and click on it</span>
      <div>
      </div>
              </div>
              <div class="step pass-bg" title="com.tutorialninja.demo.steps.MyAccountLoginSteps.userClickOnMyAccountLink()">
                <span>When User click on My Account Link</span>
      <div>
      </div>
              </div>
              <div class="step pass-bg" title="com.tutorialninja.demo.steps.TopMenuTestSteps.userClickOnRegisterLink()">
                <span>And User Click on Register link</span>
      <div>
      </div>
              </div>
              <div class="step pass-bg" title="com.tutorialninja.demo.steps.MyAccountRegisterSteps.userShouldVerifyTheTextForRegisterAccount(java.lang.String)">
                <span>Then User should verify the text for Register Account "Register Account"</span>
      <div>
      </div>
              </div>
          </div>
        </div>
  </div>
  <div class="card">
    <div class="card-header" role="tab">
      <div class="card-title">
        <div class="node" id="184"><span class="badge log pass-bg mr-2">Pass</span>Verify User Should Navigate To Login Page Successfully</div>
      </div>
    </div>
        <div class="collapse">
          <div class="card-body">
              <div class="step pass-bg" title="com.tutorialninja.demo.steps.TopMenuTestSteps.userMouseHoverOnCurrencyDropdownAndClickOnIt()">
                <span>When user mouse hover on Currency Dropdown and click on it</span>
      <div>
      </div>
              </div>
              <div class="step pass-bg" title="com.tutorialninja.demo.steps.TopMenuTestSteps.userMouseHoverOn£PoundSterlingAndClickOnIt()">
                <span>And User mouse hover on £Pound Sterling and click on it</span>
      <div>
      </div>
              </div>
              <div class="step pass-bg" title="com.tutorialninja.demo.steps.MyAccountLoginSteps.userClickOnMyAccountLink()">
                <span>When User click on My Account Link</span>
      <div>
      </div>
              </div>
              <div class="step pass-bg" title="com.tutorialninja.demo.steps.MyAccountLoginSteps.userClickOnLoginLink()">
                <span>And User Click on Login link</span>
      <div>
      </div>
              </div>
              <div class="step pass-bg" title="com.tutorialninja.demo.steps.MyAccountRegisterSteps.userShouldVerifyTheTextForCustomer(java.lang.String)">
                <span>Then User should verify the text for customer "Returning Customer"</span>
      <div>
      </div>
              </div>
          </div>
        </div>
  </div>
</div>
          </div>
        </li>
        <li class="test-item"  status="pass" test-id="192"
          author=""
          tag=""
          device="">
          <div class="test-detail">
            <p class="name">TopMenu Test Feature</p>
            <p class="text-sm">
              <span>13:03:27</span> / <span>00:00:35:173</span>
              <span class="badge pass-bg log float-right">Pass</span>
            </p>
          </div>
          <div class="test-contents d-none">
<div class="detail-head">
<div class="p-v-10">
<div class="info">
<h5 class="test-status text-pass">TopMenu Test Feature</h5>
<span class='badge badge-success'>12.18.2023 13:03:27</span>
<span class='badge badge-danger'>12.18.2023 13:04:02</span>
<span class='badge badge-default'>00:00:35:173</span>
&middot; <span class='uri-anchor badge badge-default'>#test-id=192</span>
<span class='badge badge-default pointer float-right ml-1 et'><i class="fa fa-chevron-down"></i></span>
<span class='badge badge-default pointer float-right ct'><i class="fa fa-chevron-up"></i></span>
</div>
<div class="m-t-10 m-l-5"> As a User, I should be able to check TopMenu features</div>
</div>
</div>
<div class="accordion mt-4">
  <div class="card">
    <div class="card-header" role="tab">
      <div class="card-title">
        <div class="node" id="193"><span class="badge log pass-bg mr-2">Pass</span>Verify User Should Navigate To Desktops Page Successfully</div>
      </div>
    </div>
        <div class="collapse">
          <div class="card-body">
              <div class="step pass-bg" title="com.tutorialninja.demo.steps.TopMenuTestSteps.userMouseHoverOnCurrencyDropdownAndClickOnIt()">
                <span>When user mouse hover on Currency Dropdown and click on it</span>
      <div>
      </div>
              </div>
              <div class="step pass-bg" title="com.tutorialninja.demo.steps.TopMenuTestSteps.userMouseHoverOn£PoundSterlingAndClickOnIt()">
                <span>And User mouse hover on £Pound Sterling and click on it</span>
      <div>
      </div>
              </div>
              <div class="step pass-bg" title="com.tutorialninja.demo.steps.TopMenuTestSteps.userMouseHoverOnDesktopsTabAndClickOnIt()">
                <span>When User mouse hover on Desktops tab and click on it</span>
      <div>
      </div>
              </div>
              <div class="step pass-bg" title="com.tutorialninja.demo.steps.TopMenuTestSteps.userClickOnShowAllDesktopsOption()">
                <span>And User click on Show All Desktops Option</span>
      <div>
      </div>
              </div>
              <div class="step pass-bg" title="com.tutorialninja.demo.steps.TopMenuTestSteps.userShouldSeeTextOnDesktopsPage(java.lang.String)">
                <span>Then User should See "Desktops" text on desktops page</span>
      <div>
      </div>
              </div>
          </div>
        </div>
  </div>
  <div class="card">
    <div class="card-header" role="tab">
      <div class="card-title">
        <div class="node" id="201"><span class="badge log pass-bg mr-2">Pass</span>Verify User Should Navigate To Laptops And Notebooks Page Successfully</div>
      </div>
    </div>
        <div class="collapse">
          <div class="card-body">
              <div class="step pass-bg" title="com.tutorialninja.demo.steps.TopMenuTestSteps.userMouseHoverOnCurrencyDropdownAndClickOnIt()">
                <span>When user mouse hover on Currency Dropdown and click on it</span>
      <div>
      </div>
              </div>
              <div class="step pass-bg" title="com.tutorialninja.demo.steps.TopMenuTestSteps.userMouseHoverOn£PoundSterlingAndClickOnIt()">
                <span>And User mouse hover on £Pound Sterling and click on it</span>
      <div>
      </div>
              </div>
              <div class="step pass-bg" title="com.tutorialninja.demo.steps.TopMenuTestSteps.userMouseHoverOnLaptopsNotebooksTabAndClickOnIt()">
                <span>When User mouse hover on Laptops & Notebooks tab and click on it</span>
      <div>
      </div>
              </div>
              <div class="step pass-bg" title="com.tutorialninja.demo.steps.TopMenuTestSteps.userClickOnShowAllLaptopsNotebooksOption()">
                <span>And User click on Show All Laptops & Notebooks Option</span>
      <div>
      </div>
              </div>
              <div class="step pass-bg" title="com.tutorialninja.demo.steps.TopMenuTestSteps.userShouldSeeTextOnLaptopsNotebooksPage(java.lang.String)">
                <span>Then User should See "Laptops & Notebooks" text on laptops & notebooks page</span>
      <div>
      </div>
              </div>
          </div>
        </div>
  </div>
</div>
          </div>
        </li>
      </ul>
    </div>
  </div>
<div class="test-content scrollable">
<div class="test-content-tools">
<ul><li><a class="back-to-test" href="#"><i class="fa fa-arrow-left"></i></a></li></ul>
</div>
<div class="test-content-detail"><div class="detail-body"></div></div>
</div></div>
<div class="test-wrapper row view category-view attributes-view">
<div class="test-list">
<div class="test-list-tools">
<ul class="tools pull-left"><li><a href=""><span class="font-size-14">Category</span></a></li></ul>
<ul class="tools text-right"><li><a href="#"><span class="badge badge-primary">4</span></a></li></ul>
</div>
<div class="test-list-wrapper scrollable">
<ul class="test-list-item">
<li class="test-item">
<div class="test-detail">
<span class="meta">
<span class='badge log pass-bg'>4</span>
<span class='badge log badge-danger'>1</span>
</span>
<p class="name">@Sanity</p>
<p class="duration text-sm">5 tests</p>
</div>
<div class="test-contents d-none">
<div class="info">
<h4>@Sanity</h4>
<span status="pass" class='badge log pass-bg'>4 passed</span>
<span status="fail" class='badge log badge-danger'>1 failed</span>
</div>
<table class='table table-sm mt-4'>
<thead>
<tr>
<th class="status-col">Status</th>
<th class="timestamp-col">Timestamp</th>
<th>TestName</th>
</tr>
</thead>
<tbody>
<tr class="tag-test-status" status="pass">
<td><span class="badge log pass-bg">Pass</span></td>
<td>12:59:34 pm</td>
<td>
<a href="#" class="linked" test-id='1' id='2'>Verify Product Arrange In Alphabetical Order</a>
<div class="">
<span class="badge badge-default">Desktops Page Test Feature.Verify Product Arrange In Alphabetical Order</span>
</div>
</td>
</tr>
<tr class="tag-test-status" status="pass">
<td><span class="badge log pass-bg">Pass</span></td>
<td>13:01:38 pm</td>
<td>
<a href="#" class="linked" test-id='120' id='121'>User should see the Product price display in High to Low order from Sort by</a>
<div class="">
<span class="badge badge-default">Laptops And Notebooks Page Test Feature.User should see the Product price display in High to Low order from Sort by</span>
</div>
</td>
</tr>
<tr class="tag-test-status" status="fail">
<td><span class="badge log fail-bg">Fail</span></td>
<td>13:01:56 pm</td>
<td>
<a href="#" class="linked" test-id='160' id='161'>Verify That User Should Login And Logout Successfully</a>
<div class="">
<span class="badge badge-default">MyAccount Login Page Test Feature.Verify That User Should Login And Logout Successfully</span>
</div>
</td>
</tr>
<tr class="tag-test-status" status="pass">
<td><span class="badge log pass-bg">Pass</span></td>
<td>13:02:49 pm</td>
<td>
<a href="#" class="linked" test-id='175' id='176'>Verify User Should Navigate To Register Page Successfully</a>
<div class="">
<span class="badge badge-default">MyAccount Register Page Test Feature.Verify User Should Navigate To Register Page Successfully</span>
</div>
</td>
</tr>
<tr class="tag-test-status" status="pass">
<td><span class="badge log pass-bg">Pass</span></td>
<td>13:03:27 pm</td>
<td>
<a href="#" class="linked" test-id='192' id='193'>Verify User Should Navigate To Desktops Page Successfully</a>
<div class="">
<span class="badge badge-default">TopMenu Test Feature.Verify User Should Navigate To Desktops Page Successfully</span>
</div>
</td>
</tr>
</tbody>
</table>
</div>
</li>
<li class="test-item">
<div class="test-detail">
<span class="meta">
<span class='badge log pass-bg'>6</span>
<span class='badge log badge-danger'>8</span>
</span>
<p class="name">@Regression</p>
<p class="duration text-sm">14 tests</p>
</div>
<div class="test-contents d-none">
<div class="info">
<h4>@Regression</h4>
<span status="pass" class='badge log pass-bg'>6 passed</span>
<span status="fail" class='badge log badge-danger'>8 failed</span>
</div>
<table class='table table-sm mt-4'>
<thead>
<tr>
<th class="status-col">Status</th>
<th class="timestamp-col">Timestamp</th>
<th>TestName</th>
</tr>
</thead>
<tbody>
<tr class="tag-test-status" status="pass">
<td><span class="badge log pass-bg">Pass</span></td>
<td>12:59:34 pm</td>
<td>
<a href="#" class="linked" test-id='1' id='2'>Verify Product Arrange In Alphabetical Order</a>
<div class="">
<span class="badge badge-default">Desktops Page Test Feature.Verify Product Arrange In Alphabetical Order</span>
</div>
</td>
</tr>
<tr class="tag-test-status" status="fail">
<td><span class="badge log fail-bg">Fail</span></td>
<td>13:00:03 pm</td>
<td>
<a href="#" class="linked" test-id='1' id='12'>Verify Product Added To Shopping Cart SuccessFully</a>
<div class="">
<span class="badge badge-default">Desktops Page Test Feature.Verify Product Added To Shopping Cart SuccessFully</span>
</div>
</td>
</tr>
<tr class="tag-test-status" status="fail">
<td><span class="badge log fail-bg">Fail</span></td>
<td>13:00:36 pm</td>
<td>
<a href="#" class="linked" test-id='1' id='30'>Verify Product Added To Shopping Cart SuccessFully</a>
<div class="">
<span class="badge badge-default">Desktops Page Test Feature.Verify Product Added To Shopping Cart SuccessFully</span>
</div>
</td>
</tr>
<tr class="tag-test-status" status="fail">
<td><span class="badge log fail-bg">Fail</span></td>
<td>13:00:45 pm</td>
<td>
<a href="#" class="linked" test-id='1' id='48'>Verify Product Added To Shopping Cart SuccessFully</a>
<div class="">
<span class="badge badge-default">Desktops Page Test Feature.Verify Product Added To Shopping Cart SuccessFully</span>
</div>
</td>
</tr>
<tr class="tag-test-status" status="fail">
<td><span class="badge log fail-bg">Fail</span></td>
<td>13:00:57 pm</td>
<td>
<a href="#" class="linked" test-id='1' id='66'>Verify Product Added To Shopping Cart SuccessFully</a>
<div class="">
<span class="badge badge-default">Desktops Page Test Feature.Verify Product Added To Shopping Cart SuccessFully</span>
</div>
</td>
</tr>
<tr class="tag-test-status" status="fail">
<td><span class="badge log fail-bg">Fail</span></td>
<td>13:01:06 pm</td>
<td>
<a href="#" class="linked" test-id='1' id='84'>Verify Product Added To Shopping Cart SuccessFully</a>
<div class="">
<span class="badge badge-default">Desktops Page Test Feature.Verify Product Added To Shopping Cart SuccessFully</span>
</div>
</td>
</tr>
<tr class="tag-test-status" status="fail">
<td><span class="badge log fail-bg">Fail</span></td>
<td>13:01:16 pm</td>
<td>
<a href="#" class="linked" test-id='1' id='102'>Verify Product Added To Shopping Cart SuccessFully</a>
<div class="">
<span class="badge badge-default">Desktops Page Test Feature.Verify Product Added To Shopping Cart SuccessFully</span>
</div>
</td>
</tr>
<tr class="tag-test-status" status="pass">
<td><span class="badge log pass-bg">Pass</span></td>
<td>13:01:38 pm</td>
<td>
<a href="#" class="linked" test-id='120' id='121'>User should see the Product price display in High to Low order from Sort by</a>
<div class="">
<span class="badge badge-default">Laptops And Notebooks Page Test Feature.User should see the Product price display in High to Low order from Sort by</span>
</div>
</td>
</tr>
<tr class="tag-test-status" status="fail">
<td><span class="badge log fail-bg">Fail</span></td>
<td>13:01:46 pm</td>
<td>
<a href="#" class="linked" test-id='120' id='130'>Verify That User Place Order Successfully</a>
<div class="">
<span class="badge badge-default">Laptops And Notebooks Page Test Feature.Verify That User Place Order Successfully</span>
</div>
</td>
</tr>
<tr class="tag-test-status" status="fail">
<td><span class="badge log fail-bg">Fail</span></td>
<td>13:01:56 pm</td>
<td>
<a href="#" class="linked" test-id='160' id='161'>Verify That User Should Login And Logout Successfully</a>
<div class="">
<span class="badge badge-default">MyAccount Login Page Test Feature.Verify That User Should Login And Logout Successfully</span>
</div>
</td>
</tr>
<tr class="tag-test-status" status="pass">
<td><span class="badge log pass-bg">Pass</span></td>
<td>13:02:49 pm</td>
<td>
<a href="#" class="linked" test-id='175' id='176'>Verify User Should Navigate To Register Page Successfully</a>
<div class="">
<span class="badge badge-default">MyAccount Register Page Test Feature.Verify User Should Navigate To Register Page Successfully</span>
</div>
</td>
</tr>
<tr class="tag-test-status" status="pass">
<td><span class="badge log pass-bg">Pass</span></td>
<td>13:02:59 pm</td>
<td>
<a href="#" class="linked" test-id='175' id='184'>Verify User Should Navigate To Login Page Successfully</a>
<div class="">
<span class="badge badge-default">MyAccount Register Page Test Feature.Verify User Should Navigate To Login Page Successfully</span>
</div>
</td>
</tr>
<tr class="tag-test-status" status="pass">
<td><span class="badge log pass-bg">Pass</span></td>
<td>13:03:27 pm</td>
<td>
<a href="#" class="linked" test-id='192' id='193'>Verify User Should Navigate To Desktops Page Successfully</a>
<div class="">
<span class="badge badge-default">TopMenu Test Feature.Verify User Should Navigate To Desktops Page Successfully</span>
</div>
</td>
</tr>
<tr class="tag-test-status" status="pass">
<td><span class="badge log pass-bg">Pass</span></td>
<td>13:03:38 pm</td>
<td>
<a href="#" class="linked" test-id='192' id='201'>Verify User Should Navigate To Laptops And Notebooks Page Successfully</a>
<div class="">
<span class="badge badge-default">TopMenu Test Feature.Verify User Should Navigate To Laptops And Notebooks Page Successfully</span>
</div>
</td>
</tr>
</tbody>
</table>
</div>
</li>
<li class="test-item">
<div class="test-detail">
<span class="meta">
<span class='badge log pass-bg'>6</span>
<span class='badge log badge-danger'>8</span>
</span>
<p class="name">@Smoke</p>
<p class="duration text-sm">14 tests</p>
</div>
<div class="test-contents d-none">
<div class="info">
<h4>@Smoke</h4>
<span status="pass" class='badge log pass-bg'>6 passed</span>
<span status="fail" class='badge log badge-danger'>8 failed</span>
</div>
<table class='table table-sm mt-4'>
<thead>
<tr>
<th class="status-col">Status</th>
<th class="timestamp-col">Timestamp</th>
<th>TestName</th>
</tr>
</thead>
<tbody>
<tr class="tag-test-status" status="pass">
<td><span class="badge log pass-bg">Pass</span></td>
<td>12:59:34 pm</td>
<td>
<a href="#" class="linked" test-id='1' id='2'>Verify Product Arrange In Alphabetical Order</a>
<div class="">
<span class="badge badge-default">Desktops Page Test Feature.Verify Product Arrange In Alphabetical Order</span>
</div>
</td>
</tr>
<tr class="tag-test-status" status="fail">
<td><span class="badge log fail-bg">Fail</span></td>
<td>13:00:03 pm</td>
<td>
<a href="#" class="linked" test-id='1' id='12'>Verify Product Added To Shopping Cart SuccessFully</a>
<div class="">
<span class="badge badge-default">Desktops Page Test Feature.Verify Product Added To Shopping Cart SuccessFully</span>
</div>
</td>
</tr>
<tr class="tag-test-status" status="fail">
<td><span class="badge log fail-bg">Fail</span></td>
<td>13:00:36 pm</td>
<td>
<a href="#" class="linked" test-id='1' id='30'>Verify Product Added To Shopping Cart SuccessFully</a>
<div class="">
<span class="badge badge-default">Desktops Page Test Feature.Verify Product Added To Shopping Cart SuccessFully</span>
</div>
</td>
</tr>
<tr class="tag-test-status" status="fail">
<td><span class="badge log fail-bg">Fail</span></td>
<td>13:00:45 pm</td>
<td>
<a href="#" class="linked" test-id='1' id='48'>Verify Product Added To Shopping Cart SuccessFully</a>
<div class="">
<span class="badge badge-default">Desktops Page Test Feature.Verify Product Added To Shopping Cart SuccessFully</span>
</div>
</td>
</tr>
<tr class="tag-test-status" status="fail">
<td><span class="badge log fail-bg">Fail</span></td>
<td>13:00:57 pm</td>
<td>
<a href="#" class="linked" test-id='1' id='66'>Verify Product Added To Shopping Cart SuccessFully</a>
<div class="">
<span class="badge badge-default">Desktops Page Test Feature.Verify Product Added To Shopping Cart SuccessFully</span>
</div>
</td>
</tr>
<tr class="tag-test-status" status="fail">
<td><span class="badge log fail-bg">Fail</span></td>
<td>13:01:06 pm</td>
<td>
<a href="#" class="linked" test-id='1' id='84'>Verify Product Added To Shopping Cart SuccessFully</a>
<div class="">
<span class="badge badge-default">Desktops Page Test Feature.Verify Product Added To Shopping Cart SuccessFully</span>
</div>
</td>
</tr>
<tr class="tag-test-status" status="fail">
<td><span class="badge log fail-bg">Fail</span></td>
<td>13:01:16 pm</td>
<td>
<a href="#" class="linked" test-id='1' id='102'>Verify Product Added To Shopping Cart SuccessFully</a>
<div class="">
<span class="badge badge-default">Desktops Page Test Feature.Verify Product Added To Shopping Cart SuccessFully</span>
</div>
</td>
</tr>
<tr class="tag-test-status" status="pass">
<td><span class="badge log pass-bg">Pass</span></td>
<td>13:01:38 pm</td>
<td>
<a href="#" class="linked" test-id='120' id='121'>User should see the Product price display in High to Low order from Sort by</a>
<div class="">
<span class="badge badge-default">Laptops And Notebooks Page Test Feature.User should see the Product price display in High to Low order from Sort by</span>
</div>
</td>
</tr>
<tr class="tag-test-status" status="fail">
<td><span class="badge log fail-bg">Fail</span></td>
<td>13:01:46 pm</td>
<td>
<a href="#" class="linked" test-id='120' id='130'>Verify That User Place Order Successfully</a>
<div class="">
<span class="badge badge-default">Laptops And Notebooks Page Test Feature.Verify That User Place Order Successfully</span>
</div>
</td>
</tr>
<tr class="tag-test-status" status="fail">
<td><span class="badge log fail-bg">Fail</span></td>
<td>13:01:56 pm</td>
<td>
<a href="#" class="linked" test-id='160' id='161'>Verify That User Should Login And Logout Successfully</a>
<div class="">
<span class="badge badge-default">MyAccount Login Page Test Feature.Verify That User Should Login And Logout Successfully</span>
</div>
</td>
</tr>
<tr class="tag-test-status" status="pass">
<td><span class="badge log pass-bg">Pass</span></td>
<td>13:02:49 pm</td>
<td>
<a href="#" class="linked" test-id='175' id='176'>Verify User Should Navigate To Register Page Successfully</a>
<div class="">
<span class="badge badge-default">MyAccount Register Page Test Feature.Verify User Should Navigate To Register Page Successfully</span>
</div>
</td>
</tr>
<tr class="tag-test-status" status="pass">
<td><span class="badge log pass-bg">Pass</span></td>
<td>13:02:59 pm</td>
<td>
<a href="#" class="linked" test-id='175' id='184'>Verify User Should Navigate To Login Page Successfully</a>
<div class="">
<span class="badge badge-default">MyAccount Register Page Test Feature.Verify User Should Navigate To Login Page Successfully</span>
</div>
</td>
</tr>
<tr class="tag-test-status" status="pass">
<td><span class="badge log pass-bg">Pass</span></td>
<td>13:03:27 pm</td>
<td>
<a href="#" class="linked" test-id='192' id='193'>Verify User Should Navigate To Desktops Page Successfully</a>
<div class="">
<span class="badge badge-default">TopMenu Test Feature.Verify User Should Navigate To Desktops Page Successfully</span>
</div>
</td>
</tr>
<tr class="tag-test-status" status="pass">
<td><span class="badge log pass-bg">Pass</span></td>
<td>13:03:38 pm</td>
<td>
<a href="#" class="linked" test-id='192' id='201'>Verify User Should Navigate To Laptops And Notebooks Page Successfully</a>
<div class="">
<span class="badge badge-default">TopMenu Test Feature.Verify User Should Navigate To Laptops And Notebooks Page Successfully</span>
</div>
</td>
</tr>
</tbody>
</table>
</div>
</li>
<li class="test-item">
<div class="test-detail">
<span class="meta">
<span class='badge log pass-bg'>6</span>
<span class='badge log badge-danger'>8</span>
</span>
<p class="name">@Asha</p>
<p class="duration text-sm">14 tests</p>
</div>
<div class="test-contents d-none">
<div class="info">
<h4>@Asha</h4>
<span status="pass" class='badge log pass-bg'>6 passed</span>
<span status="fail" class='badge log badge-danger'>8 failed</span>
</div>
<table class='table table-sm mt-4'>
<thead>
<tr>
<th class="status-col">Status</th>
<th class="timestamp-col">Timestamp</th>
<th>TestName</th>
</tr>
</thead>
<tbody>
<tr class="tag-test-status" status="pass">
<td><span class="badge log pass-bg">Pass</span></td>
<td>12:59:34 pm</td>
<td>
<a href="#" class="linked" test-id='1' id='2'>Verify Product Arrange In Alphabetical Order</a>
<div class="">
<span class="badge badge-default">Desktops Page Test Feature.Verify Product Arrange In Alphabetical Order</span>
</div>
</td>
</tr>
<tr class="tag-test-status" status="fail">
<td><span class="badge log fail-bg">Fail</span></td>
<td>13:00:03 pm</td>
<td>
<a href="#" class="linked" test-id='1' id='12'>Verify Product Added To Shopping Cart SuccessFully</a>
<div class="">
<span class="badge badge-default">Desktops Page Test Feature.Verify Product Added To Shopping Cart SuccessFully</span>
</div>
</td>
</tr>
<tr class="tag-test-status" status="fail">
<td><span class="badge log fail-bg">Fail</span></td>
<td>13:00:36 pm</td>
<td>
<a href="#" class="linked" test-id='1' id='30'>Verify Product Added To Shopping Cart SuccessFully</a>
<div class="">
<span class="badge badge-default">Desktops Page Test Feature.Verify Product Added To Shopping Cart SuccessFully</span>
</div>
</td>
</tr>
<tr class="tag-test-status" status="fail">
<td><span class="badge log fail-bg">Fail</span></td>
<td>13:00:45 pm</td>
<td>
<a href="#" class="linked" test-id='1' id='48'>Verify Product Added To Shopping Cart SuccessFully</a>
<div class="">
<span class="badge badge-default">Desktops Page Test Feature.Verify Product Added To Shopping Cart SuccessFully</span>
</div>
</td>
</tr>
<tr class="tag-test-status" status="fail">
<td><span class="badge log fail-bg">Fail</span></td>
<td>13:00:57 pm</td>
<td>
<a href="#" class="linked" test-id='1' id='66'>Verify Product Added To Shopping Cart SuccessFully</a>
<div class="">
<span class="badge badge-default">Desktops Page Test Feature.Verify Product Added To Shopping Cart SuccessFully</span>
</div>
</td>
</tr>
<tr class="tag-test-status" status="fail">
<td><span class="badge log fail-bg">Fail</span></td>
<td>13:01:06 pm</td>
<td>
<a href="#" class="linked" test-id='1' id='84'>Verify Product Added To Shopping Cart SuccessFully</a>
<div class="">
<span class="badge badge-default">Desktops Page Test Feature.Verify Product Added To Shopping Cart SuccessFully</span>
</div>
</td>
</tr>
<tr class="tag-test-status" status="fail">
<td><span class="badge log fail-bg">Fail</span></td>
<td>13:01:16 pm</td>
<td>
<a href="#" class="linked" test-id='1' id='102'>Verify Product Added To Shopping Cart SuccessFully</a>
<div class="">
<span class="badge badge-default">Desktops Page Test Feature.Verify Product Added To Shopping Cart SuccessFully</span>
</div>
</td>
</tr>
<tr class="tag-test-status" status="pass">
<td><span class="badge log pass-bg">Pass</span></td>
<td>13:01:38 pm</td>
<td>
<a href="#" class="linked" test-id='120' id='121'>User should see the Product price display in High to Low order from Sort by</a>
<div class="">
<span class="badge badge-default">Laptops And Notebooks Page Test Feature.User should see the Product price display in High to Low order from Sort by</span>
</div>
</td>
</tr>
<tr class="tag-test-status" status="fail">
<td><span class="badge log fail-bg">Fail</span></td>
<td>13:01:46 pm</td>
<td>
<a href="#" class="linked" test-id='120' id='130'>Verify That User Place Order Successfully</a>
<div class="">
<span class="badge badge-default">Laptops And Notebooks Page Test Feature.Verify That User Place Order Successfully</span>
</div>
</td>
</tr>
<tr class="tag-test-status" status="fail">
<td><span class="badge log fail-bg">Fail</span></td>
<td>13:01:56 pm</td>
<td>
<a href="#" class="linked" test-id='160' id='161'>Verify That User Should Login And Logout Successfully</a>
<div class="">
<span class="badge badge-default">MyAccount Login Page Test Feature.Verify That User Should Login And Logout Successfully</span>
</div>
</td>
</tr>
<tr class="tag-test-status" status="pass">
<td><span class="badge log pass-bg">Pass</span></td>
<td>13:02:49 pm</td>
<td>
<a href="#" class="linked" test-id='175' id='176'>Verify User Should Navigate To Register Page Successfully</a>
<div class="">
<span class="badge badge-default">MyAccount Register Page Test Feature.Verify User Should Navigate To Register Page Successfully</span>
</div>
</td>
</tr>
<tr class="tag-test-status" status="pass">
<td><span class="badge log pass-bg">Pass</span></td>
<td>13:02:59 pm</td>
<td>
<a href="#" class="linked" test-id='175' id='184'>Verify User Should Navigate To Login Page Successfully</a>
<div class="">
<span class="badge badge-default">MyAccount Register Page Test Feature.Verify User Should Navigate To Login Page Successfully</span>
</div>
</td>
</tr>
<tr class="tag-test-status" status="pass">
<td><span class="badge log pass-bg">Pass</span></td>
<td>13:03:27 pm</td>
<td>
<a href="#" class="linked" test-id='192' id='193'>Verify User Should Navigate To Desktops Page Successfully</a>
<div class="">
<span class="badge badge-default">TopMenu Test Feature.Verify User Should Navigate To Desktops Page Successfully</span>
</div>
</td>
</tr>
<tr class="tag-test-status" status="pass">
<td><span class="badge log pass-bg">Pass</span></td>
<td>13:03:38 pm</td>
<td>
<a href="#" class="linked" test-id='192' id='201'>Verify User Should Navigate To Laptops And Notebooks Page Successfully</a>
<div class="">
<span class="badge badge-default">TopMenu Test Feature.Verify User Should Navigate To Laptops And Notebooks Page Successfully</span>
</div>
</td>
</tr>
</tbody>
</table>
</div>
</li>
</ul>
</div>
</div>
<div class="test-content scrollable">
<div class="test-content-detail">
<div class="detail-body"></div>
</div>
</div>
</div><div class="test-wrapper row view exception-view attributes-view">
<div class="test-list">
<div class="test-list-tools">
<ul class="tools pull-left"><li><a href=""><span class="font-size-14">Exception</span></a></li></ul>
<ul class="tools text-right"><li><a href="#"><span class="badge badge-primary">5</span></a></li></ul>
</div>
<div class="test-list-wrapper scrollable">
<ul class="test-list-item">
<li class="test-item">
<div class="test-detail">
<span class="meta">
<span class='badge log badge-danger'>1</span>
</span>
<p class="name">java.lang.AssertionError</p>
<p class="duration text-sm">1 tests</p>
</div>
<div class="test-contents d-none">
<div class="info">
<h4>java.lang.AssertionError</h4>
<span status="fail" class='badge log badge-danger'>1 failed</span>
</div>
<table class='table table-sm mt-4'>
<thead>
<tr>
<th class="status-col">Status</th>
<th class="timestamp-col">Timestamp</th>
<th>TestName</th>
</tr>
</thead>
<tbody>
<tr class="tag-test-status" status="fail">
<td><span class="badge log fail-bg">Fail</span></td>
<td>13:01:56 pm</td>
<td>
<a href="#" class="linked" test-id='120' id='142'>Then User should able to see "Shopping Cart"</a>
<div class="">
<span class="badge badge-default">Laptops And Notebooks Page Test Feature.Verify That User Place Order Successfully.Then User should able to see "Shopping Cart"</span>
</div>
</td>
</tr>
</tbody>
</table>
</div>
</li>
<li class="test-item">
<div class="test-detail">
<span class="meta">
<span class='badge log badge-danger'>1</span>
</span>
<p class="name">org.openqa.selenium.NoSuchElementException</p>
<p class="duration text-sm">1 tests</p>
</div>
<div class="test-contents d-none">
<div class="info">
<h4>org.openqa.selenium.NoSuchElementException</h4>
<span status="fail" class='badge log badge-danger'>1 failed</span>
</div>
<table class='table table-sm mt-4'>
<thead>
<tr>
<th class="status-col">Status</th>
<th class="timestamp-col">Timestamp</th>
<th>TestName</th>
</tr>
</thead>
<tbody>
<tr class="tag-test-status" status="fail">
<td><span class="badge log fail-bg">Fail</span></td>
<td>13:02:29 pm</td>
<td>
<a href="#" class="linked" test-id='160' id='170'>Then User should be able to login successfully and Verify the text "My Account"</a>
<div class="">
<span class="badge badge-default">MyAccount Login Page Test Feature.Verify That User Should Login And Logout Successfully.Then User should be able to login successfully and Verify the text "My Account"</span>
</div>
</td>
</tr>
</tbody>
</table>
</div>
</li>
<li class="test-item">
<div class="test-detail">
<span class="meta">
<span class='badge log badge-danger'>2</span>
</span>
<p class="name">org.openqa.selenium.NoSuchWindowException</p>
<p class="duration text-sm">2 tests</p>
</div>
<div class="test-contents d-none">
<div class="info">
<h4>org.openqa.selenium.NoSuchWindowException</h4>
<span status="fail" class='badge log badge-danger'>2 failed</span>
</div>
<table class='table table-sm mt-4'>
<thead>
<tr>
<th class="status-col">Status</th>
<th class="timestamp-col">Timestamp</th>
<th>TestName</th>
</tr>
</thead>
<tbody>
<tr class="tag-test-status" status="fail">
<td><span class="badge log fail-bg">Fail</span></td>
<td>13:00:45 pm</td>
<td>
<a href="#" class="linked" test-id='1' id='47'>com.tutorialninja.demo.steps.Hooks.tearDown(io.cucumber.java.Scenario)</a>
<div class="">
<span class="badge badge-default">Desktops Page Test Feature.Verify Product Added To Shopping Cart SuccessFully.com.tutorialninja.demo.steps.Hooks.tearDown(io.cucumber.java.Scenario)</span>
</div>
</td>
</tr>
<tr class="tag-test-status" status="fail">
<td><span class="badge log fail-bg">Fail</span></td>
<td>13:01:38 pm</td>
<td>
<a href="#" class="linked" test-id='1' id='119'>com.tutorialninja.demo.steps.Hooks.tearDown(io.cucumber.java.Scenario)</a>
<div class="">
<span class="badge badge-default">Desktops Page Test Feature.Verify Product Added To Shopping Cart SuccessFully.com.tutorialninja.demo.steps.Hooks.tearDown(io.cucumber.java.Scenario)</span>
</div>
</td>
</tr>
</tbody>
</table>
</div>
</li>
<li class="test-item">
<div class="test-detail">
<span class="meta">
<span class='badge log badge-danger'>5</span>
</span>
<p class="name">io.cucumber.core.exception.CucumberException</p>
<p class="duration text-sm">5 tests</p>
</div>
<div class="test-contents d-none">
<div class="info">
<h4>io.cucumber.core.exception.CucumberException</h4>
<span status="fail" class='badge log badge-danger'>5 failed</span>
</div>
<table class='table table-sm mt-4'>
<thead>
<tr>
<th class="status-col">Status</th>
<th class="timestamp-col">Timestamp</th>
<th>TestName</th>
</tr>
</thead>
<tbody>
<tr class="tag-test-status" status="fail">
<td><span class="badge log fail-bg">Fail</span></td>
<td>13:00:36 pm</td>
<td>
<a href="#" class="linked" test-id='1' id='20'>Then User should navigate to the product page and see text for the product's name</a>
<div class="">
<span class="badge badge-default">Desktops Page Test Feature.Verify Product Added To Shopping Cart SuccessFully.Then User should navigate to the product page and see text for the product's name</span>
</div>
</td>
</tr>
<tr class="tag-test-status" status="fail">
<td><span class="badge log fail-bg">Fail</span></td>
<td>13:00:56 pm</td>
<td>
<a href="#" class="linked" test-id='1' id='56'>Then User should navigate to the product page and see text for the product's name</a>
<div class="">
<span class="badge badge-default">Desktops Page Test Feature.Verify Product Added To Shopping Cart SuccessFully.Then User should navigate to the product page and see text for the product's name</span>
</div>
</td>
</tr>
<tr class="tag-test-status" status="fail">
<td><span class="badge log fail-bg">Fail</span></td>
<td>13:01:06 pm</td>
<td>
<a href="#" class="linked" test-id='1' id='74'>Then User should navigate to the product page and see text for the product's name</a>
<div class="">
<span class="badge badge-default">Desktops Page Test Feature.Verify Product Added To Shopping Cart SuccessFully.Then User should navigate to the product page and see text for the product's name</span>
</div>
</td>
</tr>
<tr class="tag-test-status" status="fail">
<td><span class="badge log fail-bg">Fail</span></td>
<td>13:01:16 pm</td>
<td>
<a href="#" class="linked" test-id='1' id='92'>Then User should navigate to the product page and see text for the product's name</a>
<div class="">
<span class="badge badge-default">Desktops Page Test Feature.Verify Product Added To Shopping Cart SuccessFully.Then User should navigate to the product page and see text for the product's name</span>
</div>
</td>
</tr>
<tr class="tag-test-status" status="fail">
<td><span class="badge log fail-bg">Fail</span></td>
<td>13:01:38 pm</td>
<td>
<a href="#" class="linked" test-id='1' id='110'>Then User should navigate to the product page and see text for the product's name</a>
<div class="">
<span class="badge badge-default">Desktops Page Test Feature.Verify Product Added To Shopping Cart SuccessFully.Then User should navigate to the product page and see text for the product's name</span>
</div>
</td>
</tr>
</tbody>
</table>
</div>
</li>
<li class="test-item">
<div class="test-detail">
<span class="meta">
<span class='badge log badge-danger'>1</span>
</span>
<p class="name">org.openqa.selenium.json.JsonException</p>
<p class="duration text-sm">1 tests</p>
</div>
<div class="test-contents d-none">
<div class="info">
<h4>org.openqa.selenium.json.JsonException</h4>
<span status="fail" class='badge log badge-danger'>1 failed</span>
</div>
<table class='table table-sm mt-4'>
<thead>
<tr>
<th class="status-col">Status</th>
<th class="timestamp-col">Timestamp</th>
<th>TestName</th>
</tr>
</thead>
<tbody>
<tr class="tag-test-status" status="fail">
<td><span class="badge log fail-bg">Fail</span></td>
<td>13:00:45 pm</td>
<td>
<a href="#" class="linked" test-id='1' id='32'>When user mouse hover on Currency Dropdown and click on it</a>
<div class="">
<span class="badge badge-default">Desktops Page Test Feature.Verify Product Added To Shopping Cart SuccessFully.When user mouse hover on Currency Dropdown and click on it</span>
</div>
</td>
</tr>
</tbody>
</table>
</div>
</li>
</ul>
</div>
</div>
<div class="test-content scrollable">
<div class="test-content-detail">
<div class="detail-body"></div>
</div>
</div>
</div>        </div>
      </div>
    </div>
  </div>
<script src="https://cdn.jsdelivr.net/gh/extent-framework/extent-github-cdn@d6562a79075e061305ccfdb82f01e5e195e2d307/spark/js/spark-script.js"></script>
<script type="text/javascript"></script></body>
</html>