

<!DOCTYPE html>
<html>
<head>
<meta charset="UTF-8">
<meta name="viewport" content="width=device-width, initial-scale=1, shrink-to-fit=no">
<title>Extent Report</title>
<link rel="apple-touch-icon" href="https://cdn.jsdelivr.net/gh/extent-framework/extent-github-cdn@b00a2d0486596e73dd7326beacf352c639623a0e/commons/img/logo.png">
<link rel="shortcut icon" href="https://cdn.jsdelivr.net/gh/extent-framework/extent-github-cdn@b00a2d0486596e73dd7326beacf352c639623a0e/commons/img/logo.png">
<link href="https://cdn.jsdelivr.net/gh/extent-framework/extent-github-cdn@d6562a79075e061305ccfdb82f01e5e195e2d307/spark/css/spark-style.css" rel="stylesheet" />
<link href="https://stackpath.bootstrapcdn.com/font-awesome/4.7.0/css/font-awesome.min.css" rel="stylesheet">
<script src="https://cdn.jsdelivr.net/gh/extent-framework/extent-github-cdn@7cc78ce/spark/js/jsontree.js"></script>
<style type="text/css"></style></head><body class="spa bdd-report dark">
  <div class="app">
    <div class="layout">
<div class="header navbar">
<div class="vheader">
<div class="nav-logo">
<a href="#">
<div class="logo" style="background-image: url('https://cdn.jsdelivr.net/gh/extent-framework/extent-github-cdn@b00a2d0486596e73dd7326beacf352c639623a0e/commons/img/logo.png')"></div>
</a>
</div>
<ul class="nav-left">
<li class="search-box">
<a class="search-toggle" href="#">
<i class="search-icon fa fa-search"></i>
<i class="search-icon-close fa fa-close"></i>
</a>
</li>
<li class="search-input"><input id="search-tests" class="form-control" type="text" placeholder="Search..."></li>
</ul>
<ul class="nav-right">
<li class="m-r-10">
<a href="#"><span class="badge badge-primary">Tutorial Ninja Demo Report</span></a>
</li>
<li class="m-r-10">
<a href="#"><span class="badge badge-primary">Dec 19, 2023 11:58:11 am</span></a>
</li>
</ul>
</div>
</div><div class="side-nav">
<div class="side-nav-inner">
<ul class="side-nav-menu">
<li class="nav-item dropdown" onclick="toggleView('dashboard-view')">
<a id="nav-dashboard" class="dropdown-toggle" href="#">
<span class="ico"><i class="fa fa-bar-chart"></i></span>
</a>
</li>
<li class="nav-item dropdown" onclick="toggleView('test-view')">
<a id="nav-test" class="dropdown-toggle" href="#">
<span class="ico"><i class="fa fa-list"></i></span>
</a>
</li>
<li class="nav-item dropdown" onclick="toggleView('category-view')">
<a id="nav-category" class="dropdown-toggle" href="#">
<span class="ico"><i class="fa fa-tag"></i></span>
</a>
</li>
<li class="nav-item dropdown" onclick="toggleView('exception-view')">
<a id="nav-exception" class="dropdown-toggle" href="#">
<span class="ico"><i class="fa fa-bug"></i></span>
</a>
</li>
</ul>
</div>
</div>      <div class="vcontainer">
        <div class="main-content">
<div class="container-fluid p-4 view dashboard-view">
<div class="row">
<div class="col-md-3">
<div class="card"><div class="card-body">
<p class="m-b-0">Started</p>
<h3>Dec 19, 2023 11:58:11 am</h3>
</div></div>
</div>
<div class="col-md-3">
<div class="card"><div class="card-body">
<p class="m-b-0">Ended</p>
<h3>Dec 19, 2023 12:08:01 pm</h3>
</div></div>
</div>
<div class="col-md-3">
<div class="card"><div class="card-body">
<p class="m-b-0 text-pass">Features Passed</p>
<h3>3</h3>
</div></div>
</div>
<div class="col-md-3">
<div class="card"><div class="card-body">
<p class="m-b-0 text-fail">Features Failed</p>
<h3>2</h3>
</div></div>
</div>
</div>
<div class="row">
<div class="col-md-4">
<div class="card">
<div class="card-header">
<h6 class="card-title">Features</h6>
</div>
<div class="card-body">
<div class="">
<canvas id='parent-analysis' width='115' height='90'></canvas>
</div>
</div>
<div class="card-footer">
<div><small data-tooltip='60%'>
<b>3</b> features passed
</small>
</div>
<div>
<small data-tooltip='40%'><b>2</b> features failed,
<b>0</b> skipped, <b data-tooltip='0%'>0</b> others
</small>
</div>
</div>
</div>
</div>
<div class="col-md-4">
<div class="card">
<div class="card-header">
<h6 class="card-title">Scenarios</h6>
</div>
<div class="card-body">
<div class="">
<canvas id='child-analysis' width='115' height='90'></canvas>
</div>
</div>
<div class="card-footer">
<div><small data-tooltip='56%'><b>9</b> scenarios passed</small></div>
<div>
<small data-tooltip='43%'><b>7</b> scenarios failed,
<b>0</b> skipped, <b data-tooltip='%'>0</b> others
</small>
</div>
</div>
</div>
</div>
<div class="col-md-4">
<div class="card">
<div class="card-header">
<h6 class="card-title">Steps</h6>
</div>
<div class="card-body">
<div class="">
<canvas id='grandchild-analysis' width='115' height='90'></canvas>
</div>
</div>
<div class="card-footer">
<div><small data-tooltip='78%'><b>150</b> steps passed</small></div>
<div>
<small data-tooltip='3%'><b>7</b> steps failed,
<b>34</b> skipped, <b data-tooltip='%'>0</b> others
</small>
</div>
</div>
</div>
</div>
</div>
<div class="row"><div class="col-md-12">
<div class="card"><div class="card-header"><p>Timeline</p></div>
<div class="card-body pt-0"><div>
<canvas id="timeline" height="120"></canvas>
</div></div>
</div>
</div></div>
<script>
var timeline = {
"Desktops Page Test Feature":434.212,"Laptops And Notebooks Page Test Feature":59.208,"MyAccount Login Page Test Feature":9.5,"MyAccount Register Page Test Feature":55.176,"TopMenu Test Feature":31.484
};
</script>
<div class="row">
<div class="col-lg-6 col-md-12 category-container">
<div class="card">
<div class="card-header"><p>Tags</p></div>
<div class="card-body pb-0 pt-0"><table class="table table-sm table-bordered">
<thead><tr class="bg-gray"><th>Name</th><th>Passed</th><th>Failed</th><th>Skipped</th><th>Others</th><th>Passed %</th></tr></thead><tbody>
<tr>
<td>@Asha</td>
<td>9</td>
<td>7</td>
<td>0</td>
<td>0</td>
<td>56.25%</td>
</tr>
<tr>
<td>@Smoke</td>
<td>7</td>
<td>7</td>
<td>0</td>
<td>0</td>
<td>50%</td>
</tr>
<tr>
<td>@Sanity</td>
<td>5</td>
<td>0</td>
<td>0</td>
<td>0</td>
<td>100%</td>
</tr>
<tr>
<td>@Regression</td>
<td>9</td>
<td>7</td>
<td>0</td>
<td>0</td>
<td>56.25%</td>
</tr>
</tbody>
</table></div>
</div>
</div>
<div class="col-lg-6 col-md-12 sysenv-container">
<div class="card">
<div class="card-header"><p>System/Environment</p></div>
<div class="card-body pb-0 pt-0"><table class="table table-sm table-bordered">
<thead><tr class="bg-gray"><th>Name</th><th>Value</th></tr></thead>
<tbody>
<tr>
<td>Engineer</td>
<td>Jay Vaghani</td>
</tr>
<tr>
<td>Project</td>
<td>Nop commerce</td>
</tr>
<tr>
<td>os</td>
<td>Windows</td>
</tr>
</tbody>
</table></div>
</div>
</div>
</div>
</div>
<script>
var statusGroup = {
parentCount: 5,
passParent: 3,
failParent: 2,
warningParent: 0,
skipParent: 0,
childCount: 5,
passChild: 9,
failChild: 7,
warningChild: 0,
skipChild: 0,
infoChild: 0,
grandChildCount: 5,
passGrandChild: 150,
failGrandChild: 7,
warningGrandChild: 0,
skipGrandChild: 34,
infoGrandChild: 0,
eventsCount: 5,
};
</script><div class="test-wrapper row view test-view">
  <div class="test-list">
    <div class="test-list-tools">
<ul class="tools pull-left">
<li><a href="#"><span class="font-size-14">Tests</span></a></li>
</ul>
<ul class="tools text-right">
<li class="dropdown">
<a href="#" class="dropdown-toggle" data-toggle="dropdown"><i class="fa fa-exclamation-circle"></i></a>
<ul id="status-toggle" class="dropdown-menu dropdown-md p-v-0">
<a class="dropdown-item" status="pass" href="#"><span>Pass</span><span class="status success"></span></a>
<a class="dropdown-item" status="fail" href="#"><span>Fail</span><span class="status danger"></span></a>
<div class="dropdown-divider"></div>
<a status="clear" class="dropdown-item" href="#"><span>Clear</span><span class="pull-right"><i class="fa fa-close"></i></span></a>
</ul>
</li>
<li class="dropdown">
<a href="#" class="dropdown-toggle" data-toggle="dropdown"><i class="fa fa-tag"></i></a>
<ul id="tag-toggle" class="dropdown-menu dropdown-md p-v-0">
<a class="dropdown-item" href="#">@Asha</a><a class="dropdown-item" href="#">@Smoke</a><a class="dropdown-item" href="#">@Sanity</a><a class="dropdown-item" href="#">@Regression</a>
</ul>
</li>
</ul>
</div>    <div class="test-list-wrapper scrollable">
      <ul class="test-list-item">
        <li class="test-item"  status="fail" test-id="1"
          author=""
          tag=""
          device="">
          <div class="test-detail">
            <p class="name">Desktops Page Test Feature</p>
            <p class="text-sm">
              <span>11:58:12</span> / <span>00:07:14:212</span>
              <span class="badge fail-bg log float-right">Fail</span>
            </p>
          </div>
          <div class="test-contents d-none">
<div class="detail-head">
<div class="p-v-10">
<div class="info">
<h5 class="test-status text-fail">Desktops Page Test Feature</h5>
<span class='badge badge-success'>12.19.2023 11:58:12</span>
<span class='badge badge-danger'>12.19.2023 12:05:26</span>
<span class='badge badge-default'>00:07:14:212</span>
&middot; <span class='uri-anchor badge badge-default'>#test-id=1</span>
<span class='badge badge-default pointer float-right ml-1 et'><i class="fa fa-chevron-down"></i></span>
<span class='badge badge-default pointer float-right ct'><i class="fa fa-chevron-up"></i></span>
</div>
<div class="m-t-10 m-l-5"></div>
</div>
</div>
<div class="accordion mt-4">
  <div class="card">
    <div class="card-header" role="tab">
      <div class="card-title">
        <div class="node" id="2"><span class="badge log pass-bg mr-2">Pass</span>Verify Product Arrange In Alphabetical Order</div>
      </div>
    </div>
        <div class="collapse">
          <div class="card-body">
              <div class="step pass-bg" title="com.tutorialninja.demo.steps.TopMenuTestSteps.userMouseHoverOnCurrencyDropdownAndClickOnIt()">
                <span>When user mouse hover on Currency Dropdown and click on it</span>
      <div>
      </div>
              </div>
              <div class="step pass-bg" title="com.tutorialninja.demo.steps.TopMenuTestSteps.userMouseHoverOn£PoundSterlingAndClickOnIt()">
                <span>And User mouse hover on £Pound Sterling and click on it</span>
      <div>
      </div>
              </div>
              <div class="step pass-bg" title="com.tutorialninja.demo.steps.TopMenuTestSteps.userMouseHoverOnDesktopsTabAndClickOnIt()">
                <span>When User mouse hover on Desktops tab and click on it</span>
      <div>
      </div>
              </div>
              <div class="step pass-bg" title="com.tutorialninja.demo.steps.TopMenuTestSteps.userClickOnShowAllDesktopsOption()">
                <span>And User click on Show All Desktops Option</span>
      <div>
      </div>
              </div>
              <div class="step pass-bg" title="com.tutorialninja.demo.steps.DesktopsPageTestSteps.userClickOnSortByPositionNameZToA()">
                <span>And User click on sort By Position Name: Z to A</span>
      <div>
      </div>
              </div>
              <div class="step pass-bg" title="com.tutorialninja.demo.steps.DesktopsPageTestSteps.userShouldSeeProductsAreArrangedInDescendingOrder()">
                <span>Then User should see products are arranged in Descending order</span>
      <div>
      </div>
              </div>
          </div>
        </div>
  </div>
  <div class="card">
    <div class="card-header" role="tab">
      <div class="card-title">
        <div class="node" id="11"><span class="badge log fail-bg mr-2">Fail</span>Verify Product Added To Shopping Cart SuccessFully</div>
          <div class="status-avatar float-right mr-4">
            <i class="fa fa-paperclip"></i>
          </div>
      </div>
    </div>
        <div class="scenario_outline ">
            <div class="card-body l1">
              <div class="card-header">
                <div class="card-title outline-child">
                  <div class="node" id="12"><span class="badge log fail-bg mr-2">Fail</span>Verify Product Added To Shopping Cart SuccessFully</div>
                    <div class="status-avatar float-right">
                      <i class="fa fa-paperclip"></i>
                    </div>
                </div>
              </div>
              <div class="card-body mt-3 ">
                  <div class="step pass-bg">
                    <span>When user mouse hover on Currency Dropdown and click on it</span>
      <div>
      </div>
                  </div>
                  <div class="step pass-bg">
                    <span>And User mouse hover on £Pound Sterling and click on it</span>
      <div>
      </div>
                  </div>
                  <div class="step pass-bg">
                    <span>When User mouse hover on Desktops tab and click on it</span>
      <div>
      </div>
                  </div>
                  <div class="step pass-bg">
                    <span>And User click on Show All Desktops Option</span>
      <div>
      </div>
                  </div>
                  <div class="step pass-bg">
                    <span>And User click on sort By Position Name: A to Z</span>
      <div>
      </div>
                  </div>
                  <div class="step pass-bg">
                    <span>And User select the product "HTC Touch HD"</span>
      <div>
      </div>
                  </div>
                  <div class="step pass-bg">
                    <span>Then User should navigate to the product page and see text for "HTC Touch HD"</span>
      <div>
      </div>
                  </div>
                  <div class="step pass-bg">
                    <span>And User enter the Qty require as "1"</span>
      <div>
      </div>
                  </div>
                  <div class="step pass-bg">
                    <span>And User click on Add to cart button</span>
      <div>
      </div>
                  </div>
                  <div class="step pass-bg">
                    <span>Then User should able to verify the message Success: You have added "HTC Touch HD" to your shopping cart!</span>
      <div>
      </div>
                  </div>
                  <div class="step pass-bg">
                    <span>And user click on Link Shopping Cart display into success message</span>
      <div>
      </div>
                  </div>
                  <div class="step fail-bg">
                    <span>Then USer should able to verify the text Shopping Cart"Shopping Cart  (0.15kg)"</span>
      <div>
        <textarea disabled class="code-block">org.openqa.selenium.NoSuchElementException: no such element: Unable to locate element: {"method":"xpath","selector":"//h1[normalize-space()='Shopping Cart']"}
  (Session info: chrome=120.0.6099.110)
For documentation on this error, please visit: https://www.selenium.dev/documentation/webdriver/troubleshooting/errors#no-such-element-exception
Build info: version: '4.15.0', revision: '1d14b5521b'
System info: os.name: 'Windows 11', os.arch: 'amd64', os.version: '10.0', java.version: '17.0.8'
Driver info: org.openqa.selenium.chrome.ChromeDriver
Command: [fd5f8c3c186c05b28924d87363f3d265, findElement {using=xpath, value=//h1[normalize-space()='Shopping Cart']}]
Capabilities {acceptInsecureCerts: false, browserName: chrome, browserVersion: 120.0.6099.110, chrome: {chromedriverVersion: 120.0.6099.109 (3419140ab66..., userDataDir: C:\Users\kakad\AppData\Loca...}, fedcm:accounts: true, goog:chromeOptions: {debuggerAddress: localhost:65324}, networkConnectionEnabled: false, pageLoadStrategy: normal, platformName: windows, proxy: Proxy(), se:cdp: ws://localhost:65324/devtoo..., se:cdpVersion: 120.0.6099.110, setWindowRect: true, strictFileInteractability: false, timeouts: {implicit: 0, pageLoad: 300000, script: 30000}, unhandledPromptBehavior: dismiss and notify, webauthn:extension:credBlob: true, webauthn:extension:largeBlob: true, webauthn:extension:minPinLength: true, webauthn:extension:prf: true, webauthn:virtualAuthenticators: true}
Session ID: fd5f8c3c186c05b28924d87363f3d265
	at java.base/jdk.internal.reflect.NativeConstructorAccessorImpl.newInstance0(Native Method)
	at java.base/jdk.internal.reflect.NativeConstructorAccessorImpl.newInstance(NativeConstructorAccessorImpl.java:77)
	at java.base/jdk.internal.reflect.DelegatingConstructorAccessorImpl.newInstance(DelegatingConstructorAccessorImpl.java:45)
	at java.base/java.lang.reflect.Constructor.newInstanceWithCaller(Constructor.java:499)
	at java.base/java.lang.reflect.Constructor.newInstance(Constructor.java:480)
	at org.openqa.selenium.remote.codec.w3c.W3CHttpResponseCodec.createException(W3CHttpResponseCodec.java:200)
	at org.openqa.selenium.remote.codec.w3c.W3CHttpResponseCodec.decode(W3CHttpResponseCodec.java:133)
	at org.openqa.selenium.remote.codec.w3c.W3CHttpResponseCodec.decode(W3CHttpResponseCodec.java:52)
	at org.openqa.selenium.remote.HttpCommandExecutor.execute(HttpCommandExecutor.java:191)
	at org.openqa.selenium.remote.service.DriverCommandExecutor.invokeExecute(DriverCommandExecutor.java:200)
	at org.openqa.selenium.remote.service.DriverCommandExecutor.execute(DriverCommandExecutor.java:175)
	at org.openqa.selenium.remote.RemoteWebDriver.execute(RemoteWebDriver.java:607)
	at org.openqa.selenium.remote.ElementLocation$ElementFinder$2.findElement(ElementLocation.java:165)
	at org.openqa.selenium.remote.ElementLocation.findElement(ElementLocation.java:59)
	at org.openqa.selenium.remote.RemoteWebDriver.findElement(RemoteWebDriver.java:364)
	at org.openqa.selenium.remote.RemoteWebDriver.findElement(RemoteWebDriver.java:358)
	at org.openqa.selenium.support.pagefactory.DefaultElementLocator.findElement(DefaultElementLocator.java:68)
	at org.openqa.selenium.support.pagefactory.internal.LocatingElementHandler.invoke(LocatingElementHandler.java:38)
	at jdk.proxy2/jdk.proxy2.$Proxy28.getText(Unknown Source)
	at com.tutorialninja.demo.utility.Utility.getTextFromElement(Utility.java:63)
	at com.tutorialninja.demo.pages.ShoppingCartPage.verifyShoppingCartText(ShoppingCartPage.java:59)
	at com.tutorialninja.demo.steps.ShoppingCartTestSteps.userShouldAbleToVerifyTheTextShoppingCart(ShoppingCartTestSteps.java:17)
	at ✽.USer should able to verify the text Shopping Cart"Shopping Cart  (0.15kg)"(file:///C:/Users/kakad/IdeaProjects/com-tutorialninja-demo-sw-6/src/test/resources/features/DesktopsTest.feature:45)
</textarea>
      
      </div>
                  </div>
                  <div class="step skip-bg">
                    <span>Then User should able to verify the product name "HTC Touch HD"</span>
      <div>Step skipped
      </div>
                  </div>
                  <div class="step skip-bg">
                    <span>Then User should able to verify the Model "Product 1"</span>
      <div>Step skipped
      </div>
                  </div>
                  <div class="step skip-bg">
                    <span>Then User should able to verify the Total "£74.73"</span>
      <div>Step skipped
      </div>
                  </div>
                  <div class="step pass-bg">
                    <span>com.tutorialninja.demo.steps.Hooks.tearDown(io.cucumber.java.Scenario)</span>
      <div>Verify Product Added To Shopping Cart SuccessFully
          <div class="row mb-3"><div class="col-md-3">
<img data-featherlight='../screenshots/embedded1.png' src="../screenshots/embedded1.png">
    
    </div></div>
</div>
      <div>
      </div>
                  </div>
              </div>
            </div>
            <div class="card-body l1">
              <div class="card-header">
                <div class="card-title outline-child">
                  <div class="node" id="30"><span class="badge log fail-bg mr-2">Fail</span>Verify Product Added To Shopping Cart SuccessFully</div>
                    <div class="status-avatar float-right">
                      <i class="fa fa-paperclip"></i>
                    </div>
                </div>
              </div>
              <div class="card-body mt-3 ">
                  <div class="step pass-bg">
                    <span>When user mouse hover on Currency Dropdown and click on it</span>
      <div>
      </div>
                  </div>
                  <div class="step pass-bg">
                    <span>And User mouse hover on £Pound Sterling and click on it</span>
      <div>
      </div>
                  </div>
                  <div class="step pass-bg">
                    <span>When User mouse hover on Desktops tab and click on it</span>
      <div>
      </div>
                  </div>
                  <div class="step pass-bg">
                    <span>And User click on Show All Desktops Option</span>
      <div>
      </div>
                  </div>
                  <div class="step pass-bg">
                    <span>And User click on sort By Position Name: A to Z</span>
      <div>
      </div>
                  </div>
                  <div class="step pass-bg">
                    <span>And User select the product "iPhone"</span>
      <div>
      </div>
                  </div>
                  <div class="step pass-bg">
                    <span>Then User should navigate to the product page and see text for "iPhone"</span>
      <div>
      </div>
                  </div>
                  <div class="step pass-bg">
                    <span>And User enter the Qty require as "1"</span>
      <div>
      </div>
                  </div>
                  <div class="step pass-bg">
                    <span>And User click on Add to cart button</span>
      <div>
      </div>
                  </div>
                  <div class="step pass-bg">
                    <span>Then User should able to verify the message Success: You have added "iPhone" to your shopping cart!</span>
      <div>
      </div>
                  </div>
                  <div class="step pass-bg">
                    <span>And user click on Link Shopping Cart display into success message</span>
      <div>
      </div>
                  </div>
                  <div class="step fail-bg">
                    <span>Then USer should able to verify the text Shopping Cart"Shopping Cart  (10.00kg)"</span>
      <div>
        <textarea disabled class="code-block">org.openqa.selenium.NoSuchElementException: no such element: Unable to locate element: {"method":"xpath","selector":"//h1[normalize-space()='Shopping Cart']"}
  (Session info: chrome=120.0.6099.110)
For documentation on this error, please visit: https://www.selenium.dev/documentation/webdriver/troubleshooting/errors#no-such-element-exception
Build info: version: '4.15.0', revision: '1d14b5521b'
System info: os.name: 'Windows 11', os.arch: 'amd64', os.version: '10.0', java.version: '17.0.8'
Driver info: org.openqa.selenium.chrome.ChromeDriver
Command: [9be216031d8fc944aef443fb774fef98, findElement {using=xpath, value=//h1[normalize-space()='Shopping Cart']}]
Capabilities {acceptInsecureCerts: false, browserName: chrome, browserVersion: 120.0.6099.110, chrome: {chromedriverVersion: 120.0.6099.109 (3419140ab66..., userDataDir: C:\Users\kakad\AppData\Loca...}, fedcm:accounts: true, goog:chromeOptions: {debuggerAddress: localhost:65401}, networkConnectionEnabled: false, pageLoadStrategy: normal, platformName: windows, proxy: Proxy(), se:cdp: ws://localhost:65401/devtoo..., se:cdpVersion: 120.0.6099.110, setWindowRect: true, strictFileInteractability: false, timeouts: {implicit: 0, pageLoad: 300000, script: 30000}, unhandledPromptBehavior: dismiss and notify, webauthn:extension:credBlob: true, webauthn:extension:largeBlob: true, webauthn:extension:minPinLength: true, webauthn:extension:prf: true, webauthn:virtualAuthenticators: true}
Session ID: 9be216031d8fc944aef443fb774fef98
	at java.base/jdk.internal.reflect.NativeConstructorAccessorImpl.newInstance0(Native Method)
	at java.base/jdk.internal.reflect.NativeConstructorAccessorImpl.newInstance(NativeConstructorAccessorImpl.java:77)
	at java.base/jdk.internal.reflect.DelegatingConstructorAccessorImpl.newInstance(DelegatingConstructorAccessorImpl.java:45)
	at java.base/java.lang.reflect.Constructor.newInstanceWithCaller(Constructor.java:499)
	at java.base/java.lang.reflect.Constructor.newInstance(Constructor.java:480)
	at org.openqa.selenium.remote.codec.w3c.W3CHttpResponseCodec.createException(W3CHttpResponseCodec.java:200)
	at org.openqa.selenium.remote.codec.w3c.W3CHttpResponseCodec.decode(W3CHttpResponseCodec.java:133)
	at org.openqa.selenium.remote.codec.w3c.W3CHttpResponseCodec.decode(W3CHttpResponseCodec.java:52)
	at org.openqa.selenium.remote.HttpCommandExecutor.execute(HttpCommandExecutor.java:191)
	at org.openqa.selenium.remote.service.DriverCommandExecutor.invokeExecute(DriverCommandExecutor.java:200)
	at org.openqa.selenium.remote.service.DriverCommandExecutor.execute(DriverCommandExecutor.java:175)
	at org.openqa.selenium.remote.RemoteWebDriver.execute(RemoteWebDriver.java:607)
	at org.openqa.selenium.remote.ElementLocation$ElementFinder$2.findElement(ElementLocation.java:165)
	at org.openqa.selenium.remote.ElementLocation.findElement(ElementLocation.java:59)
	at org.openqa.selenium.remote.RemoteWebDriver.findElement(RemoteWebDriver.java:364)
	at org.openqa.selenium.remote.RemoteWebDriver.findElement(RemoteWebDriver.java:358)
	at org.openqa.selenium.support.pagefactory.DefaultElementLocator.findElement(DefaultElementLocator.java:68)
	at org.openqa.selenium.support.pagefactory.internal.LocatingElementHandler.invoke(LocatingElementHandler.java:38)
	at jdk.proxy2/jdk.proxy2.$Proxy28.getText(Unknown Source)
	at com.tutorialninja.demo.utility.Utility.getTextFromElement(Utility.java:63)
	at com.tutorialninja.demo.pages.ShoppingCartPage.verifyShoppingCartText(ShoppingCartPage.java:59)
	at com.tutorialninja.demo.steps.ShoppingCartTestSteps.userShouldAbleToVerifyTheTextShoppingCart(ShoppingCartTestSteps.java:17)
	at ✽.USer should able to verify the text Shopping Cart"Shopping Cart  (10.00kg)"(file:///C:/Users/kakad/IdeaProjects/com-tutorialninja-demo-sw-6/src/test/resources/features/DesktopsTest.feature:45)
</textarea>
      
      </div>
                  </div>
                  <div class="step skip-bg">
                    <span>Then User should able to verify the product name "iPhone"</span>
      <div>Step skipped
      </div>
                  </div>
                  <div class="step skip-bg">
                    <span>Then User should able to verify the Model "product 11"</span>
      <div>Step skipped
      </div>
                  </div>
                  <div class="step skip-bg">
                    <span>Then User should able to verify the Total "£75.46"</span>
      <div>Step skipped
      </div>
                  </div>
                  <div class="step pass-bg">
                    <span>com.tutorialninja.demo.steps.Hooks.tearDown(io.cucumber.java.Scenario)</span>
      <div>Verify Product Added To Shopping Cart SuccessFully
          <div class="row mb-3"><div class="col-md-3">
<img data-featherlight='../screenshots/embedded2.png' src="../screenshots/embedded2.png">
    
    </div></div>
</div>
      <div>
      </div>
                  </div>
              </div>
            </div>
            <div class="card-body l1">
              <div class="card-header">
                <div class="card-title outline-child">
                  <div class="node" id="48"><span class="badge log fail-bg mr-2">Fail</span>Verify Product Added To Shopping Cart SuccessFully</div>
                    <div class="status-avatar float-right">
                      <i class="fa fa-paperclip"></i>
                    </div>
                </div>
              </div>
              <div class="card-body mt-3 ">
                  <div class="step pass-bg">
                    <span>When user mouse hover on Currency Dropdown and click on it</span>
      <div>
      </div>
                  </div>
                  <div class="step pass-bg">
                    <span>And User mouse hover on £Pound Sterling and click on it</span>
      <div>
      </div>
                  </div>
                  <div class="step pass-bg">
                    <span>When User mouse hover on Desktops tab and click on it</span>
      <div>
      </div>
                  </div>
                  <div class="step pass-bg">
                    <span>And User click on Show All Desktops Option</span>
      <div>
      </div>
                  </div>
                  <div class="step pass-bg">
                    <span>And User click on sort By Position Name: A to Z</span>
      <div>
      </div>
                  </div>
                  <div class="step pass-bg">
                    <span>And User select the product "iPod Classic"</span>
      <div>
      </div>
                  </div>
                  <div class="step pass-bg">
                    <span>Then User should navigate to the product page and see text for "iPod Classic"</span>
      <div>
      </div>
                  </div>
                  <div class="step pass-bg">
                    <span>And User enter the Qty require as "1"</span>
      <div>
      </div>
                  </div>
                  <div class="step pass-bg">
                    <span>And User click on Add to cart button</span>
      <div>
      </div>
                  </div>
                  <div class="step pass-bg">
                    <span>Then User should able to verify the message Success: You have added "iPod Classic" to your shopping cart!</span>
      <div>
      </div>
                  </div>
                  <div class="step pass-bg">
                    <span>And user click on Link Shopping Cart display into success message</span>
      <div>
      </div>
                  </div>
                  <div class="step fail-bg">
                    <span>Then USer should able to verify the text Shopping Cart"Shopping Cart  (1.00kg)"</span>
      <div>
        <textarea disabled class="code-block">org.openqa.selenium.NoSuchElementException: no such element: Unable to locate element: {"method":"xpath","selector":"//h1[normalize-space()='Shopping Cart']"}
  (Session info: chrome=120.0.6099.110)
For documentation on this error, please visit: https://www.selenium.dev/documentation/webdriver/troubleshooting/errors#no-such-element-exception
Build info: version: '4.15.0', revision: '1d14b5521b'
System info: os.name: 'Windows 11', os.arch: 'amd64', os.version: '10.0', java.version: '17.0.8'
Driver info: org.openqa.selenium.chrome.ChromeDriver
Command: [5f996dd4f731b2ceb3651740d592cac9, findElement {using=xpath, value=//h1[normalize-space()='Shopping Cart']}]
Capabilities {acceptInsecureCerts: false, browserName: chrome, browserVersion: 120.0.6099.110, chrome: {chromedriverVersion: 120.0.6099.109 (3419140ab66..., userDataDir: C:\Users\kakad\AppData\Loca...}, fedcm:accounts: true, goog:chromeOptions: {debuggerAddress: localhost:65528}, networkConnectionEnabled: false, pageLoadStrategy: normal, platformName: windows, proxy: Proxy(), se:cdp: ws://localhost:65528/devtoo..., se:cdpVersion: 120.0.6099.110, setWindowRect: true, strictFileInteractability: false, timeouts: {implicit: 0, pageLoad: 300000, script: 30000}, unhandledPromptBehavior: dismiss and notify, webauthn:extension:credBlob: true, webauthn:extension:largeBlob: true, webauthn:extension:minPinLength: true, webauthn:extension:prf: true, webauthn:virtualAuthenticators: true}
Session ID: 5f996dd4f731b2ceb3651740d592cac9
	at java.base/jdk.internal.reflect.NativeConstructorAccessorImpl.newInstance0(Native Method)
	at java.base/jdk.internal.reflect.NativeConstructorAccessorImpl.newInstance(NativeConstructorAccessorImpl.java:77)
	at java.base/jdk.internal.reflect.DelegatingConstructorAccessorImpl.newInstance(DelegatingConstructorAccessorImpl.java:45)
	at java.base/java.lang.reflect.Constructor.newInstanceWithCaller(Constructor.java:499)
	at java.base/java.lang.reflect.Constructor.newInstance(Constructor.java:480)
	at org.openqa.selenium.remote.codec.w3c.W3CHttpResponseCodec.createException(W3CHttpResponseCodec.java:200)
	at org.openqa.selenium.remote.codec.w3c.W3CHttpResponseCodec.decode(W3CHttpResponseCodec.java:133)
	at org.openqa.selenium.remote.codec.w3c.W3CHttpResponseCodec.decode(W3CHttpResponseCodec.java:52)
	at org.openqa.selenium.remote.HttpCommandExecutor.execute(HttpCommandExecutor.java:191)
	at org.openqa.selenium.remote.service.DriverCommandExecutor.invokeExecute(DriverCommandExecutor.java:200)
	at org.openqa.selenium.remote.service.DriverCommandExecutor.execute(DriverCommandExecutor.java:175)
	at org.openqa.selenium.remote.RemoteWebDriver.execute(RemoteWebDriver.java:607)
	at org.openqa.selenium.remote.ElementLocation$ElementFinder$2.findElement(ElementLocation.java:165)
	at org.openqa.selenium.remote.ElementLocation.findElement(ElementLocation.java:59)
	at org.openqa.selenium.remote.RemoteWebDriver.findElement(RemoteWebDriver.java:364)
	at org.openqa.selenium.remote.RemoteWebDriver.findElement(RemoteWebDriver.java:358)
	at org.openqa.selenium.support.pagefactory.DefaultElementLocator.findElement(DefaultElementLocator.java:68)
	at org.openqa.selenium.support.pagefactory.internal.LocatingElementHandler.invoke(LocatingElementHandler.java:38)
	at jdk.proxy2/jdk.proxy2.$Proxy28.getText(Unknown Source)
	at com.tutorialninja.demo.utility.Utility.getTextFromElement(Utility.java:63)
	at com.tutorialninja.demo.pages.ShoppingCartPage.verifyShoppingCartText(ShoppingCartPage.java:59)
	at com.tutorialninja.demo.steps.ShoppingCartTestSteps.userShouldAbleToVerifyTheTextShoppingCart(ShoppingCartTestSteps.java:17)
	at ✽.USer should able to verify the text Shopping Cart"Shopping Cart  (1.00kg)"(file:///C:/Users/kakad/IdeaProjects/com-tutorialninja-demo-sw-6/src/test/resources/features/DesktopsTest.feature:45)
</textarea>
      
      </div>
                  </div>
                  <div class="step skip-bg">
                    <span>Then User should able to verify the product name "iPod Classic"</span>
      <div>Step skipped
      </div>
                  </div>
                  <div class="step skip-bg">
                    <span>Then User should able to verify the Model "product 20"</span>
      <div>Step skipped
      </div>
                  </div>
                  <div class="step skip-bg">
                    <span>Then User should able to verify the Total "£74.73"</span>
      <div>Step skipped
      </div>
                  </div>
                  <div class="step pass-bg">
                    <span>com.tutorialninja.demo.steps.Hooks.tearDown(io.cucumber.java.Scenario)</span>
      <div>Verify Product Added To Shopping Cart SuccessFully
          <div class="row mb-3"><div class="col-md-3">
<img data-featherlight='../screenshots/embedded3.png' src="../screenshots/embedded3.png">
    
    </div></div>
</div>
      <div>
      </div>
                  </div>
              </div>
            </div>
            <div class="card-body l1">
              <div class="card-header">
                <div class="card-title outline-child">
                  <div class="node" id="66"><span class="badge log fail-bg mr-2">Fail</span>Verify Product Added To Shopping Cart SuccessFully</div>
                    <div class="status-avatar float-right">
                      <i class="fa fa-paperclip"></i>
                    </div>
                </div>
              </div>
              <div class="card-body mt-3 ">
                  <div class="step pass-bg">
                    <span>When user mouse hover on Currency Dropdown and click on it</span>
      <div>
      </div>
                  </div>
                  <div class="step pass-bg">
                    <span>And User mouse hover on £Pound Sterling and click on it</span>
      <div>
      </div>
                  </div>
                  <div class="step pass-bg">
                    <span>When User mouse hover on Desktops tab and click on it</span>
      <div>
      </div>
                  </div>
                  <div class="step pass-bg">
                    <span>And User click on Show All Desktops Option</span>
      <div>
      </div>
                  </div>
                  <div class="step pass-bg">
                    <span>And User click on sort By Position Name: A to Z</span>
      <div>
      </div>
                  </div>
                  <div class="step pass-bg">
                    <span>And User select the product "MacBook"</span>
      <div>
      </div>
                  </div>
                  <div class="step pass-bg">
                    <span>Then User should navigate to the product page and see text for "MacBook"</span>
      <div>
      </div>
                  </div>
                  <div class="step pass-bg">
                    <span>And User enter the Qty require as "1"</span>
      <div>
      </div>
                  </div>
                  <div class="step pass-bg">
                    <span>And User click on Add to cart button</span>
      <div>
      </div>
                  </div>
                  <div class="step pass-bg">
                    <span>Then User should able to verify the message Success: You have added "MacBook" to your shopping cart!</span>
      <div>
      </div>
                  </div>
                  <div class="step pass-bg">
                    <span>And user click on Link Shopping Cart display into success message</span>
      <div>
      </div>
                  </div>
                  <div class="step fail-bg">
                    <span>Then USer should able to verify the text Shopping Cart"Shopping Cart  (0.00kg)"</span>
      <div>
        <textarea disabled class="code-block">org.openqa.selenium.NoSuchElementException: no such element: Unable to locate element: {"method":"xpath","selector":"//h1[normalize-space()='Shopping Cart']"}
  (Session info: chrome=120.0.6099.110)
For documentation on this error, please visit: https://www.selenium.dev/documentation/webdriver/troubleshooting/errors#no-such-element-exception
Build info: version: '4.15.0', revision: '1d14b5521b'
System info: os.name: 'Windows 11', os.arch: 'amd64', os.version: '10.0', java.version: '17.0.8'
Driver info: org.openqa.selenium.chrome.ChromeDriver
Command: [5a3c4e612729a0c1ef941bc24dc158dc, findElement {using=xpath, value=//h1[normalize-space()='Shopping Cart']}]
Capabilities {acceptInsecureCerts: false, browserName: chrome, browserVersion: 120.0.6099.110, chrome: {chromedriverVersion: 120.0.6099.109 (3419140ab66..., userDataDir: C:\Users\kakad\AppData\Loca...}, fedcm:accounts: true, goog:chromeOptions: {debuggerAddress: localhost:49252}, networkConnectionEnabled: false, pageLoadStrategy: normal, platformName: windows, proxy: Proxy(), se:cdp: ws://localhost:49252/devtoo..., se:cdpVersion: 120.0.6099.110, setWindowRect: true, strictFileInteractability: false, timeouts: {implicit: 0, pageLoad: 300000, script: 30000}, unhandledPromptBehavior: dismiss and notify, webauthn:extension:credBlob: true, webauthn:extension:largeBlob: true, webauthn:extension:minPinLength: true, webauthn:extension:prf: true, webauthn:virtualAuthenticators: true}
Session ID: 5a3c4e612729a0c1ef941bc24dc158dc
	at java.base/jdk.internal.reflect.NativeConstructorAccessorImpl.newInstance0(Native Method)
	at java.base/jdk.internal.reflect.NativeConstructorAccessorImpl.newInstance(NativeConstructorAccessorImpl.java:77)
	at java.base/jdk.internal.reflect.DelegatingConstructorAccessorImpl.newInstance(DelegatingConstructorAccessorImpl.java:45)
	at java.base/java.lang.reflect.Constructor.newInstanceWithCaller(Constructor.java:499)
	at java.base/java.lang.reflect.Constructor.newInstance(Constructor.java:480)
	at org.openqa.selenium.remote.codec.w3c.W3CHttpResponseCodec.createException(W3CHttpResponseCodec.java:200)
	at org.openqa.selenium.remote.codec.w3c.W3CHttpResponseCodec.decode(W3CHttpResponseCodec.java:133)
	at org.openqa.selenium.remote.codec.w3c.W3CHttpResponseCodec.decode(W3CHttpResponseCodec.java:52)
	at org.openqa.selenium.remote.HttpCommandExecutor.execute(HttpCommandExecutor.java:191)
	at org.openqa.selenium.remote.service.DriverCommandExecutor.invokeExecute(DriverCommandExecutor.java:200)
	at org.openqa.selenium.remote.service.DriverCommandExecutor.execute(DriverCommandExecutor.java:175)
	at org.openqa.selenium.remote.RemoteWebDriver.execute(RemoteWebDriver.java:607)
	at org.openqa.selenium.remote.ElementLocation$ElementFinder$2.findElement(ElementLocation.java:165)
	at org.openqa.selenium.remote.ElementLocation.findElement(ElementLocation.java:59)
	at org.openqa.selenium.remote.RemoteWebDriver.findElement(RemoteWebDriver.java:364)
	at org.openqa.selenium.remote.RemoteWebDriver.findElement(RemoteWebDriver.java:358)
	at org.openqa.selenium.support.pagefactory.DefaultElementLocator.findElement(DefaultElementLocator.java:68)
	at org.openqa.selenium.support.pagefactory.internal.LocatingElementHandler.invoke(LocatingElementHandler.java:38)
	at jdk.proxy2/jdk.proxy2.$Proxy28.getText(Unknown Source)
	at com.tutorialninja.demo.utility.Utility.getTextFromElement(Utility.java:63)
	at com.tutorialninja.demo.pages.ShoppingCartPage.verifyShoppingCartText(ShoppingCartPage.java:59)
	at com.tutorialninja.demo.steps.ShoppingCartTestSteps.userShouldAbleToVerifyTheTextShoppingCart(ShoppingCartTestSteps.java:17)
	at ✽.USer should able to verify the text Shopping Cart"Shopping Cart  (0.00kg)"(file:///C:/Users/kakad/IdeaProjects/com-tutorialninja-demo-sw-6/src/test/resources/features/DesktopsTest.feature:45)
</textarea>
      
      </div>
                  </div>
                  <div class="step skip-bg">
                    <span>Then User should able to verify the product name "MacBook"</span>
      <div>Step skipped
      </div>
                  </div>
                  <div class="step skip-bg">
                    <span>Then User should able to verify the Model "Product 16"</span>
      <div>Step skipped
      </div>
                  </div>
                  <div class="step skip-bg">
                    <span>Then User should able to verify the Total "£368.73"</span>
      <div>Step skipped
      </div>
                  </div>
                  <div class="step pass-bg">
                    <span>com.tutorialninja.demo.steps.Hooks.tearDown(io.cucumber.java.Scenario)</span>
      <div>Verify Product Added To Shopping Cart SuccessFully
          <div class="row mb-3"><div class="col-md-3">
<img data-featherlight='../screenshots/embedded4.png' src="../screenshots/embedded4.png">
    
    </div></div>
</div>
      <div>
      </div>
                  </div>
              </div>
            </div>
            <div class="card-body l1">
              <div class="card-header">
                <div class="card-title outline-child">
                  <div class="node" id="84"><span class="badge log fail-bg mr-2">Fail</span>Verify Product Added To Shopping Cart SuccessFully</div>
                    <div class="status-avatar float-right">
                      <i class="fa fa-paperclip"></i>
                    </div>
                </div>
              </div>
              <div class="card-body mt-3 ">
                  <div class="step pass-bg">
                    <span>When user mouse hover on Currency Dropdown and click on it</span>
      <div>
      </div>
                  </div>
                  <div class="step pass-bg">
                    <span>And User mouse hover on £Pound Sterling and click on it</span>
      <div>
      </div>
                  </div>
                  <div class="step pass-bg">
                    <span>When User mouse hover on Desktops tab and click on it</span>
      <div>
      </div>
                  </div>
                  <div class="step pass-bg">
                    <span>And User click on Show All Desktops Option</span>
      <div>
      </div>
                  </div>
                  <div class="step pass-bg">
                    <span>And User click on sort By Position Name: A to Z</span>
      <div>
      </div>
                  </div>
                  <div class="step pass-bg">
                    <span>And User select the product "MacBook Air"</span>
      <div>
      </div>
                  </div>
                  <div class="step pass-bg">
                    <span>Then User should navigate to the product page and see text for "MacBook Air"</span>
      <div>
      </div>
                  </div>
                  <div class="step pass-bg">
                    <span>And User enter the Qty require as "1"</span>
      <div>
      </div>
                  </div>
                  <div class="step pass-bg">
                    <span>And User click on Add to cart button</span>
      <div>
      </div>
                  </div>
                  <div class="step pass-bg">
                    <span>Then User should able to verify the message Success: You have added "MacBook Air" to your shopping cart!</span>
      <div>
      </div>
                  </div>
                  <div class="step pass-bg">
                    <span>And user click on Link Shopping Cart display into success message</span>
      <div>
      </div>
                  </div>
                  <div class="step fail-bg">
                    <span>Then USer should able to verify the text Shopping Cart"Shopping Cart  (0.00kg)"</span>
      <div>
        <textarea disabled class="code-block">org.openqa.selenium.NoSuchElementException: no such element: Unable to locate element: {"method":"xpath","selector":"//h1[normalize-space()='Shopping Cart']"}
  (Session info: chrome=120.0.6099.110)
For documentation on this error, please visit: https://www.selenium.dev/documentation/webdriver/troubleshooting/errors#no-such-element-exception
Build info: version: '4.15.0', revision: '1d14b5521b'
System info: os.name: 'Windows 11', os.arch: 'amd64', os.version: '10.0', java.version: '17.0.8'
Driver info: org.openqa.selenium.chrome.ChromeDriver
Command: [44f3d5acd1417031c82631826f5dafb9, findElement {using=xpath, value=//h1[normalize-space()='Shopping Cart']}]
Capabilities {acceptInsecureCerts: false, browserName: chrome, browserVersion: 120.0.6099.110, chrome: {chromedriverVersion: 120.0.6099.109 (3419140ab66..., userDataDir: C:\Users\kakad\AppData\Loca...}, fedcm:accounts: true, goog:chromeOptions: {debuggerAddress: localhost:49347}, networkConnectionEnabled: false, pageLoadStrategy: normal, platformName: windows, proxy: Proxy(), se:cdp: ws://localhost:49347/devtoo..., se:cdpVersion: 120.0.6099.110, setWindowRect: true, strictFileInteractability: false, timeouts: {implicit: 0, pageLoad: 300000, script: 30000}, unhandledPromptBehavior: dismiss and notify, webauthn:extension:credBlob: true, webauthn:extension:largeBlob: true, webauthn:extension:minPinLength: true, webauthn:extension:prf: true, webauthn:virtualAuthenticators: true}
Session ID: 44f3d5acd1417031c82631826f5dafb9
	at java.base/jdk.internal.reflect.NativeConstructorAccessorImpl.newInstance0(Native Method)
	at java.base/jdk.internal.reflect.NativeConstructorAccessorImpl.newInstance(NativeConstructorAccessorImpl.java:77)
	at java.base/jdk.internal.reflect.DelegatingConstructorAccessorImpl.newInstance(DelegatingConstructorAccessorImpl.java:45)
	at java.base/java.lang.reflect.Constructor.newInstanceWithCaller(Constructor.java:499)
	at java.base/java.lang.reflect.Constructor.newInstance(Constructor.java:480)
	at org.openqa.selenium.remote.codec.w3c.W3CHttpResponseCodec.createException(W3CHttpResponseCodec.java:200)
	at org.openqa.selenium.remote.codec.w3c.W3CHttpResponseCodec.decode(W3CHttpResponseCodec.java:133)
	at org.openqa.selenium.remote.codec.w3c.W3CHttpResponseCodec.decode(W3CHttpResponseCodec.java:52)
	at org.openqa.selenium.remote.HttpCommandExecutor.execute(HttpCommandExecutor.java:191)
	at org.openqa.selenium.remote.service.DriverCommandExecutor.invokeExecute(DriverCommandExecutor.java:200)
	at org.openqa.selenium.remote.service.DriverCommandExecutor.execute(DriverCommandExecutor.java:175)
	at org.openqa.selenium.remote.RemoteWebDriver.execute(RemoteWebDriver.java:607)
	at org.openqa.selenium.remote.ElementLocation$ElementFinder$2.findElement(ElementLocation.java:165)
	at org.openqa.selenium.remote.ElementLocation.findElement(ElementLocation.java:59)
	at org.openqa.selenium.remote.RemoteWebDriver.findElement(RemoteWebDriver.java:364)
	at org.openqa.selenium.remote.RemoteWebDriver.findElement(RemoteWebDriver.java:358)
	at org.openqa.selenium.support.pagefactory.DefaultElementLocator.findElement(DefaultElementLocator.java:68)
	at org.openqa.selenium.support.pagefactory.internal.LocatingElementHandler.invoke(LocatingElementHandler.java:38)
	at jdk.proxy2/jdk.proxy2.$Proxy28.getText(Unknown Source)
	at com.tutorialninja.demo.utility.Utility.getTextFromElement(Utility.java:63)
	at com.tutorialninja.demo.pages.ShoppingCartPage.verifyShoppingCartText(ShoppingCartPage.java:59)
	at com.tutorialninja.demo.steps.ShoppingCartTestSteps.userShouldAbleToVerifyTheTextShoppingCart(ShoppingCartTestSteps.java:17)
	at ✽.USer should able to verify the text Shopping Cart"Shopping Cart  (0.00kg)"(file:///C:/Users/kakad/IdeaProjects/com-tutorialninja-demo-sw-6/src/test/resources/features/DesktopsTest.feature:45)
</textarea>
      
      </div>
                  </div>
                  <div class="step skip-bg">
                    <span>Then User should able to verify the product name "MacBook Air"</span>
      <div>Step skipped
      </div>
                  </div>
                  <div class="step skip-bg">
                    <span>Then User should able to verify the Model "Product 17"</span>
      <div>Step skipped
      </div>
                  </div>
                  <div class="step skip-bg">
                    <span>Then User should able to verify the Total "£736.23"</span>
      <div>Step skipped
      </div>
                  </div>
                  <div class="step pass-bg">
                    <span>com.tutorialninja.demo.steps.Hooks.tearDown(io.cucumber.java.Scenario)</span>
      <div>Verify Product Added To Shopping Cart SuccessFully
          <div class="row mb-3"><div class="col-md-3">
<img data-featherlight='../screenshots/embedded5.png' src="../screenshots/embedded5.png">
    
    </div></div>
</div>
      <div>
      </div>
                  </div>
              </div>
            </div>
            <div class="card-body l1">
              <div class="card-header">
                <div class="card-title outline-child">
                  <div class="node" id="102"><span class="badge log fail-bg mr-2">Fail</span>Verify Product Added To Shopping Cart SuccessFully</div>
                    <div class="status-avatar float-right">
                      <i class="fa fa-paperclip"></i>
                    </div>
                </div>
              </div>
              <div class="card-body mt-3 ">
                  <div class="step pass-bg">
                    <span>When user mouse hover on Currency Dropdown and click on it</span>
      <div>
      </div>
                  </div>
                  <div class="step pass-bg">
                    <span>And User mouse hover on £Pound Sterling and click on it</span>
      <div>
      </div>
                  </div>
                  <div class="step pass-bg">
                    <span>When User mouse hover on Desktops tab and click on it</span>
      <div>
      </div>
                  </div>
                  <div class="step pass-bg">
                    <span>And User click on Show All Desktops Option</span>
      <div>
      </div>
                  </div>
                  <div class="step pass-bg">
                    <span>And User click on sort By Position Name: A to Z</span>
      <div>
      </div>
                  </div>
                  <div class="step pass-bg">
                    <span>And User select the product "Sony VAIO"</span>
      <div>
      </div>
                  </div>
                  <div class="step pass-bg">
                    <span>Then User should navigate to the product page and see text for "Sony VAIO"</span>
      <div>
      </div>
                  </div>
                  <div class="step pass-bg">
                    <span>And User enter the Qty require as "1"</span>
      <div>
      </div>
                  </div>
                  <div class="step pass-bg">
                    <span>And User click on Add to cart button</span>
      <div>
      </div>
                  </div>
                  <div class="step pass-bg">
                    <span>Then User should able to verify the message Success: You have added "Sony VAIO" to your shopping cart!</span>
      <div>
      </div>
                  </div>
                  <div class="step pass-bg">
                    <span>And user click on Link Shopping Cart display into success message</span>
      <div>
      </div>
                  </div>
                  <div class="step fail-bg">
                    <span>Then USer should able to verify the text Shopping Cart"Shopping Cart  (0.00kg)"</span>
      <div>
        <textarea disabled class="code-block">org.openqa.selenium.NoSuchElementException: no such element: Unable to locate element: {"method":"xpath","selector":"//h1[normalize-space()='Shopping Cart']"}
  (Session info: chrome=120.0.6099.110)
For documentation on this error, please visit: https://www.selenium.dev/documentation/webdriver/troubleshooting/errors#no-such-element-exception
Build info: version: '4.15.0', revision: '1d14b5521b'
System info: os.name: 'Windows 11', os.arch: 'amd64', os.version: '10.0', java.version: '17.0.8'
Driver info: org.openqa.selenium.chrome.ChromeDriver
Command: [e0a934647a0f143f65574b41911048b4, findElement {using=xpath, value=//h1[normalize-space()='Shopping Cart']}]
Capabilities {acceptInsecureCerts: false, browserName: chrome, browserVersion: 120.0.6099.110, chrome: {chromedriverVersion: 120.0.6099.109 (3419140ab66..., userDataDir: C:\Users\kakad\AppData\Loca...}, fedcm:accounts: true, goog:chromeOptions: {debuggerAddress: localhost:49701}, networkConnectionEnabled: false, pageLoadStrategy: normal, platformName: windows, proxy: Proxy(), se:cdp: ws://localhost:49701/devtoo..., se:cdpVersion: 120.0.6099.110, setWindowRect: true, strictFileInteractability: false, timeouts: {implicit: 0, pageLoad: 300000, script: 30000}, unhandledPromptBehavior: dismiss and notify, webauthn:extension:credBlob: true, webauthn:extension:largeBlob: true, webauthn:extension:minPinLength: true, webauthn:extension:prf: true, webauthn:virtualAuthenticators: true}
Session ID: e0a934647a0f143f65574b41911048b4
	at java.base/jdk.internal.reflect.NativeConstructorAccessorImpl.newInstance0(Native Method)
	at java.base/jdk.internal.reflect.NativeConstructorAccessorImpl.newInstance(NativeConstructorAccessorImpl.java:77)
	at java.base/jdk.internal.reflect.DelegatingConstructorAccessorImpl.newInstance(DelegatingConstructorAccessorImpl.java:45)
	at java.base/java.lang.reflect.Constructor.newInstanceWithCaller(Constructor.java:499)
	at java.base/java.lang.reflect.Constructor.newInstance(Constructor.java:480)
	at org.openqa.selenium.remote.codec.w3c.W3CHttpResponseCodec.createException(W3CHttpResponseCodec.java:200)
	at org.openqa.selenium.remote.codec.w3c.W3CHttpResponseCodec.decode(W3CHttpResponseCodec.java:133)
	at org.openqa.selenium.remote.codec.w3c.W3CHttpResponseCodec.decode(W3CHttpResponseCodec.java:52)
	at org.openqa.selenium.remote.HttpCommandExecutor.execute(HttpCommandExecutor.java:191)
	at org.openqa.selenium.remote.service.DriverCommandExecutor.invokeExecute(DriverCommandExecutor.java:200)
	at org.openqa.selenium.remote.service.DriverCommandExecutor.execute(DriverCommandExecutor.java:175)
	at org.openqa.selenium.remote.RemoteWebDriver.execute(RemoteWebDriver.java:607)
	at org.openqa.selenium.remote.ElementLocation$ElementFinder$2.findElement(ElementLocation.java:165)
	at org.openqa.selenium.remote.ElementLocation.findElement(ElementLocation.java:59)
	at org.openqa.selenium.remote.RemoteWebDriver.findElement(RemoteWebDriver.java:364)
	at org.openqa.selenium.remote.RemoteWebDriver.findElement(RemoteWebDriver.java:358)
	at org.openqa.selenium.support.pagefactory.DefaultElementLocator.findElement(DefaultElementLocator.java:68)
	at org.openqa.selenium.support.pagefactory.internal.LocatingElementHandler.invoke(LocatingElementHandler.java:38)
	at jdk.proxy2/jdk.proxy2.$Proxy28.getText(Unknown Source)
	at com.tutorialninja.demo.utility.Utility.getTextFromElement(Utility.java:63)
	at com.tutorialninja.demo.pages.ShoppingCartPage.verifyShoppingCartText(ShoppingCartPage.java:59)
	at com.tutorialninja.demo.steps.ShoppingCartTestSteps.userShouldAbleToVerifyTheTextShoppingCart(ShoppingCartTestSteps.java:17)
	at ✽.USer should able to verify the text Shopping Cart"Shopping Cart  (0.00kg)"(file:///C:/Users/kakad/IdeaProjects/com-tutorialninja-demo-sw-6/src/test/resources/features/DesktopsTest.feature:45)
</textarea>
      
      </div>
                  </div>
                  <div class="step skip-bg">
                    <span>Then User should able to verify the product name "Sony VAIO"</span>
      <div>Step skipped
      </div>
                  </div>
                  <div class="step skip-bg">
                    <span>Then User should able to verify the Model "Product 19"</span>
      <div>Step skipped
      </div>
                  </div>
                  <div class="step skip-bg">
                    <span>Then User should able to verify the Total "£736.23"</span>
      <div>Step skipped
      </div>
                  </div>
                  <div class="step pass-bg">
                    <span>com.tutorialninja.demo.steps.Hooks.tearDown(io.cucumber.java.Scenario)</span>
      <div>Verify Product Added To Shopping Cart SuccessFully
          <div class="row mb-3"><div class="col-md-3">
<img data-featherlight='../screenshots/embedded6.png' src="../screenshots/embedded6.png">
    
    </div></div>
</div>
      <div>
      </div>
                  </div>
              </div>
            </div>
        </div>
  </div>
</div>
          </div>
        </li>
        <li class="test-item"  status="fail" test-id="120"
          author=""
          tag=""
          device="">
          <div class="test-detail">
            <p class="name">Laptops And Notebooks Page Test Feature</p>
            <p class="text-sm">
              <span>12:05:26</span> / <span>00:00:59:208</span>
              <span class="badge fail-bg log float-right">Fail</span>
            </p>
          </div>
          <div class="test-contents d-none">
<div class="detail-head">
<div class="p-v-10">
<div class="info">
<h5 class="test-status text-fail">Laptops And Notebooks Page Test Feature</h5>
<span class='badge badge-success'>12.19.2023 12:05:26</span>
<span class='badge badge-danger'>12.19.2023 12:06:25</span>
<span class='badge badge-default'>00:00:59:208</span>
&middot; <span class='uri-anchor badge badge-default'>#test-id=120</span>
<span class='badge badge-default pointer float-right ml-1 et'><i class="fa fa-chevron-down"></i></span>
<span class='badge badge-default pointer float-right ct'><i class="fa fa-chevron-up"></i></span>
</div>
<div class="m-t-10 m-l-5"></div>
</div>
</div>
<div class="accordion mt-4">
  <div class="card">
    <div class="card-header" role="tab">
      <div class="card-title">
        <div class="node" id="121"><span class="badge log pass-bg mr-2">Pass</span>User should see the Product price display in High to Low order from Sort by</div>
      </div>
    </div>
        <div class="collapse">
          <div class="card-body">
              <div class="step pass-bg" title="com.tutorialninja.demo.steps.TopMenuTestSteps.userMouseHoverOnCurrencyDropdownAndClickOnIt()">
                <span>When user mouse hover on Currency Dropdown and click on it</span>
      <div>
      </div>
              </div>
              <div class="step pass-bg" title="com.tutorialninja.demo.steps.TopMenuTestSteps.userMouseHoverOn£PoundSterlingAndClickOnIt()">
                <span>And User mouse hover on £Pound Sterling and click on it</span>
      <div>
      </div>
              </div>
              <div class="step pass-bg" title="com.tutorialninja.demo.steps.TopMenuTestSteps.userMouseHoverOnLaptopsNotebooksTabAndClickOnIt()">
                <span>When User mouse hover on Laptops & Notebooks tab and click on it</span>
      <div>
      </div>
              </div>
              <div class="step pass-bg" title="com.tutorialninja.demo.steps.TopMenuTestSteps.userClickOnShowAllLaptopsNotebooksOption()">
                <span>And User click on Show All Laptops & Notebooks Option</span>
      <div>
      </div>
              </div>
              <div class="step pass-bg" title="com.tutorialninja.demo.steps.LaptopsAndNotebooksSteps.userSelectSortByPriceHighLow()">
                <span>And User Select Sort By Price (High > Low)</span>
      <div>
      </div>
              </div>
              <div class="step pass-bg" title="com.tutorialninja.demo.steps.LaptopsAndNotebooksSteps.userShouldSeeProductPriceIsArrangeInHighToLowOrder()">
                <span>Then User should see Product price is arrange in High to Low order.</span>
      <div>
      </div>
              </div>
          </div>
        </div>
  </div>
  <div class="card">
    <div class="card-header" role="tab">
      <div class="card-title">
        <div class="node" id="130"><span class="badge log fail-bg mr-2">Fail</span>Verify That User Place Order Successfully</div>
          <div class="status-avatar float-right mr-4">
            <i class="fa fa-paperclip"></i>
          </div>
      </div>
    </div>
        <div class="">
          <div class="card-body">
              <div class="step pass-bg" title="com.tutorialninja.demo.steps.TopMenuTestSteps.userMouseHoverOnCurrencyDropdownAndClickOnIt()">
                <span>When user mouse hover on Currency Dropdown and click on it</span>
      <div>
      </div>
              </div>
              <div class="step pass-bg" title="com.tutorialninja.demo.steps.TopMenuTestSteps.userMouseHoverOn£PoundSterlingAndClickOnIt()">
                <span>And User mouse hover on £Pound Sterling and click on it</span>
      <div>
      </div>
              </div>
              <div class="step pass-bg" title="com.tutorialninja.demo.steps.TopMenuTestSteps.userMouseHoverOnLaptopsNotebooksTabAndClickOnIt()">
                <span>When User mouse hover on Laptops & Notebooks tab and click on it</span>
      <div>
      </div>
              </div>
              <div class="step pass-bg" title="com.tutorialninja.demo.steps.TopMenuTestSteps.userClickOnShowAllLaptopsNotebooksOption()">
                <span>And User click on Show All Laptops & Notebooks Option</span>
      <div>
      </div>
              </div>
              <div class="step pass-bg" title="com.tutorialninja.demo.steps.LaptopsAndNotebooksSteps.userSelectSortByPriceHighLow()">
                <span>And User Select Sort By Price (High > Low)</span>
      <div>
      </div>
              </div>
              <div class="step pass-bg" title="com.tutorialninja.demo.steps.LaptopsAndNotebooksSteps.userSelectProductMacBook()">
                <span>And User Select Product MacBook</span>
      <div>
      </div>
              </div>
              <div class="step pass-bg" title="com.tutorialninja.demo.steps.LaptopsAndNotebooksSteps.userShouldAbleToVerifyTheProductName(java.lang.String)">
                <span>Then User should able to verify the Product name "MacBook"</span>
      <div>
      </div>
              </div>
              <div class="step pass-bg" title="com.tutorialninja.demo.steps.LaptopsAndNotebooksSteps.userClickOnAddToCartButton()">
                <span>And User Click on Add To Cart button</span>
      <div>
      </div>
              </div>
              <div class="step pass-bg" title="com.tutorialninja.demo.steps.LaptopsAndNotebooksSteps.userShouldSeeTheMessageSuccessYouHaveAddedMacBookToYourShoppingCart()">
                <span>Then User should see the message Success: You have added MacBook to your shopping cart!</span>
      <div>
      </div>
              </div>
              <div class="step pass-bg" title="com.tutorialninja.demo.steps.LaptopsAndNotebooksSteps.userClickOnLinkShoppingCartDisplayIntoSuccessMessage()">
                <span>And User click on link shopping cart display into success message</span>
      <div>
      </div>
              </div>
              <div class="step fail-bg" title="com.tutorialninja.demo.steps.ShoppingCartTestSteps.userShouldAbleToSee(java.lang.String)">
                <span>Then User should able to see "Shopping Cart"</span>
      <div>
        <textarea disabled class="code-block">org.openqa.selenium.NoSuchElementException: no such element: Unable to locate element: {"method":"xpath","selector":"//h1[normalize-space()='Shopping Cart']"}
  (Session info: chrome=120.0.6099.110)
For documentation on this error, please visit: https://www.selenium.dev/documentation/webdriver/troubleshooting/errors#no-such-element-exception
Build info: version: '4.15.0', revision: '1d14b5521b'
System info: os.name: 'Windows 11', os.arch: 'amd64', os.version: '10.0', java.version: '17.0.8'
Driver info: org.openqa.selenium.chrome.ChromeDriver
Command: [537e01f7f366ad94faecf4e90143fe54, findElement {using=xpath, value=//h1[normalize-space()='Shopping Cart']}]
Capabilities {acceptInsecureCerts: false, browserName: chrome, browserVersion: 120.0.6099.110, chrome: {chromedriverVersion: 120.0.6099.109 (3419140ab66..., userDataDir: C:\Users\kakad\AppData\Loca...}, fedcm:accounts: true, goog:chromeOptions: {debuggerAddress: localhost:49775}, networkConnectionEnabled: false, pageLoadStrategy: normal, platformName: windows, proxy: Proxy(), se:cdp: ws://localhost:49775/devtoo..., se:cdpVersion: 120.0.6099.110, setWindowRect: true, strictFileInteractability: false, timeouts: {implicit: 0, pageLoad: 300000, script: 30000}, unhandledPromptBehavior: dismiss and notify, webauthn:extension:credBlob: true, webauthn:extension:largeBlob: true, webauthn:extension:minPinLength: true, webauthn:extension:prf: true, webauthn:virtualAuthenticators: true}
Session ID: 537e01f7f366ad94faecf4e90143fe54
	at java.base/jdk.internal.reflect.NativeConstructorAccessorImpl.newInstance0(Native Method)
	at java.base/jdk.internal.reflect.NativeConstructorAccessorImpl.newInstance(NativeConstructorAccessorImpl.java:77)
	at java.base/jdk.internal.reflect.DelegatingConstructorAccessorImpl.newInstance(DelegatingConstructorAccessorImpl.java:45)
	at java.base/java.lang.reflect.Constructor.newInstanceWithCaller(Constructor.java:499)
	at java.base/java.lang.reflect.Constructor.newInstance(Constructor.java:480)
	at org.openqa.selenium.remote.codec.w3c.W3CHttpResponseCodec.createException(W3CHttpResponseCodec.java:200)
	at org.openqa.selenium.remote.codec.w3c.W3CHttpResponseCodec.decode(W3CHttpResponseCodec.java:133)
	at org.openqa.selenium.remote.codec.w3c.W3CHttpResponseCodec.decode(W3CHttpResponseCodec.java:52)
	at org.openqa.selenium.remote.HttpCommandExecutor.execute(HttpCommandExecutor.java:191)
	at org.openqa.selenium.remote.service.DriverCommandExecutor.invokeExecute(DriverCommandExecutor.java:200)
	at org.openqa.selenium.remote.service.DriverCommandExecutor.execute(DriverCommandExecutor.java:175)
	at org.openqa.selenium.remote.RemoteWebDriver.execute(RemoteWebDriver.java:607)
	at org.openqa.selenium.remote.ElementLocation$ElementFinder$2.findElement(ElementLocation.java:165)
	at org.openqa.selenium.remote.ElementLocation.findElement(ElementLocation.java:59)
	at org.openqa.selenium.remote.RemoteWebDriver.findElement(RemoteWebDriver.java:364)
	at org.openqa.selenium.remote.RemoteWebDriver.findElement(RemoteWebDriver.java:358)
	at org.openqa.selenium.support.pagefactory.DefaultElementLocator.findElement(DefaultElementLocator.java:68)
	at org.openqa.selenium.support.pagefactory.internal.LocatingElementHandler.invoke(LocatingElementHandler.java:38)
	at jdk.proxy2/jdk.proxy2.$Proxy28.getText(Unknown Source)
	at com.tutorialninja.demo.utility.Utility.getTextFromElement(Utility.java:63)
	at com.tutorialninja.demo.pages.ShoppingCartPage.verifyShoppingCartText(ShoppingCartPage.java:59)
	at com.tutorialninja.demo.steps.ShoppingCartTestSteps.userShouldAbleToSee(ShoppingCartTestSteps.java:40)
	at ✽.User should able to see "Shopping Cart"(file:///C:/Users/kakad/IdeaProjects/com-tutorialninja-demo-sw-6/src/test/resources/features/LaptopsAndNotebooksTest.feature:54)
</textarea>
      
      </div>
              </div>
              <div class="step skip-bg" title="com.tutorialninja.demo.steps.ShoppingCartTestSteps.userShouldAbleToSeeProductNameIs(java.lang.String)">
                <span>And user should able to see Product name is "MacBook"</span>
      <div>Step skipped
      </div>
              </div>
              <div class="step skip-bg" title="com.tutorialninja.demo.steps.ShoppingCartTestSteps.userChangeQuantityTo(int)">
                <span>And User Change Quantity to 2</span>
      <div>Step skipped
      </div>
              </div>
              <div class="step skip-bg" title="com.tutorialninja.demo.steps.ShoppingCartTestSteps.userClickOnUpdateTab()">
                <span>And User click on Update tab</span>
      <div>Step skipped
      </div>
              </div>
              <div class="step skip-bg" title="com.tutorialninja.demo.steps.ShoppingCartTestSteps.userShouldSeeMessage(java.lang.String)">
                <span>Then User should see message "Success: You have modified your shopping cart!"</span>
      <div>Step skipped
      </div>
              </div>
              <div class="step skip-bg" title="com.tutorialninja.demo.steps.ShoppingCartTestSteps.userShouldSeeTheUpdatedTotalPrice(java.lang.String)">
                <span>And User should see the updated  total price "£737.45"</span>
      <div>Step skipped
      </div>
              </div>
              <div class="step skip-bg" title="com.tutorialninja.demo.steps.ShoppingCartTestSteps.userClickOnCheckoutButton()">
                <span>And user click on Checkout button</span>
      <div>Step skipped
      </div>
              </div>
              <div class="step skip-bg" title="com.tutorialninja.demo.steps.CheckOutTestSteps.userShouldSeeCheckoutText(java.lang.String)">
                <span>Then User should see checkout text "Checkout"</span>
      <div>Step skipped
      </div>
              </div>
              <div class="step skip-bg" title="com.tutorialninja.demo.steps.CheckOutTestSteps.userShouldSeeCustomerText(java.lang.String)">
                <span>And user should see customer text "New Customer"</span>
      <div>Step skipped
      </div>
              </div>
              <div class="step skip-bg" title="com.tutorialninja.demo.steps.CheckOutTestSteps.userClickOnGuestCheckoutRadioButton()">
                <span>And User click on Guest Checkout radio button</span>
      <div>Step skipped
      </div>
              </div>
              <div class="step skip-bg" title="com.tutorialninja.demo.steps.CheckOutTestSteps.userClickOnContinueTab()">
                <span>And User click on Continue tab</span>
      <div>Step skipped
      </div>
              </div>
              <div class="step skip-bg" title="com.tutorialninja.demo.steps.CheckOutTestSteps.userFillAllTheMandatoryFields()">
                <span>Then user fill all the mandatory fields</span>
      <div>Step skipped
      </div>
              </div>
              <div class="step skip-bg" title="com.tutorialninja.demo.steps.CheckOutTestSteps.userClickOnContinue()">
                <span>And User click on Continue</span>
      <div>Step skipped
      </div>
              </div>
              <div class="step skip-bg" title="com.tutorialninja.demo.steps.CheckOutTestSteps.userEnterCommentsAboutOrderIntoTextField()">
                <span>And User enter Comments about order into text field</span>
      <div>Step skipped
      </div>
              </div>
              <div class="step skip-bg" title="com.tutorialninja.demo.steps.CheckOutTestSteps.userClickOnCheckTheTermsConditionsCheckBox()">
                <span>And User Click on check the Terms & Conditions check box</span>
      <div>Step skipped
      </div>
              </div>
              <div class="step skip-bg" title="com.tutorialninja.demo.steps.CheckOutTestSteps.userClickOnContinues()">
                <span>And User Click on Continues</span>
      <div>Step skipped
      </div>
              </div>
              <div class="step skip-bg" title="com.tutorialninja.demo.steps.CheckOutTestSteps.userShouldSeeWarningMessage(java.lang.String)">
                <span>Then User should see warning message "Warning: Payment method required!"</span>
      <div>Step skipped
      </div>
              </div>
              <div class="step pass-bg" title="AFTER">
                <span>com.tutorialninja.demo.steps.Hooks.tearDown(io.cucumber.java.Scenario)</span>
      <div>Verify That User Place Order Successfully
          <div class="row mb-3"><div class="col-md-3">
<img data-featherlight='../screenshots/embedded7.png' src="../screenshots/embedded7.png">
    
    </div></div>
</div>
      <div>
      </div>
              </div>
          </div>
        </div>
  </div>
</div>
          </div>
        </li>
        <li class="test-item"  status="pass" test-id="160"
          author=""
          tag=""
          device="">
          <div class="test-detail">
            <p class="name">MyAccount Login Page Test Feature</p>
            <p class="text-sm">
              <span>12:06:25</span> / <span>00:00:09:500</span>
              <span class="badge pass-bg log float-right">Pass</span>
            </p>
          </div>
          <div class="test-contents d-none">
<div class="detail-head">
<div class="p-v-10">
<div class="info">
<h5 class="test-status text-pass">MyAccount Login Page Test Feature</h5>
<span class='badge badge-success'>12.19.2023 12:06:25</span>
<span class='badge badge-danger'>12.19.2023 12:06:35</span>
<span class='badge badge-default'>00:00:09:500</span>
&middot; <span class='uri-anchor badge badge-default'>#test-id=160</span>
<span class='badge badge-default pointer float-right ml-1 et'><i class="fa fa-chevron-down"></i></span>
<span class='badge badge-default pointer float-right ct'><i class="fa fa-chevron-up"></i></span>
</div>
<div class="m-t-10 m-l-5"></div>
</div>
</div>
<div class="accordion mt-4">
  <div class="card">
    <div class="card-header" role="tab">
      <div class="card-title">
        <div class="node" id="161"><span class="badge log pass-bg mr-2">Pass</span>Verify That User Should Login And Logout Successfully</div>
      </div>
    </div>
        <div class="collapse">
          <div class="card-body">
              <div class="step pass-bg" title="com.tutorialninja.demo.steps.TopMenuTestSteps.userMouseHoverOnCurrencyDropdownAndClickOnIt()">
                <span>When user mouse hover on Currency Dropdown and click on it</span>
      <div>
      </div>
              </div>
              <div class="step pass-bg" title="com.tutorialninja.demo.steps.TopMenuTestSteps.userMouseHoverOn£PoundSterlingAndClickOnIt()">
                <span>And User mouse hover on £Pound Sterling and click on it</span>
      <div>
      </div>
              </div>
              <div class="step pass-bg" title="com.tutorialninja.demo.steps.MyAccountLoginSteps.userClickOnMyAccountLink()">
                <span>When User click on My Account Link</span>
      <div>
      </div>
              </div>
              <div class="step pass-bg" title="com.tutorialninja.demo.steps.MyAccountLoginSteps.userClickOnLoginLink()">
                <span>And User Click on Login link</span>
      <div>
      </div>
              </div>
              <div class="step pass-bg" title="com.tutorialninja.demo.steps.MyAccountLoginSteps.userEnterAnEmailAddress()">
                <span>And User Enter an EmailAddress</span>
      <div>
      </div>
              </div>
              <div class="step pass-bg" title="com.tutorialninja.demo.steps.MyAccountLoginSteps.userEnterPassword()">
                <span>And User enter password</span>
      <div>
      </div>
              </div>
              <div class="step pass-bg" title="com.tutorialninja.demo.steps.MyAccountLoginSteps.userClickOnLoginButton()">
                <span>And User click on Login button</span>
      <div>
      </div>
              </div>
              <div class="step pass-bg" title="com.tutorialninja.demo.steps.MyAccountLoginSteps.userShouldBeAbleToLoginSuccessfullyAndVerifyTheTextMyAccount(java.lang.String)">
                <span>Then User should be able to login successfully and Verify the text "My Account"</span>
      <div>
      </div>
              </div>
              <div class="step pass-bg" title="com.tutorialninja.demo.steps.MyAccountLoginSteps.userClickOnLogOutLink()">
                <span>And User click On LogOut link</span>
      <div>
      </div>
              </div>
              <div class="step pass-bg" title="com.tutorialninja.demo.steps.MyAccountLoginSteps.userShouldBeAbleToLogoutSuccessfullyAndVerifyTheText(java.lang.String)">
                <span>Then User should be able to logout successfully and Verify the text "Logout"</span>
      <div>
      </div>
              </div>
              <div class="step pass-bg" title="com.tutorialninja.demo.steps.MyAccountLoginSteps.userClickOnContinueButtonThree()">
                <span>And User click on continue buttonThree</span>
      <div>
      </div>
              </div>
          </div>
        </div>
  </div>
</div>
          </div>
        </li>
        <li class="test-item"  status="pass" test-id="175"
          author=""
          tag=""
          device="">
          <div class="test-detail">
            <p class="name">MyAccount Register Page Test Feature</p>
            <p class="text-sm">
              <span>12:06:35</span> / <span>00:00:55:176</span>
              <span class="badge pass-bg log float-right">Pass</span>
            </p>
          </div>
          <div class="test-contents d-none">
<div class="detail-head">
<div class="p-v-10">
<div class="info">
<h5 class="test-status text-pass">MyAccount Register Page Test Feature</h5>
<span class='badge badge-success'>12.19.2023 12:06:35</span>
<span class='badge badge-danger'>12.19.2023 12:07:30</span>
<span class='badge badge-default'>00:00:55:176</span>
&middot; <span class='uri-anchor badge badge-default'>#test-id=175</span>
<span class='badge badge-default pointer float-right ml-1 et'><i class="fa fa-chevron-down"></i></span>
<span class='badge badge-default pointer float-right ct'><i class="fa fa-chevron-up"></i></span>
</div>
<div class="m-t-10 m-l-5"></div>
</div>
</div>
<div class="accordion mt-4">
  <div class="card">
    <div class="card-header" role="tab">
      <div class="card-title">
        <div class="node" id="176"><span class="badge log pass-bg mr-2">Pass</span>Verify User Should Navigate To Register Page Successfully</div>
      </div>
    </div>
        <div class="collapse">
          <div class="card-body">
              <div class="step pass-bg" title="com.tutorialninja.demo.steps.TopMenuTestSteps.userMouseHoverOnCurrencyDropdownAndClickOnIt()">
                <span>When user mouse hover on Currency Dropdown and click on it</span>
      <div>
      </div>
              </div>
              <div class="step pass-bg" title="com.tutorialninja.demo.steps.TopMenuTestSteps.userMouseHoverOn£PoundSterlingAndClickOnIt()">
                <span>And User mouse hover on £Pound Sterling and click on it</span>
      <div>
      </div>
              </div>
              <div class="step pass-bg" title="com.tutorialninja.demo.steps.MyAccountLoginSteps.userClickOnMyAccountLink()">
                <span>When User click on My Account Link</span>
      <div>
      </div>
              </div>
              <div class="step pass-bg" title="com.tutorialninja.demo.steps.TopMenuTestSteps.userClickOnRegisterLink()">
                <span>And User Click on Register link</span>
      <div>
      </div>
              </div>
              <div class="step pass-bg" title="com.tutorialninja.demo.steps.MyAccountRegisterSteps.userShouldVerifyTheTextForRegisterAccount(java.lang.String)">
                <span>Then User should verify the text for Register Account "Register Account"</span>
      <div>
      </div>
              </div>
          </div>
        </div>
  </div>
  <div class="card">
    <div class="card-header" role="tab">
      <div class="card-title">
        <div class="node" id="184"><span class="badge log pass-bg mr-2">Pass</span>Verify User Should Navigate To Login Page Successfully</div>
      </div>
    </div>
        <div class="collapse">
          <div class="card-body">
              <div class="step pass-bg" title="com.tutorialninja.demo.steps.TopMenuTestSteps.userMouseHoverOnCurrencyDropdownAndClickOnIt()">
                <span>When user mouse hover on Currency Dropdown and click on it</span>
      <div>
      </div>
              </div>
              <div class="step pass-bg" title="com.tutorialninja.demo.steps.TopMenuTestSteps.userMouseHoverOn£PoundSterlingAndClickOnIt()">
                <span>And User mouse hover on £Pound Sterling and click on it</span>
      <div>
      </div>
              </div>
              <div class="step pass-bg" title="com.tutorialninja.demo.steps.MyAccountLoginSteps.userClickOnMyAccountLink()">
                <span>When User click on My Account Link</span>
      <div>
      </div>
              </div>
              <div class="step pass-bg" title="com.tutorialninja.demo.steps.MyAccountLoginSteps.userClickOnLoginLink()">
                <span>And User Click on Login link</span>
      <div>
      </div>
              </div>
              <div class="step pass-bg" title="com.tutorialninja.demo.steps.MyAccountRegisterSteps.userShouldVerifyTheTextForCustomer(java.lang.String)">
                <span>Then User should verify the text for customer "Returning Customer"</span>
      <div>
      </div>
              </div>
          </div>
        </div>
  </div>
  <div class="card">
    <div class="card-header" role="tab">
      <div class="card-title">
        <div class="node" id="192"><span class="badge log pass-bg mr-2">Pass</span>Verify That User Register Account Successfully</div>
      </div>
    </div>
        <div class="collapse">
          <div class="card-body">
              <div class="step pass-bg" title="com.tutorialninja.demo.steps.TopMenuTestSteps.userMouseHoverOnCurrencyDropdownAndClickOnIt()">
                <span>When user mouse hover on Currency Dropdown and click on it</span>
      <div>
      </div>
              </div>
              <div class="step pass-bg" title="com.tutorialninja.demo.steps.TopMenuTestSteps.userMouseHoverOn£PoundSterlingAndClickOnIt()">
                <span>And User mouse hover on £Pound Sterling and click on it</span>
      <div>
      </div>
              </div>
              <div class="step pass-bg" title="com.tutorialninja.demo.steps.MyAccountLoginSteps.userClickOnMyAccountLink()">
                <span>When User click on My Account Link</span>
      <div>
      </div>
              </div>
              <div class="step pass-bg" title="com.tutorialninja.demo.steps.TopMenuTestSteps.userClickOnRegisterLink()">
                <span>And User Click on Register link</span>
      <div>
      </div>
              </div>
              <div class="step pass-bg" title="com.tutorialninja.demo.steps.MyAccountRegisterSteps.userEnterFirstName()">
                <span>And User Enter First Name</span>
      <div>
      </div>
              </div>
              <div class="step pass-bg" title="com.tutorialninja.demo.steps.MyAccountRegisterSteps.userEnterLastName()">
                <span>And User enter Last Name</span>
      <div>
      </div>
              </div>
              <div class="step pass-bg" title="com.tutorialninja.demo.steps.MyAccountRegisterSteps.userEnterAnEmail()">
                <span>And User Enter an Email</span>
      <div>
      </div>
              </div>
              <div class="step pass-bg" title="com.tutorialninja.demo.steps.MyAccountRegisterSteps.userEnterTelephoneNumber()">
                <span>And User enter Telephone Number</span>
      <div>
      </div>
              </div>
              <div class="step pass-bg" title="com.tutorialninja.demo.steps.MyAccountLoginSteps.userEnterPassword()">
                <span>And User enter password</span>
      <div>
      </div>
              </div>
              <div class="step pass-bg" title="com.tutorialninja.demo.steps.MyAccountRegisterSteps.userEnterConfirmPassword()">
                <span>And User enter confirm password</span>
      <div>
      </div>
              </div>
              <div class="step pass-bg" title="com.tutorialninja.demo.steps.MyAccountRegisterSteps.userSelectSubscribeRadioButtonAsYes()">
                <span>And User Select subscribe radio button as Yes</span>
      <div>
      </div>
              </div>
              <div class="step pass-bg" title="com.tutorialninja.demo.steps.MyAccountRegisterSteps.userClickOnPrivacyPolicyCheckBox()">
                <span>And User click on privacy policy check box</span>
      <div>
      </div>
              </div>
              <div class="step pass-bg" title="com.tutorialninja.demo.steps.MyAccountRegisterSteps.userClickOnContinueButton()">
                <span>And User click on continue button</span>
      <div>
      </div>
              </div>
              <div class="step pass-bg" title="com.tutorialninja.demo.steps.MyAccountRegisterSteps.userShouldAbleToVerifyTheMessageYourAccountHasBeenCreated()">
                <span>Then User should able to verify the message Your Account Has Been Created!</span>
      <div>
      </div>
              </div>
              <div class="step pass-bg" title="com.tutorialninja.demo.steps.MyAccountRegisterSteps.userClickOnContinueButtonOne()">
                <span>And User click on continue buttonOne</span>
      <div>
      </div>
              </div>
              <div class="step pass-bg" title="com.tutorialninja.demo.steps.MyAccountLoginSteps.userClickOnMyAccountLink()">
                <span>And User click on My Account Link</span>
      <div>
      </div>
              </div>
              <div class="step pass-bg" title="com.tutorialninja.demo.steps.MyAccountRegisterSteps.userClickOnButton(java.lang.String)">
                <span>And User click on "Logout" button</span>
      <div>
      </div>
              </div>
              <div class="step pass-bg" title="com.tutorialninja.demo.steps.MyAccountRegisterSteps.userShouldAbleToVerifyTheTextAccountLogout(java.lang.String)">
                <span>Then User should able to verify the text "Logout"</span>
      <div>
      </div>
              </div>
              <div class="step pass-bg" title="com.tutorialninja.demo.steps.MyAccountRegisterSteps.userClickOnContinueButtonTwo()">
                <span>And User click on continue buttonTwo</span>
      <div>
      </div>
              </div>
          </div>
        </div>
  </div>
</div>
          </div>
        </li>
        <li class="test-item"  status="pass" test-id="214"
          author=""
          tag=""
          device="">
          <div class="test-detail">
            <p class="name">TopMenu Test Feature</p>
            <p class="text-sm">
              <span>12:07:30</span> / <span>00:00:31:484</span>
              <span class="badge pass-bg log float-right">Pass</span>
            </p>
          </div>
          <div class="test-contents d-none">
<div class="detail-head">
<div class="p-v-10">
<div class="info">
<h5 class="test-status text-pass">TopMenu Test Feature</h5>
<span class='badge badge-success'>12.19.2023 12:07:30</span>
<span class='badge badge-danger'>12.19.2023 12:08:01</span>
<span class='badge badge-default'>00:00:31:484</span>
&middot; <span class='uri-anchor badge badge-default'>#test-id=214</span>
<span class='badge badge-default pointer float-right ml-1 et'><i class="fa fa-chevron-down"></i></span>
<span class='badge badge-default pointer float-right ct'><i class="fa fa-chevron-up"></i></span>
</div>
<div class="m-t-10 m-l-5"> As a User, I should be able to check TopMenu features</div>
</div>
</div>
<div class="accordion mt-4">
  <div class="card">
    <div class="card-header" role="tab">
      <div class="card-title">
        <div class="node" id="215"><span class="badge log pass-bg mr-2">Pass</span>Verify User Should Navigate To Desktops Page Successfully</div>
      </div>
    </div>
        <div class="collapse">
          <div class="card-body">
              <div class="step pass-bg" title="com.tutorialninja.demo.steps.TopMenuTestSteps.userMouseHoverOnCurrencyDropdownAndClickOnIt()">
                <span>When user mouse hover on Currency Dropdown and click on it</span>
      <div>
      </div>
              </div>
              <div class="step pass-bg" title="com.tutorialninja.demo.steps.TopMenuTestSteps.userMouseHoverOn£PoundSterlingAndClickOnIt()">
                <span>And User mouse hover on £Pound Sterling and click on it</span>
      <div>
      </div>
              </div>
              <div class="step pass-bg" title="com.tutorialninja.demo.steps.TopMenuTestSteps.userMouseHoverOnDesktopsTabAndClickOnIt()">
                <span>When User mouse hover on Desktops tab and click on it</span>
      <div>
      </div>
              </div>
              <div class="step pass-bg" title="com.tutorialninja.demo.steps.TopMenuTestSteps.userClickOnShowAllDesktopsOption()">
                <span>And User click on Show All Desktops Option</span>
      <div>
      </div>
              </div>
              <div class="step pass-bg" title="com.tutorialninja.demo.steps.TopMenuTestSteps.userShouldSeeTextOnDesktopsPage(java.lang.String)">
                <span>Then User should See "Desktops" text on desktops page</span>
      <div>
      </div>
              </div>
          </div>
        </div>
  </div>
  <div class="card">
    <div class="card-header" role="tab">
      <div class="card-title">
        <div class="node" id="223"><span class="badge log pass-bg mr-2">Pass</span>Verify User Should Navigate To Laptops And Notebooks Page Successfully</div>
      </div>
    </div>
        <div class="collapse">
          <div class="card-body">
              <div class="step pass-bg" title="com.tutorialninja.demo.steps.TopMenuTestSteps.userMouseHoverOnCurrencyDropdownAndClickOnIt()">
                <span>When user mouse hover on Currency Dropdown and click on it</span>
      <div>
      </div>
              </div>
              <div class="step pass-bg" title="com.tutorialninja.demo.steps.TopMenuTestSteps.userMouseHoverOn£PoundSterlingAndClickOnIt()">
                <span>And User mouse hover on £Pound Sterling and click on it</span>
      <div>
      </div>
              </div>
              <div class="step pass-bg" title="com.tutorialninja.demo.steps.TopMenuTestSteps.userMouseHoverOnLaptopsNotebooksTabAndClickOnIt()">
                <span>When User mouse hover on Laptops & Notebooks tab and click on it</span>
      <div>
      </div>
              </div>
              <div class="step pass-bg" title="com.tutorialninja.demo.steps.TopMenuTestSteps.userClickOnShowAllLaptopsNotebooksOption()">
                <span>And User click on Show All Laptops & Notebooks Option</span>
      <div>
      </div>
              </div>
              <div class="step pass-bg" title="com.tutorialninja.demo.steps.TopMenuTestSteps.userShouldSeeTextOnLaptopsNotebooksPage(java.lang.String)">
                <span>Then User should See "Laptops & Notebooks" text on laptops & notebooks page</span>
      <div>
      </div>
              </div>
          </div>
        </div>
  </div>
  <div class="card">
    <div class="card-header" role="tab">
      <div class="card-title">
        <div class="node" id="231"><span class="badge log pass-bg mr-2">Pass</span>Verify User Should Navigate To Components Page Successfully</div>
      </div>
    </div>
        <div class="collapse">
          <div class="card-body">
              <div class="step pass-bg" title="com.tutorialninja.demo.steps.TopMenuTestSteps.userMouseHoverOnCurrencyDropdownAndClickOnIt()">
                <span>When user mouse hover on Currency Dropdown and click on it</span>
      <div>
      </div>
              </div>
              <div class="step pass-bg" title="com.tutorialninja.demo.steps.TopMenuTestSteps.userMouseHoverOn£PoundSterlingAndClickOnIt()">
                <span>And User mouse hover on £Pound Sterling and click on it</span>
      <div>
      </div>
              </div>
              <div class="step pass-bg" title="com.tutorialninja.demo.steps.TopMenuTestSteps.userMouseHoverOnComponentsTabAndClickOnIt()">
                <span>When User mouse hover on Components  tab and click on it</span>
      <div>
      </div>
              </div>
              <div class="step pass-bg" title="com.tutorialninja.demo.steps.TopMenuTestSteps.userClickOnShowAllComponentsOption()">
                <span>And User click on Show All Components Option</span>
      <div>
      </div>
              </div>
              <div class="step pass-bg" title="com.tutorialninja.demo.steps.TopMenuTestSteps.userShouldSeeTextOnComponentsPage(java.lang.String)">
                <span>Then User should See "Components" text on components page</span>
      <div>
      </div>
              </div>
          </div>
        </div>
  </div>
</div>
          </div>
        </li>
      </ul>
    </div>
  </div>
<div class="test-content scrollable">
<div class="test-content-tools">
<ul><li><a class="back-to-test" href="#"><i class="fa fa-arrow-left"></i></a></li></ul>
</div>
<div class="test-content-detail"><div class="detail-body"></div></div>
</div></div>
<div class="test-wrapper row view category-view attributes-view">
<div class="test-list">
<div class="test-list-tools">
<ul class="tools pull-left"><li><a href=""><span class="font-size-14">Category</span></a></li></ul>
<ul class="tools text-right"><li><a href="#"><span class="badge badge-primary">4</span></a></li></ul>
</div>
<div class="test-list-wrapper scrollable">
<ul class="test-list-item">
<li class="test-item">
<div class="test-detail">
<span class="meta">
<span class='badge log pass-bg'>9</span>
<span class='badge log badge-danger'>7</span>
</span>
<p class="name">@Asha</p>
<p class="duration text-sm">16 tests</p>
</div>
<div class="test-contents d-none">
<div class="info">
<h4>@Asha</h4>
<span status="pass" class='badge log pass-bg'>9 passed</span>
<span status="fail" class='badge log badge-danger'>7 failed</span>
</div>
<table class='table table-sm mt-4'>
<thead>
<tr>
<th class="status-col">Status</th>
<th class="timestamp-col">Timestamp</th>
<th>TestName</th>
</tr>
</thead>
<tbody>
<tr class="tag-test-status" status="pass">
<td><span class="badge log pass-bg">Pass</span></td>
<td>11:58:12 am</td>
<td>
<a href="#" class="linked" test-id='1' id='2'>Verify Product Arrange In Alphabetical Order</a>
<div class="">
<span class="badge badge-default">Desktops Page Test Feature.Verify Product Arrange In Alphabetical Order</span>
</div>
</td>
</tr>
<tr class="tag-test-status" status="fail">
<td><span class="badge log fail-bg">Fail</span></td>
<td>11:58:24 am</td>
<td>
<a href="#" class="linked" test-id='1' id='12'>Verify Product Added To Shopping Cart SuccessFully</a>
<div class="">
<span class="badge badge-default">Desktops Page Test Feature.Verify Product Added To Shopping Cart SuccessFully</span>
</div>
</td>
</tr>
<tr class="tag-test-status" status="fail">
<td><span class="badge log fail-bg">Fail</span></td>
<td>11:59:37 am</td>
<td>
<a href="#" class="linked" test-id='1' id='30'>Verify Product Added To Shopping Cart SuccessFully</a>
<div class="">
<span class="badge badge-default">Desktops Page Test Feature.Verify Product Added To Shopping Cart SuccessFully</span>
</div>
</td>
</tr>
<tr class="tag-test-status" status="fail">
<td><span class="badge log fail-bg">Fail</span></td>
<td>12:00:47 pm</td>
<td>
<a href="#" class="linked" test-id='1' id='48'>Verify Product Added To Shopping Cart SuccessFully</a>
<div class="">
<span class="badge badge-default">Desktops Page Test Feature.Verify Product Added To Shopping Cart SuccessFully</span>
</div>
</td>
</tr>
<tr class="tag-test-status" status="fail">
<td><span class="badge log fail-bg">Fail</span></td>
<td>12:02:05 pm</td>
<td>
<a href="#" class="linked" test-id='1' id='66'>Verify Product Added To Shopping Cart SuccessFully</a>
<div class="">
<span class="badge badge-default">Desktops Page Test Feature.Verify Product Added To Shopping Cart SuccessFully</span>
</div>
</td>
</tr>
<tr class="tag-test-status" status="fail">
<td><span class="badge log fail-bg">Fail</span></td>
<td>12:03:23 pm</td>
<td>
<a href="#" class="linked" test-id='1' id='84'>Verify Product Added To Shopping Cart SuccessFully</a>
<div class="">
<span class="badge badge-default">Desktops Page Test Feature.Verify Product Added To Shopping Cart SuccessFully</span>
</div>
</td>
</tr>
<tr class="tag-test-status" status="fail">
<td><span class="badge log fail-bg">Fail</span></td>
<td>12:04:33 pm</td>
<td>
<a href="#" class="linked" test-id='1' id='102'>Verify Product Added To Shopping Cart SuccessFully</a>
<div class="">
<span class="badge badge-default">Desktops Page Test Feature.Verify Product Added To Shopping Cart SuccessFully</span>
</div>
</td>
</tr>
<tr class="tag-test-status" status="pass">
<td><span class="badge log pass-bg">Pass</span></td>
<td>12:05:26 pm</td>
<td>
<a href="#" class="linked" test-id='120' id='121'>User should see the Product price display in High to Low order from Sort by</a>
<div class="">
<span class="badge badge-default">Laptops And Notebooks Page Test Feature.User should see the Product price display in High to Low order from Sort by</span>
</div>
</td>
</tr>
<tr class="tag-test-status" status="fail">
<td><span class="badge log fail-bg">Fail</span></td>
<td>12:05:34 pm</td>
<td>
<a href="#" class="linked" test-id='120' id='130'>Verify That User Place Order Successfully</a>
<div class="">
<span class="badge badge-default">Laptops And Notebooks Page Test Feature.Verify That User Place Order Successfully</span>
</div>
</td>
</tr>
<tr class="tag-test-status" status="pass">
<td><span class="badge log pass-bg">Pass</span></td>
<td>12:06:25 pm</td>
<td>
<a href="#" class="linked" test-id='160' id='161'>Verify That User Should Login And Logout Successfully</a>
<div class="">
<span class="badge badge-default">MyAccount Login Page Test Feature.Verify That User Should Login And Logout Successfully</span>
</div>
</td>
</tr>
<tr class="tag-test-status" status="pass">
<td><span class="badge log pass-bg">Pass</span></td>
<td>12:06:35 pm</td>
<td>
<a href="#" class="linked" test-id='175' id='176'>Verify User Should Navigate To Register Page Successfully</a>
<div class="">
<span class="badge badge-default">MyAccount Register Page Test Feature.Verify User Should Navigate To Register Page Successfully</span>
</div>
</td>
</tr>
<tr class="tag-test-status" status="pass">
<td><span class="badge log pass-bg">Pass</span></td>
<td>12:07:01 pm</td>
<td>
<a href="#" class="linked" test-id='175' id='184'>Verify User Should Navigate To Login Page Successfully</a>
<div class="">
<span class="badge badge-default">MyAccount Register Page Test Feature.Verify User Should Navigate To Login Page Successfully</span>
</div>
</td>
</tr>
<tr class="tag-test-status" status="pass">
<td><span class="badge log pass-bg">Pass</span></td>
<td>12:07:19 pm</td>
<td>
<a href="#" class="linked" test-id='175' id='192'>Verify That User Register Account Successfully</a>
<div class="">
<span class="badge badge-default">MyAccount Register Page Test Feature.Verify That User Register Account Successfully</span>
</div>
</td>
</tr>
<tr class="tag-test-status" status="pass">
<td><span class="badge log pass-bg">Pass</span></td>
<td>12:07:30 pm</td>
<td>
<a href="#" class="linked" test-id='214' id='215'>Verify User Should Navigate To Desktops Page Successfully</a>
<div class="">
<span class="badge badge-default">TopMenu Test Feature.Verify User Should Navigate To Desktops Page Successfully</span>
</div>
</td>
</tr>
<tr class="tag-test-status" status="pass">
<td><span class="badge log pass-bg">Pass</span></td>
<td>12:07:38 pm</td>
<td>
<a href="#" class="linked" test-id='214' id='223'>Verify User Should Navigate To Laptops And Notebooks Page Successfully</a>
<div class="">
<span class="badge badge-default">TopMenu Test Feature.Verify User Should Navigate To Laptops And Notebooks Page Successfully</span>
</div>
</td>
</tr>
<tr class="tag-test-status" status="pass">
<td><span class="badge log pass-bg">Pass</span></td>
<td>12:07:44 pm</td>
<td>
<a href="#" class="linked" test-id='214' id='231'>Verify User Should Navigate To Components Page Successfully</a>
<div class="">
<span class="badge badge-default">TopMenu Test Feature.Verify User Should Navigate To Components Page Successfully</span>
</div>
</td>
</tr>
</tbody>
</table>
</div>
</li>
<li class="test-item">
<div class="test-detail">
<span class="meta">
<span class='badge log pass-bg'>7</span>
<span class='badge log badge-danger'>7</span>
</span>
<p class="name">@Smoke</p>
<p class="duration text-sm">14 tests</p>
</div>
<div class="test-contents d-none">
<div class="info">
<h4>@Smoke</h4>
<span status="pass" class='badge log pass-bg'>7 passed</span>
<span status="fail" class='badge log badge-danger'>7 failed</span>
</div>
<table class='table table-sm mt-4'>
<thead>
<tr>
<th class="status-col">Status</th>
<th class="timestamp-col">Timestamp</th>
<th>TestName</th>
</tr>
</thead>
<tbody>
<tr class="tag-test-status" status="pass">
<td><span class="badge log pass-bg">Pass</span></td>
<td>11:58:12 am</td>
<td>
<a href="#" class="linked" test-id='1' id='2'>Verify Product Arrange In Alphabetical Order</a>
<div class="">
<span class="badge badge-default">Desktops Page Test Feature.Verify Product Arrange In Alphabetical Order</span>
</div>
</td>
</tr>
<tr class="tag-test-status" status="fail">
<td><span class="badge log fail-bg">Fail</span></td>
<td>11:58:24 am</td>
<td>
<a href="#" class="linked" test-id='1' id='12'>Verify Product Added To Shopping Cart SuccessFully</a>
<div class="">
<span class="badge badge-default">Desktops Page Test Feature.Verify Product Added To Shopping Cart SuccessFully</span>
</div>
</td>
</tr>
<tr class="tag-test-status" status="fail">
<td><span class="badge log fail-bg">Fail</span></td>
<td>11:59:37 am</td>
<td>
<a href="#" class="linked" test-id='1' id='30'>Verify Product Added To Shopping Cart SuccessFully</a>
<div class="">
<span class="badge badge-default">Desktops Page Test Feature.Verify Product Added To Shopping Cart SuccessFully</span>
</div>
</td>
</tr>
<tr class="tag-test-status" status="fail">
<td><span class="badge log fail-bg">Fail</span></td>
<td>12:00:47 pm</td>
<td>
<a href="#" class="linked" test-id='1' id='48'>Verify Product Added To Shopping Cart SuccessFully</a>
<div class="">
<span class="badge badge-default">Desktops Page Test Feature.Verify Product Added To Shopping Cart SuccessFully</span>
</div>
</td>
</tr>
<tr class="tag-test-status" status="fail">
<td><span class="badge log fail-bg">Fail</span></td>
<td>12:02:05 pm</td>
<td>
<a href="#" class="linked" test-id='1' id='66'>Verify Product Added To Shopping Cart SuccessFully</a>
<div class="">
<span class="badge badge-default">Desktops Page Test Feature.Verify Product Added To Shopping Cart SuccessFully</span>
</div>
</td>
</tr>
<tr class="tag-test-status" status="fail">
<td><span class="badge log fail-bg">Fail</span></td>
<td>12:03:23 pm</td>
<td>
<a href="#" class="linked" test-id='1' id='84'>Verify Product Added To Shopping Cart SuccessFully</a>
<div class="">
<span class="badge badge-default">Desktops Page Test Feature.Verify Product Added To Shopping Cart SuccessFully</span>
</div>
</td>
</tr>
<tr class="tag-test-status" status="fail">
<td><span class="badge log fail-bg">Fail</span></td>
<td>12:04:33 pm</td>
<td>
<a href="#" class="linked" test-id='1' id='102'>Verify Product Added To Shopping Cart SuccessFully</a>
<div class="">
<span class="badge badge-default">Desktops Page Test Feature.Verify Product Added To Shopping Cart SuccessFully</span>
</div>
</td>
</tr>
<tr class="tag-test-status" status="pass">
<td><span class="badge log pass-bg">Pass</span></td>
<td>12:05:26 pm</td>
<td>
<a href="#" class="linked" test-id='120' id='121'>User should see the Product price display in High to Low order from Sort by</a>
<div class="">
<span class="badge badge-default">Laptops And Notebooks Page Test Feature.User should see the Product price display in High to Low order from Sort by</span>
</div>
</td>
</tr>
<tr class="tag-test-status" status="fail">
<td><span class="badge log fail-bg">Fail</span></td>
<td>12:05:34 pm</td>
<td>
<a href="#" class="linked" test-id='120' id='130'>Verify That User Place Order Successfully</a>
<div class="">
<span class="badge badge-default">Laptops And Notebooks Page Test Feature.Verify That User Place Order Successfully</span>
</div>
</td>
</tr>
<tr class="tag-test-status" status="pass">
<td><span class="badge log pass-bg">Pass</span></td>
<td>12:06:25 pm</td>
<td>
<a href="#" class="linked" test-id='160' id='161'>Verify That User Should Login And Logout Successfully</a>
<div class="">
<span class="badge badge-default">MyAccount Login Page Test Feature.Verify That User Should Login And Logout Successfully</span>
</div>
</td>
</tr>
<tr class="tag-test-status" status="pass">
<td><span class="badge log pass-bg">Pass</span></td>
<td>12:06:35 pm</td>
<td>
<a href="#" class="linked" test-id='175' id='176'>Verify User Should Navigate To Register Page Successfully</a>
<div class="">
<span class="badge badge-default">MyAccount Register Page Test Feature.Verify User Should Navigate To Register Page Successfully</span>
</div>
</td>
</tr>
<tr class="tag-test-status" status="pass">
<td><span class="badge log pass-bg">Pass</span></td>
<td>12:07:01 pm</td>
<td>
<a href="#" class="linked" test-id='175' id='184'>Verify User Should Navigate To Login Page Successfully</a>
<div class="">
<span class="badge badge-default">MyAccount Register Page Test Feature.Verify User Should Navigate To Login Page Successfully</span>
</div>
</td>
</tr>
<tr class="tag-test-status" status="pass">
<td><span class="badge log pass-bg">Pass</span></td>
<td>12:07:30 pm</td>
<td>
<a href="#" class="linked" test-id='214' id='215'>Verify User Should Navigate To Desktops Page Successfully</a>
<div class="">
<span class="badge badge-default">TopMenu Test Feature.Verify User Should Navigate To Desktops Page Successfully</span>
</div>
</td>
</tr>
<tr class="tag-test-status" status="pass">
<td><span class="badge log pass-bg">Pass</span></td>
<td>12:07:38 pm</td>
<td>
<a href="#" class="linked" test-id='214' id='223'>Verify User Should Navigate To Laptops And Notebooks Page Successfully</a>
<div class="">
<span class="badge badge-default">TopMenu Test Feature.Verify User Should Navigate To Laptops And Notebooks Page Successfully</span>
</div>
</td>
</tr>
</tbody>
</table>
</div>
</li>
<li class="test-item">
<div class="test-detail">
<span class="meta">
<span class='badge log pass-bg'>5</span>
</span>
<p class="name">@Sanity</p>
<p class="duration text-sm">5 tests</p>
</div>
<div class="test-contents d-none">
<div class="info">
<h4>@Sanity</h4>
<span status="pass" class='badge log pass-bg'>5 passed</span>
</div>
<table class='table table-sm mt-4'>
<thead>
<tr>
<th class="status-col">Status</th>
<th class="timestamp-col">Timestamp</th>
<th>TestName</th>
</tr>
</thead>
<tbody>
<tr class="tag-test-status" status="pass">
<td><span class="badge log pass-bg">Pass</span></td>
<td>11:58:12 am</td>
<td>
<a href="#" class="linked" test-id='1' id='2'>Verify Product Arrange In Alphabetical Order</a>
<div class="">
<span class="badge badge-default">Desktops Page Test Feature.Verify Product Arrange In Alphabetical Order</span>
</div>
</td>
</tr>
<tr class="tag-test-status" status="pass">
<td><span class="badge log pass-bg">Pass</span></td>
<td>12:05:26 pm</td>
<td>
<a href="#" class="linked" test-id='120' id='121'>User should see the Product price display in High to Low order from Sort by</a>
<div class="">
<span class="badge badge-default">Laptops And Notebooks Page Test Feature.User should see the Product price display in High to Low order from Sort by</span>
</div>
</td>
</tr>
<tr class="tag-test-status" status="pass">
<td><span class="badge log pass-bg">Pass</span></td>
<td>12:06:25 pm</td>
<td>
<a href="#" class="linked" test-id='160' id='161'>Verify That User Should Login And Logout Successfully</a>
<div class="">
<span class="badge badge-default">MyAccount Login Page Test Feature.Verify That User Should Login And Logout Successfully</span>
</div>
</td>
</tr>
<tr class="tag-test-status" status="pass">
<td><span class="badge log pass-bg">Pass</span></td>
<td>12:06:35 pm</td>
<td>
<a href="#" class="linked" test-id='175' id='176'>Verify User Should Navigate To Register Page Successfully</a>
<div class="">
<span class="badge badge-default">MyAccount Register Page Test Feature.Verify User Should Navigate To Register Page Successfully</span>
</div>
</td>
</tr>
<tr class="tag-test-status" status="pass">
<td><span class="badge log pass-bg">Pass</span></td>
<td>12:07:30 pm</td>
<td>
<a href="#" class="linked" test-id='214' id='215'>Verify User Should Navigate To Desktops Page Successfully</a>
<div class="">
<span class="badge badge-default">TopMenu Test Feature.Verify User Should Navigate To Desktops Page Successfully</span>
</div>
</td>
</tr>
</tbody>
</table>
</div>
</li>
<li class="test-item">
<div class="test-detail">
<span class="meta">
<span class='badge log pass-bg'>9</span>
<span class='badge log badge-danger'>7</span>
</span>
<p class="name">@Regression</p>
<p class="duration text-sm">16 tests</p>
</div>
<div class="test-contents d-none">
<div class="info">
<h4>@Regression</h4>
<span status="pass" class='badge log pass-bg'>9 passed</span>
<span status="fail" class='badge log badge-danger'>7 failed</span>
</div>
<table class='table table-sm mt-4'>
<thead>
<tr>
<th class="status-col">Status</th>
<th class="timestamp-col">Timestamp</th>
<th>TestName</th>
</tr>
</thead>
<tbody>
<tr class="tag-test-status" status="pass">
<td><span class="badge log pass-bg">Pass</span></td>
<td>11:58:12 am</td>
<td>
<a href="#" class="linked" test-id='1' id='2'>Verify Product Arrange In Alphabetical Order</a>
<div class="">
<span class="badge badge-default">Desktops Page Test Feature.Verify Product Arrange In Alphabetical Order</span>
</div>
</td>
</tr>
<tr class="tag-test-status" status="fail">
<td><span class="badge log fail-bg">Fail</span></td>
<td>11:58:24 am</td>
<td>
<a href="#" class="linked" test-id='1' id='12'>Verify Product Added To Shopping Cart SuccessFully</a>
<div class="">
<span class="badge badge-default">Desktops Page Test Feature.Verify Product Added To Shopping Cart SuccessFully</span>
</div>
</td>
</tr>
<tr class="tag-test-status" status="fail">
<td><span class="badge log fail-bg">Fail</span></td>
<td>11:59:37 am</td>
<td>
<a href="#" class="linked" test-id='1' id='30'>Verify Product Added To Shopping Cart SuccessFully</a>
<div class="">
<span class="badge badge-default">Desktops Page Test Feature.Verify Product Added To Shopping Cart SuccessFully</span>
</div>
</td>
</tr>
<tr class="tag-test-status" status="fail">
<td><span class="badge log fail-bg">Fail</span></td>
<td>12:00:47 pm</td>
<td>
<a href="#" class="linked" test-id='1' id='48'>Verify Product Added To Shopping Cart SuccessFully</a>
<div class="">
<span class="badge badge-default">Desktops Page Test Feature.Verify Product Added To Shopping Cart SuccessFully</span>
</div>
</td>
</tr>
<tr class="tag-test-status" status="fail">
<td><span class="badge log fail-bg">Fail</span></td>
<td>12:02:05 pm</td>
<td>
<a href="#" class="linked" test-id='1' id='66'>Verify Product Added To Shopping Cart SuccessFully</a>
<div class="">
<span class="badge badge-default">Desktops Page Test Feature.Verify Product Added To Shopping Cart SuccessFully</span>
</div>
</td>
</tr>
<tr class="tag-test-status" status="fail">
<td><span class="badge log fail-bg">Fail</span></td>
<td>12:03:23 pm</td>
<td>
<a href="#" class="linked" test-id='1' id='84'>Verify Product Added To Shopping Cart SuccessFully</a>
<div class="">
<span class="badge badge-default">Desktops Page Test Feature.Verify Product Added To Shopping Cart SuccessFully</span>
</div>
</td>
</tr>
<tr class="tag-test-status" status="fail">
<td><span class="badge log fail-bg">Fail</span></td>
<td>12:04:33 pm</td>
<td>
<a href="#" class="linked" test-id='1' id='102'>Verify Product Added To Shopping Cart SuccessFully</a>
<div class="">
<span class="badge badge-default">Desktops Page Test Feature.Verify Product Added To Shopping Cart SuccessFully</span>
</div>
</td>
</tr>
<tr class="tag-test-status" status="pass">
<td><span class="badge log pass-bg">Pass</span></td>
<td>12:05:26 pm</td>
<td>
<a href="#" class="linked" test-id='120' id='121'>User should see the Product price display in High to Low order from Sort by</a>
<div class="">
<span class="badge badge-default">Laptops And Notebooks Page Test Feature.User should see the Product price display in High to Low order from Sort by</span>
</div>
</td>
</tr>
<tr class="tag-test-status" status="fail">
<td><span class="badge log fail-bg">Fail</span></td>
<td>12:05:34 pm</td>
<td>
<a href="#" class="linked" test-id='120' id='130'>Verify That User Place Order Successfully</a>
<div class="">
<span class="badge badge-default">Laptops And Notebooks Page Test Feature.Verify That User Place Order Successfully</span>
</div>
</td>
</tr>
<tr class="tag-test-status" status="pass">
<td><span class="badge log pass-bg">Pass</span></td>
<td>12:06:25 pm</td>
<td>
<a href="#" class="linked" test-id='160' id='161'>Verify That User Should Login And Logout Successfully</a>
<div class="">
<span class="badge badge-default">MyAccount Login Page Test Feature.Verify That User Should Login And Logout Successfully</span>
</div>
</td>
</tr>
<tr class="tag-test-status" status="pass">
<td><span class="badge log pass-bg">Pass</span></td>
<td>12:06:35 pm</td>
<td>
<a href="#" class="linked" test-id='175' id='176'>Verify User Should Navigate To Register Page Successfully</a>
<div class="">
<span class="badge badge-default">MyAccount Register Page Test Feature.Verify User Should Navigate To Register Page Successfully</span>
</div>
</td>
</tr>
<tr class="tag-test-status" status="pass">
<td><span class="badge log pass-bg">Pass</span></td>
<td>12:07:01 pm</td>
<td>
<a href="#" class="linked" test-id='175' id='184'>Verify User Should Navigate To Login Page Successfully</a>
<div class="">
<span class="badge badge-default">MyAccount Register Page Test Feature.Verify User Should Navigate To Login Page Successfully</span>
</div>
</td>
</tr>
<tr class="tag-test-status" status="pass">
<td><span class="badge log pass-bg">Pass</span></td>
<td>12:07:19 pm</td>
<td>
<a href="#" class="linked" test-id='175' id='192'>Verify That User Register Account Successfully</a>
<div class="">
<span class="badge badge-default">MyAccount Register Page Test Feature.Verify That User Register Account Successfully</span>
</div>
</td>
</tr>
<tr class="tag-test-status" status="pass">
<td><span class="badge log pass-bg">Pass</span></td>
<td>12:07:30 pm</td>
<td>
<a href="#" class="linked" test-id='214' id='215'>Verify User Should Navigate To Desktops Page Successfully</a>
<div class="">
<span class="badge badge-default">TopMenu Test Feature.Verify User Should Navigate To Desktops Page Successfully</span>
</div>
</td>
</tr>
<tr class="tag-test-status" status="pass">
<td><span class="badge log pass-bg">Pass</span></td>
<td>12:07:38 pm</td>
<td>
<a href="#" class="linked" test-id='214' id='223'>Verify User Should Navigate To Laptops And Notebooks Page Successfully</a>
<div class="">
<span class="badge badge-default">TopMenu Test Feature.Verify User Should Navigate To Laptops And Notebooks Page Successfully</span>
</div>
</td>
</tr>
<tr class="tag-test-status" status="pass">
<td><span class="badge log pass-bg">Pass</span></td>
<td>12:07:44 pm</td>
<td>
<a href="#" class="linked" test-id='214' id='231'>Verify User Should Navigate To Components Page Successfully</a>
<div class="">
<span class="badge badge-default">TopMenu Test Feature.Verify User Should Navigate To Components Page Successfully</span>
</div>
</td>
</tr>
</tbody>
</table>
</div>
</li>
</ul>
</div>
</div>
<div class="test-content scrollable">
<div class="test-content-detail">
<div class="detail-body"></div>
</div>
</div>
</div><div class="test-wrapper row view exception-view attributes-view">
<div class="test-list">
<div class="test-list-tools">
<ul class="tools pull-left"><li><a href=""><span class="font-size-14">Exception</span></a></li></ul>
<ul class="tools text-right"><li><a href="#"><span class="badge badge-primary">1</span></a></li></ul>
</div>
<div class="test-list-wrapper scrollable">
<ul class="test-list-item">
<li class="test-item">
<div class="test-detail">
<span class="meta">
<span class='badge log badge-danger'>7</span>
</span>
<p class="name">org.openqa.selenium.NoSuchElementException</p>
<p class="duration text-sm">7 tests</p>
</div>
<div class="test-contents d-none">
<div class="info">
<h4>org.openqa.selenium.NoSuchElementException</h4>
<span status="fail" class='badge log badge-danger'>7 failed</span>
</div>
<table class='table table-sm mt-4'>
<thead>
<tr>
<th class="status-col">Status</th>
<th class="timestamp-col">Timestamp</th>
<th>TestName</th>
</tr>
</thead>
<tbody>
<tr class="tag-test-status" status="fail">
<td><span class="badge log fail-bg">Fail</span></td>
<td>11:58:57 am</td>
<td>
<a href="#" class="linked" test-id='1' id='25'>Then USer should able to verify the text Shopping Cart"Shopping Cart (0.15kg)"</a>
<div class="">
<span class="badge badge-default">Desktops Page Test Feature.Verify Product Added To Shopping Cart SuccessFully.Then USer should able to verify the text Shopping Cart"Shopping Cart (0.15kg)"</span>
</div>
</td>
</tr>
<tr class="tag-test-status" status="fail">
<td><span class="badge log fail-bg">Fail</span></td>
<td>12:00:06 pm</td>
<td>
<a href="#" class="linked" test-id='1' id='43'>Then USer should able to verify the text Shopping Cart"Shopping Cart (10.00kg)"</a>
<div class="">
<span class="badge badge-default">Desktops Page Test Feature.Verify Product Added To Shopping Cart SuccessFully.Then USer should able to verify the text Shopping Cart"Shopping Cart (10.00kg)"</span>
</div>
</td>
</tr>
<tr class="tag-test-status" status="fail">
<td><span class="badge log fail-bg">Fail</span></td>
<td>12:01:25 pm</td>
<td>
<a href="#" class="linked" test-id='1' id='61'>Then USer should able to verify the text Shopping Cart"Shopping Cart (1.00kg)"</a>
<div class="">
<span class="badge badge-default">Desktops Page Test Feature.Verify Product Added To Shopping Cart SuccessFully.Then USer should able to verify the text Shopping Cart"Shopping Cart (1.00kg)"</span>
</div>
</td>
</tr>
<tr class="tag-test-status" status="fail">
<td><span class="badge log fail-bg">Fail</span></td>
<td>12:02:42 pm</td>
<td>
<a href="#" class="linked" test-id='1' id='79'>Then USer should able to verify the text Shopping Cart"Shopping Cart (0.00kg)"</a>
<div class="">
<span class="badge badge-default">Desktops Page Test Feature.Verify Product Added To Shopping Cart SuccessFully.Then USer should able to verify the text Shopping Cart"Shopping Cart (0.00kg)"</span>
</div>
</td>
</tr>
<tr class="tag-test-status" status="fail">
<td><span class="badge log fail-bg">Fail</span></td>
<td>12:03:53 pm</td>
<td>
<a href="#" class="linked" test-id='1' id='97'>Then USer should able to verify the text Shopping Cart"Shopping Cart (0.00kg)"</a>
<div class="">
<span class="badge badge-default">Desktops Page Test Feature.Verify Product Added To Shopping Cart SuccessFully.Then USer should able to verify the text Shopping Cart"Shopping Cart (0.00kg)"</span>
</div>
</td>
</tr>
<tr class="tag-test-status" status="fail">
<td><span class="badge log fail-bg">Fail</span></td>
<td>12:04:46 pm</td>
<td>
<a href="#" class="linked" test-id='1' id='115'>Then USer should able to verify the text Shopping Cart"Shopping Cart (0.00kg)"</a>
<div class="">
<span class="badge badge-default">Desktops Page Test Feature.Verify Product Added To Shopping Cart SuccessFully.Then USer should able to verify the text Shopping Cart"Shopping Cart (0.00kg)"</span>
</div>
</td>
</tr>
<tr class="tag-test-status" status="fail">
<td><span class="badge log fail-bg">Fail</span></td>
<td>12:05:45 pm</td>
<td>
<a href="#" class="linked" test-id='120' id='142'>Then User should able to see "Shopping Cart"</a>
<div class="">
<span class="badge badge-default">Laptops And Notebooks Page Test Feature.Verify That User Place Order Successfully.Then User should able to see "Shopping Cart"</span>
</div>
</td>
</tr>
</tbody>
</table>
</div>
</li>
</ul>
</div>
</div>
<div class="test-content scrollable">
<div class="test-content-detail">
<div class="detail-body"></div>
</div>
</div>
</div>        </div>
      </div>
    </div>
  </div>
<script src="https://cdn.jsdelivr.net/gh/extent-framework/extent-github-cdn@d6562a79075e061305ccfdb82f01e5e195e2d307/spark/js/spark-script.js"></script>
<script type="text/javascript"></script></body>
</html>